[2021-03-09 14:21:01] testing.ERROR: Argument 1 passed to Illuminate\Database\Eloquent\Relations\HasOneOrMany::create() must be of the type array, bool given, called in /home/vagrant/Code/com.pockeyt-api/app/Models/Business/BusinessMessage.php on line 51 {"userId":1,"exception":"[object] (TypeError(code: 0): Argument 1 passed to Illuminate\\Database\\Eloquent\\Relations\\HasOneOrMany::create() must be of the type array, bool given, called in /home/vagrant/Code/com.pockeyt-api/app/Models/Business/BusinessMessage.php on line 51 at /home/vagrant/Code/com.pockeyt-api/vendor/laravel/framework/src/Illuminate/Database/Eloquent/Relations/HasOneOrMany.php:276)
[stacktrace]
#0 /home/vagrant/Code/com.pockeyt-api/app/Models/Business/BusinessMessage.php(51): Illuminate\\Database\\Eloquent\\Relations\\HasOneOrMany->create()
#1 /home/vagrant/Code/com.pockeyt-api/app/Http/Controllers/Business/ReplyController.php(28): App\\Models\\Business\\BusinessMessage->addReply()
#2 [internal function]: App\\Http\\Controllers\\Business\\ReplyController->store()
#3 /home/vagrant/Code/com.pockeyt-api/vendor/laravel/framework/src/Illuminate/Routing/Controller.php(54): call_user_func_array()
#4 /home/vagrant/Code/com.pockeyt-api/vendor/laravel/framework/src/Illuminate/Routing/ControllerDispatcher.php(45): Illuminate\\Routing\\Controller->callAction()
#5 /home/vagrant/Code/com.pockeyt-api/vendor/laravel/framework/src/Illuminate/Routing/Route.php(239): Illuminate\\Routing\\ControllerDispatcher->dispatch()
#6 /home/vagrant/Code/com.pockeyt-api/vendor/laravel/framework/src/Illuminate/Routing/Route.php(196): Illuminate\\Routing\\Route->runController()
#7 /home/vagrant/Code/com.pockeyt-api/vendor/laravel/framework/src/Illuminate/Routing/Router.php(685): Illuminate\\Routing\\Route->run()
#8 /home/vagrant/Code/com.pockeyt-api/vendor/laravel/framework/src/Illuminate/Pipeline/Pipeline.php(128): Illuminate\\Routing\\Router->Illuminate\\Routing\\{closure}()
#9 /home/vagrant/Code/com.pockeyt-api/app/Http/Middleware/Csrf.php(20): Illuminate\\Pipeline\\Pipeline->Illuminate\\Pipeline\\{closure}()
#10 /home/vagrant/Code/com.pockeyt-api/vendor/laravel/framework/src/Illuminate/Pipeline/Pipeline.php(167): App\\Http\\Middleware\\Csrf->handle()
#11 /home/vagrant/Code/com.pockeyt-api/vendor/laravel/framework/src/Illuminate/Routing/Middleware/SubstituteBindings.php(41): Illuminate\\Pipeline\\Pipeline->Illuminate\\Pipeline\\{closure}()
#12 /home/vagrant/Code/com.pockeyt-api/vendor/laravel/framework/src/Illuminate/Pipeline/Pipeline.php(167): Illuminate\\Routing\\Middleware\\SubstituteBindings->handle()
#13 /home/vagrant/Code/com.pockeyt-api/vendor/laravel/framework/src/Illuminate/Auth/Middleware/Authenticate.php(44): Illuminate\\Pipeline\\Pipeline->Illuminate\\Pipeline\\{closure}()
#14 /home/vagrant/Code/com.pockeyt-api/vendor/laravel/framework/src/Illuminate/Pipeline/Pipeline.php(167): Illuminate\\Auth\\Middleware\\Authenticate->handle()
#15 /home/vagrant/Code/com.pockeyt-api/vendor/laravel/framework/src/Illuminate/Routing/Middleware/ThrottleRequests.php(59): Illuminate\\Pipeline\\Pipeline->Illuminate\\Pipeline\\{closure}()
#16 /home/vagrant/Code/com.pockeyt-api/vendor/laravel/framework/src/Illuminate/Pipeline/Pipeline.php(167): Illuminate\\Routing\\Middleware\\ThrottleRequests->handle()
#17 /home/vagrant/Code/com.pockeyt-api/vendor/laravel/framework/src/Illuminate/Pipeline/Pipeline.php(103): Illuminate\\Pipeline\\Pipeline->Illuminate\\Pipeline\\{closure}()
#18 /home/vagrant/Code/com.pockeyt-api/vendor/laravel/framework/src/Illuminate/Routing/Router.php(687): Illuminate\\Pipeline\\Pipeline->then()
#19 /home/vagrant/Code/com.pockeyt-api/vendor/laravel/framework/src/Illuminate/Routing/Router.php(662): Illuminate\\Routing\\Router->runRouteWithinStack()
#20 /home/vagrant/Code/com.pockeyt-api/vendor/laravel/framework/src/Illuminate/Routing/Router.php(628): Illuminate\\Routing\\Router->runRoute()
#21 /home/vagrant/Code/com.pockeyt-api/vendor/laravel/framework/src/Illuminate/Routing/Router.php(617): Illuminate\\Routing\\Router->dispatchToRoute()
#22 /home/vagrant/Code/com.pockeyt-api/vendor/laravel/framework/src/Illuminate/Foundation/Http/Kernel.php(165): Illuminate\\Routing\\Router->dispatch()
#23 /home/vagrant/Code/com.pockeyt-api/vendor/laravel/framework/src/Illuminate/Pipeline/Pipeline.php(128): Illuminate\\Foundation\\Http\\Kernel->Illuminate\\Foundation\\Http\\{closure}()
#24 /home/vagrant/Code/com.pockeyt-api/vendor/fruitcake/laravel-cors/src/HandleCors.php(37): Illuminate\\Pipeline\\Pipeline->Illuminate\\Pipeline\\{closure}()
#25 /home/vagrant/Code/com.pockeyt-api/vendor/laravel/framework/src/Illuminate/Pipeline/Pipeline.php(167): Fruitcake\\Cors\\HandleCors->handle()
#26 /home/vagrant/Code/com.pockeyt-api/vendor/fideloper/proxy/src/TrustProxies.php(57): Illuminate\\Pipeline\\Pipeline->Illuminate\\Pipeline\\{closure}()
#27 /home/vagrant/Code/com.pockeyt-api/vendor/laravel/framework/src/Illuminate/Pipeline/Pipeline.php(167): Fideloper\\Proxy\\TrustProxies->handle()
#28 /home/vagrant/Code/com.pockeyt-api/vendor/laravel/framework/src/Illuminate/Foundation/Http/Middleware/TransformsRequest.php(21): Illuminate\\Pipeline\\Pipeline->Illuminate\\Pipeline\\{closure}()
#29 /home/vagrant/Code/com.pockeyt-api/vendor/laravel/framework/src/Illuminate/Pipeline/Pipeline.php(167): Illuminate\\Foundation\\Http\\Middleware\\TransformsRequest->handle()
#30 /home/vagrant/Code/com.pockeyt-api/vendor/laravel/framework/src/Illuminate/Foundation/Http/Middleware/TransformsRequest.php(21): Illuminate\\Pipeline\\Pipeline->Illuminate\\Pipeline\\{closure}()
#31 /home/vagrant/Code/com.pockeyt-api/vendor/laravel/framework/src/Illuminate/Pipeline/Pipeline.php(167): Illuminate\\Foundation\\Http\\Middleware\\TransformsRequest->handle()
#32 /home/vagrant/Code/com.pockeyt-api/vendor/laravel/framework/src/Illuminate/Foundation/Http/Middleware/ValidatePostSize.php(27): Illuminate\\Pipeline\\Pipeline->Illuminate\\Pipeline\\{closure}()
#33 /home/vagrant/Code/com.pockeyt-api/vendor/laravel/framework/src/Illuminate/Pipeline/Pipeline.php(167): Illuminate\\Foundation\\Http\\Middleware\\ValidatePostSize->handle()
#34 /home/vagrant/Code/com.pockeyt-api/vendor/laravel/framework/src/Illuminate/Foundation/Http/Middleware/CheckForMaintenanceMode.php(63): Illuminate\\Pipeline\\Pipeline->Illuminate\\Pipeline\\{closure}()
#35 /home/vagrant/Code/com.pockeyt-api/vendor/laravel/framework/src/Illuminate/Pipeline/Pipeline.php(167): Illuminate\\Foundation\\Http\\Middleware\\CheckForMaintenanceMode->handle()
#36 /home/vagrant/Code/com.pockeyt-api/vendor/laravel/framework/src/Illuminate/Pipeline/Pipeline.php(103): Illuminate\\Pipeline\\Pipeline->Illuminate\\Pipeline\\{closure}()
#37 /home/vagrant/Code/com.pockeyt-api/vendor/laravel/framework/src/Illuminate/Foundation/Http/Kernel.php(140): Illuminate\\Pipeline\\Pipeline->then()
#38 /home/vagrant/Code/com.pockeyt-api/vendor/laravel/framework/src/Illuminate/Foundation/Http/Kernel.php(109): Illuminate\\Foundation\\Http\\Kernel->sendRequestThroughRouter()
#39 /home/vagrant/Code/com.pockeyt-api/vendor/laravel/framework/src/Illuminate/Foundation/Testing/Concerns/MakesHttpRequests.php(468): Illuminate\\Foundation\\Http\\Kernel->handle()
#40 /home/vagrant/Code/com.pockeyt-api/vendor/laravel/framework/src/Illuminate/Foundation/Testing/Concerns/MakesHttpRequests.php(286): Illuminate\\Foundation\\Testing\\TestCase->call()
#41 /home/vagrant/Code/com.pockeyt-api/tests/TestCase.php(36): Illuminate\\Foundation\\Testing\\TestCase->post()
#42 /home/vagrant/Code/com.pockeyt-api/tests/Feature/Business/BusinessMessageReplyTest.php(53): Tests\\TestCase->send()
#43 /home/vagrant/Code/com.pockeyt-api/vendor/phpunit/phpunit/src/Framework/TestCase.php(1415): Tests\\Feature\\Business\\BusinessMessageReplyTest->test_an_auth_business_can_create_a_reply()
#44 /home/vagrant/Code/com.pockeyt-api/vendor/phpunit/phpunit/src/Framework/TestCase.php(1035): PHPUnit\\Framework\\TestCase->runTest()
#45 /home/vagrant/Code/com.pockeyt-api/vendor/phpunit/phpunit/src/Framework/TestResult.php(691): PHPUnit\\Framework\\TestCase->runBare()
#46 /home/vagrant/Code/com.pockeyt-api/vendor/phpunit/phpunit/src/Framework/TestCase.php(763): PHPUnit\\Framework\\TestResult->run()
#47 /home/vagrant/Code/com.pockeyt-api/vendor/phpunit/phpunit/src/Framework/TestSuite.php(597): PHPUnit\\Framework\\TestCase->run()
#48 /home/vagrant/Code/com.pockeyt-api/vendor/phpunit/phpunit/src/Framework/TestSuite.php(597): PHPUnit\\Framework\\TestSuite->run()
#49 /home/vagrant/Code/com.pockeyt-api/vendor/phpunit/phpunit/src/Framework/TestSuite.php(597): PHPUnit\\Framework\\TestSuite->run()
#50 /home/vagrant/Code/com.pockeyt-api/vendor/phpunit/phpunit/src/TextUI/TestRunner.php(621): PHPUnit\\Framework\\TestSuite->run()
#51 /home/vagrant/Code/com.pockeyt-api/vendor/phpunit/phpunit/src/TextUI/Command.php(204): PHPUnit\\TextUI\\TestRunner->doRun()
#52 /home/vagrant/Code/com.pockeyt-api/vendor/phpunit/phpunit/src/TextUI/Command.php(163): PHPUnit\\TextUI\\Command->run()
#53 /home/vagrant/Code/com.pockeyt-api/vendor/phpunit/phpunit/phpunit(61): PHPUnit\\TextUI\\Command::main()
#54 {main}
"} 
[2021-03-09 14:21:46] testing.ERROR: Argument 1 passed to Illuminate\Database\Eloquent\Relations\HasOneOrMany::create() must be of the type array, bool given, called in /home/vagrant/Code/com.pockeyt-api/app/Models/Business/BusinessMessage.php on line 51 {"userId":1,"exception":"[object] (TypeError(code: 0): Argument 1 passed to Illuminate\\Database\\Eloquent\\Relations\\HasOneOrMany::create() must be of the type array, bool given, called in /home/vagrant/Code/com.pockeyt-api/app/Models/Business/BusinessMessage.php on line 51 at /home/vagrant/Code/com.pockeyt-api/vendor/laravel/framework/src/Illuminate/Database/Eloquent/Relations/HasOneOrMany.php:276)
[stacktrace]
#0 /home/vagrant/Code/com.pockeyt-api/app/Models/Business/BusinessMessage.php(51): Illuminate\\Database\\Eloquent\\Relations\\HasOneOrMany->create()
#1 /home/vagrant/Code/com.pockeyt-api/app/Http/Controllers/Business/ReplyController.php(28): App\\Models\\Business\\BusinessMessage->addReply()
#2 [internal function]: App\\Http\\Controllers\\Business\\ReplyController->store()
#3 /home/vagrant/Code/com.pockeyt-api/vendor/laravel/framework/src/Illuminate/Routing/Controller.php(54): call_user_func_array()
#4 /home/vagrant/Code/com.pockeyt-api/vendor/laravel/framework/src/Illuminate/Routing/ControllerDispatcher.php(45): Illuminate\\Routing\\Controller->callAction()
#5 /home/vagrant/Code/com.pockeyt-api/vendor/laravel/framework/src/Illuminate/Routing/Route.php(239): Illuminate\\Routing\\ControllerDispatcher->dispatch()
#6 /home/vagrant/Code/com.pockeyt-api/vendor/laravel/framework/src/Illuminate/Routing/Route.php(196): Illuminate\\Routing\\Route->runController()
#7 /home/vagrant/Code/com.pockeyt-api/vendor/laravel/framework/src/Illuminate/Routing/Router.php(685): Illuminate\\Routing\\Route->run()
#8 /home/vagrant/Code/com.pockeyt-api/vendor/laravel/framework/src/Illuminate/Pipeline/Pipeline.php(128): Illuminate\\Routing\\Router->Illuminate\\Routing\\{closure}()
#9 /home/vagrant/Code/com.pockeyt-api/app/Http/Middleware/Csrf.php(20): Illuminate\\Pipeline\\Pipeline->Illuminate\\Pipeline\\{closure}()
#10 /home/vagrant/Code/com.pockeyt-api/vendor/laravel/framework/src/Illuminate/Pipeline/Pipeline.php(167): App\\Http\\Middleware\\Csrf->handle()
#11 /home/vagrant/Code/com.pockeyt-api/vendor/laravel/framework/src/Illuminate/Routing/Middleware/SubstituteBindings.php(41): Illuminate\\Pipeline\\Pipeline->Illuminate\\Pipeline\\{closure}()
#12 /home/vagrant/Code/com.pockeyt-api/vendor/laravel/framework/src/Illuminate/Pipeline/Pipeline.php(167): Illuminate\\Routing\\Middleware\\SubstituteBindings->handle()
#13 /home/vagrant/Code/com.pockeyt-api/vendor/laravel/framework/src/Illuminate/Auth/Middleware/Authenticate.php(44): Illuminate\\Pipeline\\Pipeline->Illuminate\\Pipeline\\{closure}()
#14 /home/vagrant/Code/com.pockeyt-api/vendor/laravel/framework/src/Illuminate/Pipeline/Pipeline.php(167): Illuminate\\Auth\\Middleware\\Authenticate->handle()
#15 /home/vagrant/Code/com.pockeyt-api/vendor/laravel/framework/src/Illuminate/Routing/Middleware/ThrottleRequests.php(59): Illuminate\\Pipeline\\Pipeline->Illuminate\\Pipeline\\{closure}()
#16 /home/vagrant/Code/com.pockeyt-api/vendor/laravel/framework/src/Illuminate/Pipeline/Pipeline.php(167): Illuminate\\Routing\\Middleware\\ThrottleRequests->handle()
#17 /home/vagrant/Code/com.pockeyt-api/vendor/laravel/framework/src/Illuminate/Pipeline/Pipeline.php(103): Illuminate\\Pipeline\\Pipeline->Illuminate\\Pipeline\\{closure}()
#18 /home/vagrant/Code/com.pockeyt-api/vendor/laravel/framework/src/Illuminate/Routing/Router.php(687): Illuminate\\Pipeline\\Pipeline->then()
#19 /home/vagrant/Code/com.pockeyt-api/vendor/laravel/framework/src/Illuminate/Routing/Router.php(662): Illuminate\\Routing\\Router->runRouteWithinStack()
#20 /home/vagrant/Code/com.pockeyt-api/vendor/laravel/framework/src/Illuminate/Routing/Router.php(628): Illuminate\\Routing\\Router->runRoute()
#21 /home/vagrant/Code/com.pockeyt-api/vendor/laravel/framework/src/Illuminate/Routing/Router.php(617): Illuminate\\Routing\\Router->dispatchToRoute()
#22 /home/vagrant/Code/com.pockeyt-api/vendor/laravel/framework/src/Illuminate/Foundation/Http/Kernel.php(165): Illuminate\\Routing\\Router->dispatch()
#23 /home/vagrant/Code/com.pockeyt-api/vendor/laravel/framework/src/Illuminate/Pipeline/Pipeline.php(128): Illuminate\\Foundation\\Http\\Kernel->Illuminate\\Foundation\\Http\\{closure}()
#24 /home/vagrant/Code/com.pockeyt-api/vendor/fruitcake/laravel-cors/src/HandleCors.php(37): Illuminate\\Pipeline\\Pipeline->Illuminate\\Pipeline\\{closure}()
#25 /home/vagrant/Code/com.pockeyt-api/vendor/laravel/framework/src/Illuminate/Pipeline/Pipeline.php(167): Fruitcake\\Cors\\HandleCors->handle()
#26 /home/vagrant/Code/com.pockeyt-api/vendor/fideloper/proxy/src/TrustProxies.php(57): Illuminate\\Pipeline\\Pipeline->Illuminate\\Pipeline\\{closure}()
#27 /home/vagrant/Code/com.pockeyt-api/vendor/laravel/framework/src/Illuminate/Pipeline/Pipeline.php(167): Fideloper\\Proxy\\TrustProxies->handle()
#28 /home/vagrant/Code/com.pockeyt-api/vendor/laravel/framework/src/Illuminate/Foundation/Http/Middleware/TransformsRequest.php(21): Illuminate\\Pipeline\\Pipeline->Illuminate\\Pipeline\\{closure}()
#29 /home/vagrant/Code/com.pockeyt-api/vendor/laravel/framework/src/Illuminate/Pipeline/Pipeline.php(167): Illuminate\\Foundation\\Http\\Middleware\\TransformsRequest->handle()
#30 /home/vagrant/Code/com.pockeyt-api/vendor/laravel/framework/src/Illuminate/Foundation/Http/Middleware/TransformsRequest.php(21): Illuminate\\Pipeline\\Pipeline->Illuminate\\Pipeline\\{closure}()
#31 /home/vagrant/Code/com.pockeyt-api/vendor/laravel/framework/src/Illuminate/Pipeline/Pipeline.php(167): Illuminate\\Foundation\\Http\\Middleware\\TransformsRequest->handle()
#32 /home/vagrant/Code/com.pockeyt-api/vendor/laravel/framework/src/Illuminate/Foundation/Http/Middleware/ValidatePostSize.php(27): Illuminate\\Pipeline\\Pipeline->Illuminate\\Pipeline\\{closure}()
#33 /home/vagrant/Code/com.pockeyt-api/vendor/laravel/framework/src/Illuminate/Pipeline/Pipeline.php(167): Illuminate\\Foundation\\Http\\Middleware\\ValidatePostSize->handle()
#34 /home/vagrant/Code/com.pockeyt-api/vendor/laravel/framework/src/Illuminate/Foundation/Http/Middleware/CheckForMaintenanceMode.php(63): Illuminate\\Pipeline\\Pipeline->Illuminate\\Pipeline\\{closure}()
#35 /home/vagrant/Code/com.pockeyt-api/vendor/laravel/framework/src/Illuminate/Pipeline/Pipeline.php(167): Illuminate\\Foundation\\Http\\Middleware\\CheckForMaintenanceMode->handle()
#36 /home/vagrant/Code/com.pockeyt-api/vendor/laravel/framework/src/Illuminate/Pipeline/Pipeline.php(103): Illuminate\\Pipeline\\Pipeline->Illuminate\\Pipeline\\{closure}()
#37 /home/vagrant/Code/com.pockeyt-api/vendor/laravel/framework/src/Illuminate/Foundation/Http/Kernel.php(140): Illuminate\\Pipeline\\Pipeline->then()
#38 /home/vagrant/Code/com.pockeyt-api/vendor/laravel/framework/src/Illuminate/Foundation/Http/Kernel.php(109): Illuminate\\Foundation\\Http\\Kernel->sendRequestThroughRouter()
#39 /home/vagrant/Code/com.pockeyt-api/vendor/laravel/framework/src/Illuminate/Foundation/Testing/Concerns/MakesHttpRequests.php(468): Illuminate\\Foundation\\Http\\Kernel->handle()
#40 /home/vagrant/Code/com.pockeyt-api/vendor/laravel/framework/src/Illuminate/Foundation/Testing/Concerns/MakesHttpRequests.php(286): Illuminate\\Foundation\\Testing\\TestCase->call()
#41 /home/vagrant/Code/com.pockeyt-api/tests/TestCase.php(36): Illuminate\\Foundation\\Testing\\TestCase->post()
#42 /home/vagrant/Code/com.pockeyt-api/tests/Feature/Business/BusinessMessageReplyTest.php(53): Tests\\TestCase->send()
#43 /home/vagrant/Code/com.pockeyt-api/vendor/phpunit/phpunit/src/Framework/TestCase.php(1415): Tests\\Feature\\Business\\BusinessMessageReplyTest->test_an_auth_business_can_create_a_reply()
#44 /home/vagrant/Code/com.pockeyt-api/vendor/phpunit/phpunit/src/Framework/TestCase.php(1035): PHPUnit\\Framework\\TestCase->runTest()
#45 /home/vagrant/Code/com.pockeyt-api/vendor/phpunit/phpunit/src/Framework/TestResult.php(691): PHPUnit\\Framework\\TestCase->runBare()
#46 /home/vagrant/Code/com.pockeyt-api/vendor/phpunit/phpunit/src/Framework/TestCase.php(763): PHPUnit\\Framework\\TestResult->run()
#47 /home/vagrant/Code/com.pockeyt-api/vendor/phpunit/phpunit/src/Framework/TestSuite.php(597): PHPUnit\\Framework\\TestCase->run()
#48 /home/vagrant/Code/com.pockeyt-api/vendor/phpunit/phpunit/src/Framework/TestSuite.php(597): PHPUnit\\Framework\\TestSuite->run()
#49 /home/vagrant/Code/com.pockeyt-api/vendor/phpunit/phpunit/src/Framework/TestSuite.php(597): PHPUnit\\Framework\\TestSuite->run()
#50 /home/vagrant/Code/com.pockeyt-api/vendor/phpunit/phpunit/src/TextUI/TestRunner.php(621): PHPUnit\\Framework\\TestSuite->run()
#51 /home/vagrant/Code/com.pockeyt-api/vendor/phpunit/phpunit/src/TextUI/Command.php(204): PHPUnit\\TextUI\\TestRunner->doRun()
#52 /home/vagrant/Code/com.pockeyt-api/vendor/phpunit/phpunit/src/TextUI/Command.php(163): PHPUnit\\TextUI\\Command->run()
#53 /home/vagrant/Code/com.pockeyt-api/vendor/phpunit/phpunit/phpunit(61): PHPUnit\\TextUI\\Command::main()
#54 {main}
"} 
