[2020-07-19 23:31:49] testing.ERROR: The token has been blacklisted {"userId":1,"exception":"[object] (Tymon\\JWTAuth\\Exceptions\\TokenBlacklistedException(code: 0): The token has been blacklisted at /home/vagrant/Code/com.pockeyt-api/vendor/tymon/jwt-auth/src/Manager.php:109)
[stacktrace]
#0 /home/vagrant/Code/com.pockeyt-api/vendor/tymon/jwt-auth/src/Manager.php(128): Tymon\\JWTAuth\\Manager->decode()
#1 /home/vagrant/Code/com.pockeyt-api/vendor/tymon/jwt-auth/src/JWT.php(106): Tymon\\JWTAuth\\Manager->refresh()
#2 /home/vagrant/Code/com.pockeyt-api/vendor/tymon/jwt-auth/src/JWTGuard.php(173): Tymon\\JWTAuth\\JWT->refresh()
#3 /home/vagrant/Code/com.pockeyt-api/app/Models/Business/Business.php(111): Tymon\\JWTAuth\\JWTGuard->refresh()
#4 /home/vagrant/Code/com.pockeyt-api/app/Models/Business/Business.php(115): App\\Models\\Business\\Business::refreshToken()
#5 /home/vagrant/Code/com.pockeyt-api/app/Http/Controllers/Business/AuthController.php(35): App\\Models\\Business\\Business::updateToken()
#6 [internal function]: App\\Http\\Controllers\\Business\\AuthController->refresh()
#7 /home/vagrant/Code/com.pockeyt-api/vendor/laravel/framework/src/Illuminate/Routing/Controller.php(54): call_user_func_array()
#8 /home/vagrant/Code/com.pockeyt-api/vendor/laravel/framework/src/Illuminate/Routing/ControllerDispatcher.php(45): Illuminate\\Routing\\Controller->callAction()
#9 /home/vagrant/Code/com.pockeyt-api/vendor/laravel/framework/src/Illuminate/Routing/Route.php(239): Illuminate\\Routing\\ControllerDispatcher->dispatch()
#10 /home/vagrant/Code/com.pockeyt-api/vendor/laravel/framework/src/Illuminate/Routing/Route.php(196): Illuminate\\Routing\\Route->runController()
#11 /home/vagrant/Code/com.pockeyt-api/vendor/laravel/framework/src/Illuminate/Routing/Router.php(685): Illuminate\\Routing\\Route->run()
#12 /home/vagrant/Code/com.pockeyt-api/vendor/laravel/framework/src/Illuminate/Pipeline/Pipeline.php(128): Illuminate\\Routing\\Router->Illuminate\\Routing\\{closure}()
#13 /home/vagrant/Code/com.pockeyt-api/vendor/laravel/framework/src/Illuminate/Routing/Middleware/SubstituteBindings.php(41): Illuminate\\Pipeline\\Pipeline->Illuminate\\Pipeline\\{closure}()
#14 /home/vagrant/Code/com.pockeyt-api/vendor/laravel/framework/src/Illuminate/Pipeline/Pipeline.php(167): Illuminate\\Routing\\Middleware\\SubstituteBindings->handle()
#15 /home/vagrant/Code/com.pockeyt-api/vendor/laravel/framework/src/Illuminate/Auth/Middleware/Authenticate.php(44): Illuminate\\Pipeline\\Pipeline->Illuminate\\Pipeline\\{closure}()
#16 /home/vagrant/Code/com.pockeyt-api/vendor/laravel/framework/src/Illuminate/Pipeline/Pipeline.php(167): Illuminate\\Auth\\Middleware\\Authenticate->handle()
#17 /home/vagrant/Code/com.pockeyt-api/vendor/laravel/framework/src/Illuminate/Routing/Middleware/ThrottleRequests.php(59): Illuminate\\Pipeline\\Pipeline->Illuminate\\Pipeline\\{closure}()
#18 /home/vagrant/Code/com.pockeyt-api/vendor/laravel/framework/src/Illuminate/Pipeline/Pipeline.php(167): Illuminate\\Routing\\Middleware\\ThrottleRequests->handle()
#19 /home/vagrant/Code/com.pockeyt-api/vendor/laravel/framework/src/Illuminate/Pipeline/Pipeline.php(103): Illuminate\\Pipeline\\Pipeline->Illuminate\\Pipeline\\{closure}()
#20 /home/vagrant/Code/com.pockeyt-api/vendor/laravel/framework/src/Illuminate/Routing/Router.php(687): Illuminate\\Pipeline\\Pipeline->then()
#21 /home/vagrant/Code/com.pockeyt-api/vendor/laravel/framework/src/Illuminate/Routing/Router.php(662): Illuminate\\Routing\\Router->runRouteWithinStack()
#22 /home/vagrant/Code/com.pockeyt-api/vendor/laravel/framework/src/Illuminate/Routing/Router.php(628): Illuminate\\Routing\\Router->runRoute()
#23 /home/vagrant/Code/com.pockeyt-api/vendor/laravel/framework/src/Illuminate/Routing/Router.php(617): Illuminate\\Routing\\Router->dispatchToRoute()
#24 /home/vagrant/Code/com.pockeyt-api/vendor/laravel/framework/src/Illuminate/Foundation/Http/Kernel.php(165): Illuminate\\Routing\\Router->dispatch()
#25 /home/vagrant/Code/com.pockeyt-api/vendor/laravel/framework/src/Illuminate/Pipeline/Pipeline.php(128): Illuminate\\Foundation\\Http\\Kernel->Illuminate\\Foundation\\Http\\{closure}()
#26 /home/vagrant/Code/com.pockeyt-api/vendor/fruitcake/laravel-cors/src/HandleCors.php(37): Illuminate\\Pipeline\\Pipeline->Illuminate\\Pipeline\\{closure}()
#27 /home/vagrant/Code/com.pockeyt-api/vendor/laravel/framework/src/Illuminate/Pipeline/Pipeline.php(167): Fruitcake\\Cors\\HandleCors->handle()
#28 /home/vagrant/Code/com.pockeyt-api/vendor/fideloper/proxy/src/TrustProxies.php(57): Illuminate\\Pipeline\\Pipeline->Illuminate\\Pipeline\\{closure}()
#29 /home/vagrant/Code/com.pockeyt-api/vendor/laravel/framework/src/Illuminate/Pipeline/Pipeline.php(167): Fideloper\\Proxy\\TrustProxies->handle()
#30 /home/vagrant/Code/com.pockeyt-api/vendor/laravel/framework/src/Illuminate/Foundation/Http/Middleware/TransformsRequest.php(21): Illuminate\\Pipeline\\Pipeline->Illuminate\\Pipeline\\{closure}()
#31 /home/vagrant/Code/com.pockeyt-api/vendor/laravel/framework/src/Illuminate/Pipeline/Pipeline.php(167): Illuminate\\Foundation\\Http\\Middleware\\TransformsRequest->handle()
#32 /home/vagrant/Code/com.pockeyt-api/vendor/laravel/framework/src/Illuminate/Foundation/Http/Middleware/TransformsRequest.php(21): Illuminate\\Pipeline\\Pipeline->Illuminate\\Pipeline\\{closure}()
#33 /home/vagrant/Code/com.pockeyt-api/vendor/laravel/framework/src/Illuminate/Pipeline/Pipeline.php(167): Illuminate\\Foundation\\Http\\Middleware\\TransformsRequest->handle()
#34 /home/vagrant/Code/com.pockeyt-api/vendor/laravel/framework/src/Illuminate/Foundation/Http/Middleware/ValidatePostSize.php(27): Illuminate\\Pipeline\\Pipeline->Illuminate\\Pipeline\\{closure}()
#35 /home/vagrant/Code/com.pockeyt-api/vendor/laravel/framework/src/Illuminate/Pipeline/Pipeline.php(167): Illuminate\\Foundation\\Http\\Middleware\\ValidatePostSize->handle()
#36 /home/vagrant/Code/com.pockeyt-api/vendor/laravel/framework/src/Illuminate/Foundation/Http/Middleware/CheckForMaintenanceMode.php(63): Illuminate\\Pipeline\\Pipeline->Illuminate\\Pipeline\\{closure}()
#37 /home/vagrant/Code/com.pockeyt-api/vendor/laravel/framework/src/Illuminate/Pipeline/Pipeline.php(167): Illuminate\\Foundation\\Http\\Middleware\\CheckForMaintenanceMode->handle()
#38 /home/vagrant/Code/com.pockeyt-api/vendor/laravel/framework/src/Illuminate/Pipeline/Pipeline.php(103): Illuminate\\Pipeline\\Pipeline->Illuminate\\Pipeline\\{closure}()
#39 /home/vagrant/Code/com.pockeyt-api/vendor/laravel/framework/src/Illuminate/Foundation/Http/Kernel.php(140): Illuminate\\Pipeline\\Pipeline->then()
#40 /home/vagrant/Code/com.pockeyt-api/vendor/laravel/framework/src/Illuminate/Foundation/Http/Kernel.php(109): Illuminate\\Foundation\\Http\\Kernel->sendRequestThroughRouter()
#41 /home/vagrant/Code/com.pockeyt-api/vendor/laravel/framework/src/Illuminate/Foundation/Testing/Concerns/MakesHttpRequests.php(468): Illuminate\\Foundation\\Http\\Kernel->handle()
#42 /home/vagrant/Code/com.pockeyt-api/vendor/laravel/framework/src/Illuminate/Foundation/Testing/Concerns/MakesHttpRequests.php(440): Illuminate\\Foundation\\Testing\\TestCase->call()
#43 /home/vagrant/Code/com.pockeyt-api/tests/Feature/Business/AuthTest.php(159): Illuminate\\Foundation\\Testing\\TestCase->json()
#44 /home/vagrant/Code/com.pockeyt-api/vendor/phpunit/phpunit/src/Framework/TestCase.php(1415): Tests\\Feature\\Business\\AuthTest->test_a_logged_in_business_can_refresh_their_token()
#45 /home/vagrant/Code/com.pockeyt-api/vendor/phpunit/phpunit/src/Framework/TestCase.php(1035): PHPUnit\\Framework\\TestCase->runTest()
#46 /home/vagrant/Code/com.pockeyt-api/vendor/phpunit/phpunit/src/Framework/TestResult.php(691): PHPUnit\\Framework\\TestCase->runBare()
#47 /home/vagrant/Code/com.pockeyt-api/vendor/phpunit/phpunit/src/Framework/TestCase.php(763): PHPUnit\\Framework\\TestResult->run()
#48 /home/vagrant/Code/com.pockeyt-api/vendor/phpunit/phpunit/src/Framework/TestSuite.php(597): PHPUnit\\Framework\\TestCase->run()
#49 /home/vagrant/Code/com.pockeyt-api/vendor/phpunit/phpunit/src/Framework/TestSuite.php(597): PHPUnit\\Framework\\TestSuite->run()
#50 /home/vagrant/Code/com.pockeyt-api/vendor/phpunit/phpunit/src/Framework/TestSuite.php(597): PHPUnit\\Framework\\TestSuite->run()
#51 /home/vagrant/Code/com.pockeyt-api/vendor/phpunit/phpunit/src/TextUI/TestRunner.php(621): PHPUnit\\Framework\\TestSuite->run()
#52 /home/vagrant/Code/com.pockeyt-api/vendor/phpunit/phpunit/src/TextUI/Command.php(204): PHPUnit\\TextUI\\TestRunner->doRun()
#53 /home/vagrant/Code/com.pockeyt-api/vendor/phpunit/phpunit/src/TextUI/Command.php(163): PHPUnit\\TextUI\\Command->run()
#54 /home/vagrant/Code/com.pockeyt-api/vendor/phpunit/phpunit/phpunit(61): PHPUnit\\TextUI\\Command::main()
#55 {main}
"} 
[2020-07-19 23:32:55] testing.ERROR: The token has been blacklisted {"userId":1,"exception":"[object] (Tymon\\JWTAuth\\Exceptions\\TokenBlacklistedException(code: 0): The token has been blacklisted at /home/vagrant/Code/com.pockeyt-api/vendor/tymon/jwt-auth/src/Manager.php:109)
[stacktrace]
#0 /home/vagrant/Code/com.pockeyt-api/vendor/tymon/jwt-auth/src/Manager.php(128): Tymon\\JWTAuth\\Manager->decode()
#1 /home/vagrant/Code/com.pockeyt-api/vendor/tymon/jwt-auth/src/JWT.php(106): Tymon\\JWTAuth\\Manager->refresh()
#2 /home/vagrant/Code/com.pockeyt-api/vendor/tymon/jwt-auth/src/JWTGuard.php(173): Tymon\\JWTAuth\\JWT->refresh()
#3 /home/vagrant/Code/com.pockeyt-api/app/Models/Customer/Customer.php(111): Tymon\\JWTAuth\\JWTGuard->refresh()
#4 /home/vagrant/Code/com.pockeyt-api/app/Models/Customer/Customer.php(115): App\\Models\\Customer\\Customer::refreshToken()
#5 /home/vagrant/Code/com.pockeyt-api/app/Http/Controllers/Customer/AuthController.php(40): App\\Models\\Customer\\Customer::updateToken()
#6 [internal function]: App\\Http\\Controllers\\Customer\\AuthController->refresh()
#7 /home/vagrant/Code/com.pockeyt-api/vendor/laravel/framework/src/Illuminate/Routing/Controller.php(54): call_user_func_array()
#8 /home/vagrant/Code/com.pockeyt-api/vendor/laravel/framework/src/Illuminate/Routing/ControllerDispatcher.php(45): Illuminate\\Routing\\Controller->callAction()
#9 /home/vagrant/Code/com.pockeyt-api/vendor/laravel/framework/src/Illuminate/Routing/Route.php(239): Illuminate\\Routing\\ControllerDispatcher->dispatch()
#10 /home/vagrant/Code/com.pockeyt-api/vendor/laravel/framework/src/Illuminate/Routing/Route.php(196): Illuminate\\Routing\\Route->runController()
#11 /home/vagrant/Code/com.pockeyt-api/vendor/laravel/framework/src/Illuminate/Routing/Router.php(685): Illuminate\\Routing\\Route->run()
#12 /home/vagrant/Code/com.pockeyt-api/vendor/laravel/framework/src/Illuminate/Pipeline/Pipeline.php(128): Illuminate\\Routing\\Router->Illuminate\\Routing\\{closure}()
#13 /home/vagrant/Code/com.pockeyt-api/vendor/laravel/framework/src/Illuminate/Routing/Middleware/SubstituteBindings.php(41): Illuminate\\Pipeline\\Pipeline->Illuminate\\Pipeline\\{closure}()
#14 /home/vagrant/Code/com.pockeyt-api/vendor/laravel/framework/src/Illuminate/Pipeline/Pipeline.php(167): Illuminate\\Routing\\Middleware\\SubstituteBindings->handle()
#15 /home/vagrant/Code/com.pockeyt-api/vendor/laravel/framework/src/Illuminate/Auth/Middleware/Authenticate.php(44): Illuminate\\Pipeline\\Pipeline->Illuminate\\Pipeline\\{closure}()
#16 /home/vagrant/Code/com.pockeyt-api/vendor/laravel/framework/src/Illuminate/Pipeline/Pipeline.php(167): Illuminate\\Auth\\Middleware\\Authenticate->handle()
#17 /home/vagrant/Code/com.pockeyt-api/vendor/laravel/framework/src/Illuminate/Routing/Middleware/ThrottleRequests.php(59): Illuminate\\Pipeline\\Pipeline->Illuminate\\Pipeline\\{closure}()
#18 /home/vagrant/Code/com.pockeyt-api/vendor/laravel/framework/src/Illuminate/Pipeline/Pipeline.php(167): Illuminate\\Routing\\Middleware\\ThrottleRequests->handle()
#19 /home/vagrant/Code/com.pockeyt-api/vendor/laravel/framework/src/Illuminate/Pipeline/Pipeline.php(103): Illuminate\\Pipeline\\Pipeline->Illuminate\\Pipeline\\{closure}()
#20 /home/vagrant/Code/com.pockeyt-api/vendor/laravel/framework/src/Illuminate/Routing/Router.php(687): Illuminate\\Pipeline\\Pipeline->then()
#21 /home/vagrant/Code/com.pockeyt-api/vendor/laravel/framework/src/Illuminate/Routing/Router.php(662): Illuminate\\Routing\\Router->runRouteWithinStack()
#22 /home/vagrant/Code/com.pockeyt-api/vendor/laravel/framework/src/Illuminate/Routing/Router.php(628): Illuminate\\Routing\\Router->runRoute()
#23 /home/vagrant/Code/com.pockeyt-api/vendor/laravel/framework/src/Illuminate/Routing/Router.php(617): Illuminate\\Routing\\Router->dispatchToRoute()
#24 /home/vagrant/Code/com.pockeyt-api/vendor/laravel/framework/src/Illuminate/Foundation/Http/Kernel.php(165): Illuminate\\Routing\\Router->dispatch()
#25 /home/vagrant/Code/com.pockeyt-api/vendor/laravel/framework/src/Illuminate/Pipeline/Pipeline.php(128): Illuminate\\Foundation\\Http\\Kernel->Illuminate\\Foundation\\Http\\{closure}()
#26 /home/vagrant/Code/com.pockeyt-api/vendor/fruitcake/laravel-cors/src/HandleCors.php(37): Illuminate\\Pipeline\\Pipeline->Illuminate\\Pipeline\\{closure}()
#27 /home/vagrant/Code/com.pockeyt-api/vendor/laravel/framework/src/Illuminate/Pipeline/Pipeline.php(167): Fruitcake\\Cors\\HandleCors->handle()
#28 /home/vagrant/Code/com.pockeyt-api/vendor/fideloper/proxy/src/TrustProxies.php(57): Illuminate\\Pipeline\\Pipeline->Illuminate\\Pipeline\\{closure}()
#29 /home/vagrant/Code/com.pockeyt-api/vendor/laravel/framework/src/Illuminate/Pipeline/Pipeline.php(167): Fideloper\\Proxy\\TrustProxies->handle()
#30 /home/vagrant/Code/com.pockeyt-api/vendor/laravel/framework/src/Illuminate/Foundation/Http/Middleware/TransformsRequest.php(21): Illuminate\\Pipeline\\Pipeline->Illuminate\\Pipeline\\{closure}()
#31 /home/vagrant/Code/com.pockeyt-api/vendor/laravel/framework/src/Illuminate/Pipeline/Pipeline.php(167): Illuminate\\Foundation\\Http\\Middleware\\TransformsRequest->handle()
#32 /home/vagrant/Code/com.pockeyt-api/vendor/laravel/framework/src/Illuminate/Foundation/Http/Middleware/TransformsRequest.php(21): Illuminate\\Pipeline\\Pipeline->Illuminate\\Pipeline\\{closure}()
#33 /home/vagrant/Code/com.pockeyt-api/vendor/laravel/framework/src/Illuminate/Pipeline/Pipeline.php(167): Illuminate\\Foundation\\Http\\Middleware\\TransformsRequest->handle()
#34 /home/vagrant/Code/com.pockeyt-api/vendor/laravel/framework/src/Illuminate/Foundation/Http/Middleware/ValidatePostSize.php(27): Illuminate\\Pipeline\\Pipeline->Illuminate\\Pipeline\\{closure}()
#35 /home/vagrant/Code/com.pockeyt-api/vendor/laravel/framework/src/Illuminate/Pipeline/Pipeline.php(167): Illuminate\\Foundation\\Http\\Middleware\\ValidatePostSize->handle()
#36 /home/vagrant/Code/com.pockeyt-api/vendor/laravel/framework/src/Illuminate/Foundation/Http/Middleware/CheckForMaintenanceMode.php(63): Illuminate\\Pipeline\\Pipeline->Illuminate\\Pipeline\\{closure}()
#37 /home/vagrant/Code/com.pockeyt-api/vendor/laravel/framework/src/Illuminate/Pipeline/Pipeline.php(167): Illuminate\\Foundation\\Http\\Middleware\\CheckForMaintenanceMode->handle()
#38 /home/vagrant/Code/com.pockeyt-api/vendor/laravel/framework/src/Illuminate/Pipeline/Pipeline.php(103): Illuminate\\Pipeline\\Pipeline->Illuminate\\Pipeline\\{closure}()
#39 /home/vagrant/Code/com.pockeyt-api/vendor/laravel/framework/src/Illuminate/Foundation/Http/Kernel.php(140): Illuminate\\Pipeline\\Pipeline->then()
#40 /home/vagrant/Code/com.pockeyt-api/vendor/laravel/framework/src/Illuminate/Foundation/Http/Kernel.php(109): Illuminate\\Foundation\\Http\\Kernel->sendRequestThroughRouter()
#41 /home/vagrant/Code/com.pockeyt-api/vendor/laravel/framework/src/Illuminate/Foundation/Testing/Concerns/MakesHttpRequests.php(468): Illuminate\\Foundation\\Http\\Kernel->handle()
#42 /home/vagrant/Code/com.pockeyt-api/vendor/laravel/framework/src/Illuminate/Foundation/Testing/Concerns/MakesHttpRequests.php(440): Illuminate\\Foundation\\Testing\\TestCase->call()
#43 /home/vagrant/Code/com.pockeyt-api/tests/Feature/Customer/AuthTest.php(172): Illuminate\\Foundation\\Testing\\TestCase->json()
#44 /home/vagrant/Code/com.pockeyt-api/vendor/phpunit/phpunit/src/Framework/TestCase.php(1415): Tests\\Feature\\Customer\\AuthTest->test_a_logged_in_customer_can_refresh_their_token()
#45 /home/vagrant/Code/com.pockeyt-api/vendor/phpunit/phpunit/src/Framework/TestCase.php(1035): PHPUnit\\Framework\\TestCase->runTest()
#46 /home/vagrant/Code/com.pockeyt-api/vendor/phpunit/phpunit/src/Framework/TestResult.php(691): PHPUnit\\Framework\\TestCase->runBare()
#47 /home/vagrant/Code/com.pockeyt-api/vendor/phpunit/phpunit/src/Framework/TestCase.php(763): PHPUnit\\Framework\\TestResult->run()
#48 /home/vagrant/Code/com.pockeyt-api/vendor/phpunit/phpunit/src/Framework/TestSuite.php(597): PHPUnit\\Framework\\TestCase->run()
#49 /home/vagrant/Code/com.pockeyt-api/vendor/phpunit/phpunit/src/Framework/TestSuite.php(597): PHPUnit\\Framework\\TestSuite->run()
#50 /home/vagrant/Code/com.pockeyt-api/vendor/phpunit/phpunit/src/Framework/TestSuite.php(597): PHPUnit\\Framework\\TestSuite->run()
#51 /home/vagrant/Code/com.pockeyt-api/vendor/phpunit/phpunit/src/TextUI/TestRunner.php(621): PHPUnit\\Framework\\TestSuite->run()
#52 /home/vagrant/Code/com.pockeyt-api/vendor/phpunit/phpunit/src/TextUI/Command.php(204): PHPUnit\\TextUI\\TestRunner->doRun()
#53 /home/vagrant/Code/com.pockeyt-api/vendor/phpunit/phpunit/src/TextUI/Command.php(163): PHPUnit\\TextUI\\Command->run()
#54 /home/vagrant/Code/com.pockeyt-api/vendor/phpunit/phpunit/phpunit(61): PHPUnit\\TextUI\\Command::main()
#55 {main}
"} 
[2020-07-19 23:33:05] testing.ERROR: Undefined variable: request {"userId":1,"exception":"[object] (ErrorException(code: 0): Undefined variable: request at /home/vagrant/Code/com.pockeyt-api/app/Http/Controllers/Customer/GeoLocationController.php:24)
[stacktrace]
#0 /home/vagrant/Code/com.pockeyt-api/app/Http/Controllers/Customer/GeoLocationController.php(24): Illuminate\\Foundation\\Bootstrap\\HandleExceptions->handleError()
#1 [internal function]: App\\Http\\Controllers\\Customer\\GeoLocationController->App\\Http\\Controllers\\Customer\\{closure}()
#2 /home/vagrant/Code/com.pockeyt-api/vendor/laravel/framework/src/Illuminate/Support/Collection.php(638): array_map()
#3 /home/vagrant/Code/com.pockeyt-api/vendor/laravel/framework/src/Illuminate/Database/Eloquent/Collection.php(277): Illuminate\\Support\\Collection->map()
#4 /home/vagrant/Code/com.pockeyt-api/app/Http/Controllers/Customer/GeoLocationController.php(25): Illuminate\\Database\\Eloquent\\Collection->map()
#5 [internal function]: App\\Http\\Controllers\\Customer\\GeoLocationController->store()
#6 /home/vagrant/Code/com.pockeyt-api/vendor/laravel/framework/src/Illuminate/Routing/Controller.php(54): call_user_func_array()
#7 /home/vagrant/Code/com.pockeyt-api/vendor/laravel/framework/src/Illuminate/Routing/ControllerDispatcher.php(45): Illuminate\\Routing\\Controller->callAction()
#8 /home/vagrant/Code/com.pockeyt-api/vendor/laravel/framework/src/Illuminate/Routing/Route.php(239): Illuminate\\Routing\\ControllerDispatcher->dispatch()
#9 /home/vagrant/Code/com.pockeyt-api/vendor/laravel/framework/src/Illuminate/Routing/Route.php(196): Illuminate\\Routing\\Route->runController()
#10 /home/vagrant/Code/com.pockeyt-api/vendor/laravel/framework/src/Illuminate/Routing/Router.php(685): Illuminate\\Routing\\Route->run()
#11 /home/vagrant/Code/com.pockeyt-api/vendor/laravel/framework/src/Illuminate/Pipeline/Pipeline.php(128): Illuminate\\Routing\\Router->Illuminate\\Routing\\{closure}()
#12 /home/vagrant/Code/com.pockeyt-api/vendor/laravel/framework/src/Illuminate/Routing/Middleware/SubstituteBindings.php(41): Illuminate\\Pipeline\\Pipeline->Illuminate\\Pipeline\\{closure}()
#13 /home/vagrant/Code/com.pockeyt-api/vendor/laravel/framework/src/Illuminate/Pipeline/Pipeline.php(167): Illuminate\\Routing\\Middleware\\SubstituteBindings->handle()
#14 /home/vagrant/Code/com.pockeyt-api/vendor/laravel/framework/src/Illuminate/Auth/Middleware/Authenticate.php(44): Illuminate\\Pipeline\\Pipeline->Illuminate\\Pipeline\\{closure}()
#15 /home/vagrant/Code/com.pockeyt-api/vendor/laravel/framework/src/Illuminate/Pipeline/Pipeline.php(167): Illuminate\\Auth\\Middleware\\Authenticate->handle()
#16 /home/vagrant/Code/com.pockeyt-api/vendor/laravel/framework/src/Illuminate/Routing/Middleware/ThrottleRequests.php(59): Illuminate\\Pipeline\\Pipeline->Illuminate\\Pipeline\\{closure}()
#17 /home/vagrant/Code/com.pockeyt-api/vendor/laravel/framework/src/Illuminate/Pipeline/Pipeline.php(167): Illuminate\\Routing\\Middleware\\ThrottleRequests->handle()
#18 /home/vagrant/Code/com.pockeyt-api/vendor/laravel/framework/src/Illuminate/Pipeline/Pipeline.php(103): Illuminate\\Pipeline\\Pipeline->Illuminate\\Pipeline\\{closure}()
#19 /home/vagrant/Code/com.pockeyt-api/vendor/laravel/framework/src/Illuminate/Routing/Router.php(687): Illuminate\\Pipeline\\Pipeline->then()
#20 /home/vagrant/Code/com.pockeyt-api/vendor/laravel/framework/src/Illuminate/Routing/Router.php(662): Illuminate\\Routing\\Router->runRouteWithinStack()
#21 /home/vagrant/Code/com.pockeyt-api/vendor/laravel/framework/src/Illuminate/Routing/Router.php(628): Illuminate\\Routing\\Router->runRoute()
#22 /home/vagrant/Code/com.pockeyt-api/vendor/laravel/framework/src/Illuminate/Routing/Router.php(617): Illuminate\\Routing\\Router->dispatchToRoute()
#23 /home/vagrant/Code/com.pockeyt-api/vendor/laravel/framework/src/Illuminate/Foundation/Http/Kernel.php(165): Illuminate\\Routing\\Router->dispatch()
#24 /home/vagrant/Code/com.pockeyt-api/vendor/laravel/framework/src/Illuminate/Pipeline/Pipeline.php(128): Illuminate\\Foundation\\Http\\Kernel->Illuminate\\Foundation\\Http\\{closure}()
#25 /home/vagrant/Code/com.pockeyt-api/vendor/fruitcake/laravel-cors/src/HandleCors.php(37): Illuminate\\Pipeline\\Pipeline->Illuminate\\Pipeline\\{closure}()
#26 /home/vagrant/Code/com.pockeyt-api/vendor/laravel/framework/src/Illuminate/Pipeline/Pipeline.php(167): Fruitcake\\Cors\\HandleCors->handle()
#27 /home/vagrant/Code/com.pockeyt-api/vendor/fideloper/proxy/src/TrustProxies.php(57): Illuminate\\Pipeline\\Pipeline->Illuminate\\Pipeline\\{closure}()
#28 /home/vagrant/Code/com.pockeyt-api/vendor/laravel/framework/src/Illuminate/Pipeline/Pipeline.php(167): Fideloper\\Proxy\\TrustProxies->handle()
#29 /home/vagrant/Code/com.pockeyt-api/vendor/laravel/framework/src/Illuminate/Foundation/Http/Middleware/TransformsRequest.php(21): Illuminate\\Pipeline\\Pipeline->Illuminate\\Pipeline\\{closure}()
#30 /home/vagrant/Code/com.pockeyt-api/vendor/laravel/framework/src/Illuminate/Pipeline/Pipeline.php(167): Illuminate\\Foundation\\Http\\Middleware\\TransformsRequest->handle()
#31 /home/vagrant/Code/com.pockeyt-api/vendor/laravel/framework/src/Illuminate/Foundation/Http/Middleware/TransformsRequest.php(21): Illuminate\\Pipeline\\Pipeline->Illuminate\\Pipeline\\{closure}()
#32 /home/vagrant/Code/com.pockeyt-api/vendor/laravel/framework/src/Illuminate/Pipeline/Pipeline.php(167): Illuminate\\Foundation\\Http\\Middleware\\TransformsRequest->handle()
#33 /home/vagrant/Code/com.pockeyt-api/vendor/laravel/framework/src/Illuminate/Foundation/Http/Middleware/ValidatePostSize.php(27): Illuminate\\Pipeline\\Pipeline->Illuminate\\Pipeline\\{closure}()
#34 /home/vagrant/Code/com.pockeyt-api/vendor/laravel/framework/src/Illuminate/Pipeline/Pipeline.php(167): Illuminate\\Foundation\\Http\\Middleware\\ValidatePostSize->handle()
#35 /home/vagrant/Code/com.pockeyt-api/vendor/laravel/framework/src/Illuminate/Foundation/Http/Middleware/CheckForMaintenanceMode.php(63): Illuminate\\Pipeline\\Pipeline->Illuminate\\Pipeline\\{closure}()
#36 /home/vagrant/Code/com.pockeyt-api/vendor/laravel/framework/src/Illuminate/Pipeline/Pipeline.php(167): Illuminate\\Foundation\\Http\\Middleware\\CheckForMaintenanceMode->handle()
#37 /home/vagrant/Code/com.pockeyt-api/vendor/laravel/framework/src/Illuminate/Pipeline/Pipeline.php(103): Illuminate\\Pipeline\\Pipeline->Illuminate\\Pipeline\\{closure}()
#38 /home/vagrant/Code/com.pockeyt-api/vendor/laravel/framework/src/Illuminate/Foundation/Http/Kernel.php(140): Illuminate\\Pipeline\\Pipeline->then()
#39 /home/vagrant/Code/com.pockeyt-api/vendor/laravel/framework/src/Illuminate/Foundation/Http/Kernel.php(109): Illuminate\\Foundation\\Http\\Kernel->sendRequestThroughRouter()
#40 /home/vagrant/Code/com.pockeyt-api/vendor/laravel/framework/src/Illuminate/Foundation/Testing/Concerns/MakesHttpRequests.php(468): Illuminate\\Foundation\\Http\\Kernel->handle()
#41 /home/vagrant/Code/com.pockeyt-api/vendor/laravel/framework/src/Illuminate/Foundation/Testing/Concerns/MakesHttpRequests.php(440): Illuminate\\Foundation\\Testing\\TestCase->call()
#42 /home/vagrant/Code/com.pockeyt-api/tests/Feature/Customer/GeoLocationTest.php(48): Illuminate\\Foundation\\Testing\\TestCase->json()
#43 /home/vagrant/Code/com.pockeyt-api/vendor/phpunit/phpunit/src/Framework/TestCase.php(1415): Tests\\Feature\\Customer\\GeoLocationTest->test_an_auth_customer_can_fetch_geo_locations()
#44 /home/vagrant/Code/com.pockeyt-api/vendor/phpunit/phpunit/src/Framework/TestCase.php(1035): PHPUnit\\Framework\\TestCase->runTest()
#45 /home/vagrant/Code/com.pockeyt-api/vendor/phpunit/phpunit/src/Framework/TestResult.php(691): PHPUnit\\Framework\\TestCase->runBare()
#46 /home/vagrant/Code/com.pockeyt-api/vendor/phpunit/phpunit/src/Framework/TestCase.php(763): PHPUnit\\Framework\\TestResult->run()
#47 /home/vagrant/Code/com.pockeyt-api/vendor/phpunit/phpunit/src/Framework/TestSuite.php(597): PHPUnit\\Framework\\TestCase->run()
#48 /home/vagrant/Code/com.pockeyt-api/vendor/phpunit/phpunit/src/Framework/TestSuite.php(597): PHPUnit\\Framework\\TestSuite->run()
#49 /home/vagrant/Code/com.pockeyt-api/vendor/phpunit/phpunit/src/Framework/TestSuite.php(597): PHPUnit\\Framework\\TestSuite->run()
#50 /home/vagrant/Code/com.pockeyt-api/vendor/phpunit/phpunit/src/TextUI/TestRunner.php(621): PHPUnit\\Framework\\TestSuite->run()
#51 /home/vagrant/Code/com.pockeyt-api/vendor/phpunit/phpunit/src/TextUI/Command.php(204): PHPUnit\\TextUI\\TestRunner->doRun()
#52 /home/vagrant/Code/com.pockeyt-api/vendor/phpunit/phpunit/src/TextUI/Command.php(163): PHPUnit\\TextUI\\Command->run()
#53 /home/vagrant/Code/com.pockeyt-api/vendor/phpunit/phpunit/phpunit(61): PHPUnit\\TextUI\\Command::main()
#54 {main}
"} 
[2020-07-19 23:33:46] testing.ERROR: Undefined variable: request {"userId":1,"exception":"[object] (ErrorException(code: 0): Undefined variable: request at /home/vagrant/Code/com.pockeyt-api/app/Http/Controllers/Customer/GeoLocationController.php:24)
[stacktrace]
#0 /home/vagrant/Code/com.pockeyt-api/app/Http/Controllers/Customer/GeoLocationController.php(24): Illuminate\\Foundation\\Bootstrap\\HandleExceptions->handleError()
#1 [internal function]: App\\Http\\Controllers\\Customer\\GeoLocationController->App\\Http\\Controllers\\Customer\\{closure}()
#2 /home/vagrant/Code/com.pockeyt-api/vendor/laravel/framework/src/Illuminate/Support/Collection.php(638): array_map()
#3 /home/vagrant/Code/com.pockeyt-api/vendor/laravel/framework/src/Illuminate/Database/Eloquent/Collection.php(277): Illuminate\\Support\\Collection->map()
#4 /home/vagrant/Code/com.pockeyt-api/app/Http/Controllers/Customer/GeoLocationController.php(25): Illuminate\\Database\\Eloquent\\Collection->map()
#5 [internal function]: App\\Http\\Controllers\\Customer\\GeoLocationController->store()
#6 /home/vagrant/Code/com.pockeyt-api/vendor/laravel/framework/src/Illuminate/Routing/Controller.php(54): call_user_func_array()
#7 /home/vagrant/Code/com.pockeyt-api/vendor/laravel/framework/src/Illuminate/Routing/ControllerDispatcher.php(45): Illuminate\\Routing\\Controller->callAction()
#8 /home/vagrant/Code/com.pockeyt-api/vendor/laravel/framework/src/Illuminate/Routing/Route.php(239): Illuminate\\Routing\\ControllerDispatcher->dispatch()
#9 /home/vagrant/Code/com.pockeyt-api/vendor/laravel/framework/src/Illuminate/Routing/Route.php(196): Illuminate\\Routing\\Route->runController()
#10 /home/vagrant/Code/com.pockeyt-api/vendor/laravel/framework/src/Illuminate/Routing/Router.php(685): Illuminate\\Routing\\Route->run()
#11 /home/vagrant/Code/com.pockeyt-api/vendor/laravel/framework/src/Illuminate/Pipeline/Pipeline.php(128): Illuminate\\Routing\\Router->Illuminate\\Routing\\{closure}()
#12 /home/vagrant/Code/com.pockeyt-api/vendor/laravel/framework/src/Illuminate/Routing/Middleware/SubstituteBindings.php(41): Illuminate\\Pipeline\\Pipeline->Illuminate\\Pipeline\\{closure}()
#13 /home/vagrant/Code/com.pockeyt-api/vendor/laravel/framework/src/Illuminate/Pipeline/Pipeline.php(167): Illuminate\\Routing\\Middleware\\SubstituteBindings->handle()
#14 /home/vagrant/Code/com.pockeyt-api/vendor/laravel/framework/src/Illuminate/Auth/Middleware/Authenticate.php(44): Illuminate\\Pipeline\\Pipeline->Illuminate\\Pipeline\\{closure}()
#15 /home/vagrant/Code/com.pockeyt-api/vendor/laravel/framework/src/Illuminate/Pipeline/Pipeline.php(167): Illuminate\\Auth\\Middleware\\Authenticate->handle()
#16 /home/vagrant/Code/com.pockeyt-api/vendor/laravel/framework/src/Illuminate/Routing/Middleware/ThrottleRequests.php(59): Illuminate\\Pipeline\\Pipeline->Illuminate\\Pipeline\\{closure}()
#17 /home/vagrant/Code/com.pockeyt-api/vendor/laravel/framework/src/Illuminate/Pipeline/Pipeline.php(167): Illuminate\\Routing\\Middleware\\ThrottleRequests->handle()
#18 /home/vagrant/Code/com.pockeyt-api/vendor/laravel/framework/src/Illuminate/Pipeline/Pipeline.php(103): Illuminate\\Pipeline\\Pipeline->Illuminate\\Pipeline\\{closure}()
#19 /home/vagrant/Code/com.pockeyt-api/vendor/laravel/framework/src/Illuminate/Routing/Router.php(687): Illuminate\\Pipeline\\Pipeline->then()
#20 /home/vagrant/Code/com.pockeyt-api/vendor/laravel/framework/src/Illuminate/Routing/Router.php(662): Illuminate\\Routing\\Router->runRouteWithinStack()
#21 /home/vagrant/Code/com.pockeyt-api/vendor/laravel/framework/src/Illuminate/Routing/Router.php(628): Illuminate\\Routing\\Router->runRoute()
#22 /home/vagrant/Code/com.pockeyt-api/vendor/laravel/framework/src/Illuminate/Routing/Router.php(617): Illuminate\\Routing\\Router->dispatchToRoute()
#23 /home/vagrant/Code/com.pockeyt-api/vendor/laravel/framework/src/Illuminate/Foundation/Http/Kernel.php(165): Illuminate\\Routing\\Router->dispatch()
#24 /home/vagrant/Code/com.pockeyt-api/vendor/laravel/framework/src/Illuminate/Pipeline/Pipeline.php(128): Illuminate\\Foundation\\Http\\Kernel->Illuminate\\Foundation\\Http\\{closure}()
#25 /home/vagrant/Code/com.pockeyt-api/vendor/fruitcake/laravel-cors/src/HandleCors.php(37): Illuminate\\Pipeline\\Pipeline->Illuminate\\Pipeline\\{closure}()
#26 /home/vagrant/Code/com.pockeyt-api/vendor/laravel/framework/src/Illuminate/Pipeline/Pipeline.php(167): Fruitcake\\Cors\\HandleCors->handle()
#27 /home/vagrant/Code/com.pockeyt-api/vendor/fideloper/proxy/src/TrustProxies.php(57): Illuminate\\Pipeline\\Pipeline->Illuminate\\Pipeline\\{closure}()
#28 /home/vagrant/Code/com.pockeyt-api/vendor/laravel/framework/src/Illuminate/Pipeline/Pipeline.php(167): Fideloper\\Proxy\\TrustProxies->handle()
#29 /home/vagrant/Code/com.pockeyt-api/vendor/laravel/framework/src/Illuminate/Foundation/Http/Middleware/TransformsRequest.php(21): Illuminate\\Pipeline\\Pipeline->Illuminate\\Pipeline\\{closure}()
#30 /home/vagrant/Code/com.pockeyt-api/vendor/laravel/framework/src/Illuminate/Pipeline/Pipeline.php(167): Illuminate\\Foundation\\Http\\Middleware\\TransformsRequest->handle()
#31 /home/vagrant/Code/com.pockeyt-api/vendor/laravel/framework/src/Illuminate/Foundation/Http/Middleware/TransformsRequest.php(21): Illuminate\\Pipeline\\Pipeline->Illuminate\\Pipeline\\{closure}()
#32 /home/vagrant/Code/com.pockeyt-api/vendor/laravel/framework/src/Illuminate/Pipeline/Pipeline.php(167): Illuminate\\Foundation\\Http\\Middleware\\TransformsRequest->handle()
#33 /home/vagrant/Code/com.pockeyt-api/vendor/laravel/framework/src/Illuminate/Foundation/Http/Middleware/ValidatePostSize.php(27): Illuminate\\Pipeline\\Pipeline->Illuminate\\Pipeline\\{closure}()
#34 /home/vagrant/Code/com.pockeyt-api/vendor/laravel/framework/src/Illuminate/Pipeline/Pipeline.php(167): Illuminate\\Foundation\\Http\\Middleware\\ValidatePostSize->handle()
#35 /home/vagrant/Code/com.pockeyt-api/vendor/laravel/framework/src/Illuminate/Foundation/Http/Middleware/CheckForMaintenanceMode.php(63): Illuminate\\Pipeline\\Pipeline->Illuminate\\Pipeline\\{closure}()
#36 /home/vagrant/Code/com.pockeyt-api/vendor/laravel/framework/src/Illuminate/Pipeline/Pipeline.php(167): Illuminate\\Foundation\\Http\\Middleware\\CheckForMaintenanceMode->handle()
#37 /home/vagrant/Code/com.pockeyt-api/vendor/laravel/framework/src/Illuminate/Pipeline/Pipeline.php(103): Illuminate\\Pipeline\\Pipeline->Illuminate\\Pipeline\\{closure}()
#38 /home/vagrant/Code/com.pockeyt-api/vendor/laravel/framework/src/Illuminate/Foundation/Http/Kernel.php(140): Illuminate\\Pipeline\\Pipeline->then()
#39 /home/vagrant/Code/com.pockeyt-api/vendor/laravel/framework/src/Illuminate/Foundation/Http/Kernel.php(109): Illuminate\\Foundation\\Http\\Kernel->sendRequestThroughRouter()
#40 /home/vagrant/Code/com.pockeyt-api/vendor/laravel/framework/src/Illuminate/Foundation/Testing/Concerns/MakesHttpRequests.php(468): Illuminate\\Foundation\\Http\\Kernel->handle()
#41 /home/vagrant/Code/com.pockeyt-api/vendor/laravel/framework/src/Illuminate/Foundation/Testing/Concerns/MakesHttpRequests.php(440): Illuminate\\Foundation\\Testing\\TestCase->call()
#42 /home/vagrant/Code/com.pockeyt-api/tests/Feature/Customer/GeoLocationTest.php(48): Illuminate\\Foundation\\Testing\\TestCase->json()
#43 /home/vagrant/Code/com.pockeyt-api/vendor/phpunit/phpunit/src/Framework/TestCase.php(1415): Tests\\Feature\\Customer\\GeoLocationTest->test_an_auth_customer_can_fetch_geo_locations()
#44 /home/vagrant/Code/com.pockeyt-api/vendor/phpunit/phpunit/src/Framework/TestCase.php(1035): PHPUnit\\Framework\\TestCase->runTest()
#45 /home/vagrant/Code/com.pockeyt-api/vendor/phpunit/phpunit/src/Framework/TestResult.php(691): PHPUnit\\Framework\\TestCase->runBare()
#46 /home/vagrant/Code/com.pockeyt-api/vendor/phpunit/phpunit/src/Framework/TestCase.php(763): PHPUnit\\Framework\\TestResult->run()
#47 /home/vagrant/Code/com.pockeyt-api/vendor/phpunit/phpunit/src/Framework/TestSuite.php(597): PHPUnit\\Framework\\TestCase->run()
#48 /home/vagrant/Code/com.pockeyt-api/vendor/phpunit/phpunit/src/Framework/TestSuite.php(597): PHPUnit\\Framework\\TestSuite->run()
#49 /home/vagrant/Code/com.pockeyt-api/vendor/phpunit/phpunit/src/Framework/TestSuite.php(597): PHPUnit\\Framework\\TestSuite->run()
#50 /home/vagrant/Code/com.pockeyt-api/vendor/phpunit/phpunit/src/TextUI/TestRunner.php(621): PHPUnit\\Framework\\TestSuite->run()
#51 /home/vagrant/Code/com.pockeyt-api/vendor/phpunit/phpunit/src/TextUI/Command.php(204): PHPUnit\\TextUI\\TestRunner->doRun()
#52 /home/vagrant/Code/com.pockeyt-api/vendor/phpunit/phpunit/src/TextUI/Command.php(163): PHPUnit\\TextUI\\Command->run()
#53 /home/vagrant/Code/com.pockeyt-api/vendor/phpunit/phpunit/phpunit(61): PHPUnit\\TextUI\\Command::main()
#54 {main}
"} 
[2020-07-19 23:34:32] testing.ERROR: Trying to get property 'lat' of non-object {"userId":1,"exception":"[object] (ErrorException(code: 0): Trying to get property 'lat' of non-object at /home/vagrant/Code/com.pockeyt-api/app/Models/Business/Location.php:68)
[stacktrace]
#0 /home/vagrant/Code/com.pockeyt-api/app/Models/Business/Location.php(68): Illuminate\\Foundation\\Bootstrap\\HandleExceptions->handleError()
#1 /home/vagrant/Code/com.pockeyt-api/app/Http/Controllers/Customer/GeoLocationController.php(24): App\\Models\\Business\\Location->getDistance()
#2 [internal function]: App\\Http\\Controllers\\Customer\\GeoLocationController->App\\Http\\Controllers\\Customer\\{closure}()
#3 /home/vagrant/Code/com.pockeyt-api/vendor/laravel/framework/src/Illuminate/Support/Collection.php(638): array_map()
#4 /home/vagrant/Code/com.pockeyt-api/vendor/laravel/framework/src/Illuminate/Database/Eloquent/Collection.php(277): Illuminate\\Support\\Collection->map()
#5 /home/vagrant/Code/com.pockeyt-api/app/Http/Controllers/Customer/GeoLocationController.php(25): Illuminate\\Database\\Eloquent\\Collection->map()
#6 [internal function]: App\\Http\\Controllers\\Customer\\GeoLocationController->store()
#7 /home/vagrant/Code/com.pockeyt-api/vendor/laravel/framework/src/Illuminate/Routing/Controller.php(54): call_user_func_array()
#8 /home/vagrant/Code/com.pockeyt-api/vendor/laravel/framework/src/Illuminate/Routing/ControllerDispatcher.php(45): Illuminate\\Routing\\Controller->callAction()
#9 /home/vagrant/Code/com.pockeyt-api/vendor/laravel/framework/src/Illuminate/Routing/Route.php(239): Illuminate\\Routing\\ControllerDispatcher->dispatch()
#10 /home/vagrant/Code/com.pockeyt-api/vendor/laravel/framework/src/Illuminate/Routing/Route.php(196): Illuminate\\Routing\\Route->runController()
#11 /home/vagrant/Code/com.pockeyt-api/vendor/laravel/framework/src/Illuminate/Routing/Router.php(685): Illuminate\\Routing\\Route->run()
#12 /home/vagrant/Code/com.pockeyt-api/vendor/laravel/framework/src/Illuminate/Pipeline/Pipeline.php(128): Illuminate\\Routing\\Router->Illuminate\\Routing\\{closure}()
#13 /home/vagrant/Code/com.pockeyt-api/vendor/laravel/framework/src/Illuminate/Routing/Middleware/SubstituteBindings.php(41): Illuminate\\Pipeline\\Pipeline->Illuminate\\Pipeline\\{closure}()
#14 /home/vagrant/Code/com.pockeyt-api/vendor/laravel/framework/src/Illuminate/Pipeline/Pipeline.php(167): Illuminate\\Routing\\Middleware\\SubstituteBindings->handle()
#15 /home/vagrant/Code/com.pockeyt-api/vendor/laravel/framework/src/Illuminate/Auth/Middleware/Authenticate.php(44): Illuminate\\Pipeline\\Pipeline->Illuminate\\Pipeline\\{closure}()
#16 /home/vagrant/Code/com.pockeyt-api/vendor/laravel/framework/src/Illuminate/Pipeline/Pipeline.php(167): Illuminate\\Auth\\Middleware\\Authenticate->handle()
#17 /home/vagrant/Code/com.pockeyt-api/vendor/laravel/framework/src/Illuminate/Routing/Middleware/ThrottleRequests.php(59): Illuminate\\Pipeline\\Pipeline->Illuminate\\Pipeline\\{closure}()
#18 /home/vagrant/Code/com.pockeyt-api/vendor/laravel/framework/src/Illuminate/Pipeline/Pipeline.php(167): Illuminate\\Routing\\Middleware\\ThrottleRequests->handle()
#19 /home/vagrant/Code/com.pockeyt-api/vendor/laravel/framework/src/Illuminate/Pipeline/Pipeline.php(103): Illuminate\\Pipeline\\Pipeline->Illuminate\\Pipeline\\{closure}()
#20 /home/vagrant/Code/com.pockeyt-api/vendor/laravel/framework/src/Illuminate/Routing/Router.php(687): Illuminate\\Pipeline\\Pipeline->then()
#21 /home/vagrant/Code/com.pockeyt-api/vendor/laravel/framework/src/Illuminate/Routing/Router.php(662): Illuminate\\Routing\\Router->runRouteWithinStack()
#22 /home/vagrant/Code/com.pockeyt-api/vendor/laravel/framework/src/Illuminate/Routing/Router.php(628): Illuminate\\Routing\\Router->runRoute()
#23 /home/vagrant/Code/com.pockeyt-api/vendor/laravel/framework/src/Illuminate/Routing/Router.php(617): Illuminate\\Routing\\Router->dispatchToRoute()
#24 /home/vagrant/Code/com.pockeyt-api/vendor/laravel/framework/src/Illuminate/Foundation/Http/Kernel.php(165): Illuminate\\Routing\\Router->dispatch()
#25 /home/vagrant/Code/com.pockeyt-api/vendor/laravel/framework/src/Illuminate/Pipeline/Pipeline.php(128): Illuminate\\Foundation\\Http\\Kernel->Illuminate\\Foundation\\Http\\{closure}()
#26 /home/vagrant/Code/com.pockeyt-api/vendor/fruitcake/laravel-cors/src/HandleCors.php(37): Illuminate\\Pipeline\\Pipeline->Illuminate\\Pipeline\\{closure}()
#27 /home/vagrant/Code/com.pockeyt-api/vendor/laravel/framework/src/Illuminate/Pipeline/Pipeline.php(167): Fruitcake\\Cors\\HandleCors->handle()
#28 /home/vagrant/Code/com.pockeyt-api/vendor/fideloper/proxy/src/TrustProxies.php(57): Illuminate\\Pipeline\\Pipeline->Illuminate\\Pipeline\\{closure}()
#29 /home/vagrant/Code/com.pockeyt-api/vendor/laravel/framework/src/Illuminate/Pipeline/Pipeline.php(167): Fideloper\\Proxy\\TrustProxies->handle()
#30 /home/vagrant/Code/com.pockeyt-api/vendor/laravel/framework/src/Illuminate/Foundation/Http/Middleware/TransformsRequest.php(21): Illuminate\\Pipeline\\Pipeline->Illuminate\\Pipeline\\{closure}()
#31 /home/vagrant/Code/com.pockeyt-api/vendor/laravel/framework/src/Illuminate/Pipeline/Pipeline.php(167): Illuminate\\Foundation\\Http\\Middleware\\TransformsRequest->handle()
#32 /home/vagrant/Code/com.pockeyt-api/vendor/laravel/framework/src/Illuminate/Foundation/Http/Middleware/TransformsRequest.php(21): Illuminate\\Pipeline\\Pipeline->Illuminate\\Pipeline\\{closure}()
#33 /home/vagrant/Code/com.pockeyt-api/vendor/laravel/framework/src/Illuminate/Pipeline/Pipeline.php(167): Illuminate\\Foundation\\Http\\Middleware\\TransformsRequest->handle()
#34 /home/vagrant/Code/com.pockeyt-api/vendor/laravel/framework/src/Illuminate/Foundation/Http/Middleware/ValidatePostSize.php(27): Illuminate\\Pipeline\\Pipeline->Illuminate\\Pipeline\\{closure}()
#35 /home/vagrant/Code/com.pockeyt-api/vendor/laravel/framework/src/Illuminate/Pipeline/Pipeline.php(167): Illuminate\\Foundation\\Http\\Middleware\\ValidatePostSize->handle()
#36 /home/vagrant/Code/com.pockeyt-api/vendor/laravel/framework/src/Illuminate/Foundation/Http/Middleware/CheckForMaintenanceMode.php(63): Illuminate\\Pipeline\\Pipeline->Illuminate\\Pipeline\\{closure}()
#37 /home/vagrant/Code/com.pockeyt-api/vendor/laravel/framework/src/Illuminate/Pipeline/Pipeline.php(167): Illuminate\\Foundation\\Http\\Middleware\\CheckForMaintenanceMode->handle()
#38 /home/vagrant/Code/com.pockeyt-api/vendor/laravel/framework/src/Illuminate/Pipeline/Pipeline.php(103): Illuminate\\Pipeline\\Pipeline->Illuminate\\Pipeline\\{closure}()
#39 /home/vagrant/Code/com.pockeyt-api/vendor/laravel/framework/src/Illuminate/Foundation/Http/Kernel.php(140): Illuminate\\Pipeline\\Pipeline->then()
#40 /home/vagrant/Code/com.pockeyt-api/vendor/laravel/framework/src/Illuminate/Foundation/Http/Kernel.php(109): Illuminate\\Foundation\\Http\\Kernel->sendRequestThroughRouter()
#41 /home/vagrant/Code/com.pockeyt-api/vendor/laravel/framework/src/Illuminate/Foundation/Testing/Concerns/MakesHttpRequests.php(468): Illuminate\\Foundation\\Http\\Kernel->handle()
#42 /home/vagrant/Code/com.pockeyt-api/vendor/laravel/framework/src/Illuminate/Foundation/Testing/Concerns/MakesHttpRequests.php(440): Illuminate\\Foundation\\Testing\\TestCase->call()
#43 /home/vagrant/Code/com.pockeyt-api/tests/Feature/Customer/GeoLocationTest.php(48): Illuminate\\Foundation\\Testing\\TestCase->json()
#44 /home/vagrant/Code/com.pockeyt-api/vendor/phpunit/phpunit/src/Framework/TestCase.php(1415): Tests\\Feature\\Customer\\GeoLocationTest->test_an_auth_customer_can_fetch_geo_locations()
#45 /home/vagrant/Code/com.pockeyt-api/vendor/phpunit/phpunit/src/Framework/TestCase.php(1035): PHPUnit\\Framework\\TestCase->runTest()
#46 /home/vagrant/Code/com.pockeyt-api/vendor/phpunit/phpunit/src/Framework/TestResult.php(691): PHPUnit\\Framework\\TestCase->runBare()
#47 /home/vagrant/Code/com.pockeyt-api/vendor/phpunit/phpunit/src/Framework/TestCase.php(763): PHPUnit\\Framework\\TestResult->run()
#48 /home/vagrant/Code/com.pockeyt-api/vendor/phpunit/phpunit/src/Framework/TestSuite.php(597): PHPUnit\\Framework\\TestCase->run()
#49 /home/vagrant/Code/com.pockeyt-api/vendor/phpunit/phpunit/src/Framework/TestSuite.php(597): PHPUnit\\Framework\\TestSuite->run()
#50 /home/vagrant/Code/com.pockeyt-api/vendor/phpunit/phpunit/src/Framework/TestSuite.php(597): PHPUnit\\Framework\\TestSuite->run()
#51 /home/vagrant/Code/com.pockeyt-api/vendor/phpunit/phpunit/src/TextUI/TestRunner.php(621): PHPUnit\\Framework\\TestSuite->run()
#52 /home/vagrant/Code/com.pockeyt-api/vendor/phpunit/phpunit/src/TextUI/Command.php(204): PHPUnit\\TextUI\\TestRunner->doRun()
#53 /home/vagrant/Code/com.pockeyt-api/vendor/phpunit/phpunit/src/TextUI/Command.php(163): PHPUnit\\TextUI\\Command->run()
#54 /home/vagrant/Code/com.pockeyt-api/vendor/phpunit/phpunit/phpunit(61): PHPUnit\\TextUI\\Command::main()
#55 {main}
"} 
[2020-07-19 23:51:23] testing.ERROR: Trying to get property 'business' of non-object {"userId":1,"exception":"[object] (ErrorException(code: 0): Trying to get property 'business' of non-object at /home/vagrant/Code/com.pockeyt-api/vendor/laravel/framework/src/Illuminate/Http/Resources/DelegatesToResource.php:136)
[stacktrace]
#0 /home/vagrant/Code/com.pockeyt-api/vendor/laravel/framework/src/Illuminate/Http/Resources/DelegatesToResource.php(136): Illuminate\\Foundation\\Bootstrap\\HandleExceptions->handleError()
#1 /home/vagrant/Code/com.pockeyt-api/app/Http/Resources/Customer/BusinessResource.php(19): Illuminate\\Http\\Resources\\Json\\JsonResource->__get()
#2 /home/vagrant/Code/com.pockeyt-api/vendor/laravel/framework/src/Illuminate/Support/HigherOrderCollectionProxy.php(60): App\\Http\\Resources\\Customer\\BusinessResource->toArray()
#3 [internal function]: Illuminate\\Support\\HigherOrderCollectionProxy->Illuminate\\Support\\{closure}()
#4 /home/vagrant/Code/com.pockeyt-api/vendor/laravel/framework/src/Illuminate/Support/Collection.php(638): array_map()
#5 /home/vagrant/Code/com.pockeyt-api/vendor/laravel/framework/src/Illuminate/Support/HigherOrderCollectionProxy.php(61): Illuminate\\Support\\Collection->map()
#6 /home/vagrant/Code/com.pockeyt-api/vendor/laravel/framework/src/Illuminate/Http/Resources/Json/ResourceCollection.php(100): Illuminate\\Support\\HigherOrderCollectionProxy->__call()
#7 /home/vagrant/Code/com.pockeyt-api/vendor/laravel/framework/src/Illuminate/Http/Resources/Json/JsonResource.php(95): Illuminate\\Http\\Resources\\Json\\ResourceCollection->toArray()
#8 /home/vagrant/Code/com.pockeyt-api/vendor/laravel/framework/src/Illuminate/Http/Resources/Json/ResourceResponse.php(39): Illuminate\\Http\\Resources\\Json\\JsonResource->resolve()
#9 /home/vagrant/Code/com.pockeyt-api/vendor/laravel/framework/src/Illuminate/Http/Resources/Json/JsonResource.php(221): Illuminate\\Http\\Resources\\Json\\ResourceResponse->toResponse()
#10 /home/vagrant/Code/com.pockeyt-api/vendor/laravel/framework/src/Illuminate/Http/Resources/Json/ResourceCollection.php(115): Illuminate\\Http\\Resources\\Json\\JsonResource->toResponse()
#11 /home/vagrant/Code/com.pockeyt-api/vendor/laravel/framework/src/Illuminate/Routing/Router.php(744): Illuminate\\Http\\Resources\\Json\\ResourceCollection->toResponse()
#12 /home/vagrant/Code/com.pockeyt-api/vendor/laravel/framework/src/Illuminate/Routing/Router.php(731): Illuminate\\Routing\\Router::toResponse()
#13 /home/vagrant/Code/com.pockeyt-api/vendor/laravel/framework/src/Illuminate/Routing/Router.php(685): Illuminate\\Routing\\Router->prepareResponse()
#14 /home/vagrant/Code/com.pockeyt-api/vendor/laravel/framework/src/Illuminate/Pipeline/Pipeline.php(128): Illuminate\\Routing\\Router->Illuminate\\Routing\\{closure}()
#15 /home/vagrant/Code/com.pockeyt-api/vendor/laravel/framework/src/Illuminate/Routing/Middleware/SubstituteBindings.php(41): Illuminate\\Pipeline\\Pipeline->Illuminate\\Pipeline\\{closure}()
#16 /home/vagrant/Code/com.pockeyt-api/vendor/laravel/framework/src/Illuminate/Pipeline/Pipeline.php(167): Illuminate\\Routing\\Middleware\\SubstituteBindings->handle()
#17 /home/vagrant/Code/com.pockeyt-api/vendor/laravel/framework/src/Illuminate/Auth/Middleware/Authenticate.php(44): Illuminate\\Pipeline\\Pipeline->Illuminate\\Pipeline\\{closure}()
#18 /home/vagrant/Code/com.pockeyt-api/vendor/laravel/framework/src/Illuminate/Pipeline/Pipeline.php(167): Illuminate\\Auth\\Middleware\\Authenticate->handle()
#19 /home/vagrant/Code/com.pockeyt-api/vendor/laravel/framework/src/Illuminate/Routing/Middleware/ThrottleRequests.php(59): Illuminate\\Pipeline\\Pipeline->Illuminate\\Pipeline\\{closure}()
#20 /home/vagrant/Code/com.pockeyt-api/vendor/laravel/framework/src/Illuminate/Pipeline/Pipeline.php(167): Illuminate\\Routing\\Middleware\\ThrottleRequests->handle()
#21 /home/vagrant/Code/com.pockeyt-api/vendor/laravel/framework/src/Illuminate/Pipeline/Pipeline.php(103): Illuminate\\Pipeline\\Pipeline->Illuminate\\Pipeline\\{closure}()
#22 /home/vagrant/Code/com.pockeyt-api/vendor/laravel/framework/src/Illuminate/Routing/Router.php(687): Illuminate\\Pipeline\\Pipeline->then()
#23 /home/vagrant/Code/com.pockeyt-api/vendor/laravel/framework/src/Illuminate/Routing/Router.php(662): Illuminate\\Routing\\Router->runRouteWithinStack()
#24 /home/vagrant/Code/com.pockeyt-api/vendor/laravel/framework/src/Illuminate/Routing/Router.php(628): Illuminate\\Routing\\Router->runRoute()
#25 /home/vagrant/Code/com.pockeyt-api/vendor/laravel/framework/src/Illuminate/Routing/Router.php(617): Illuminate\\Routing\\Router->dispatchToRoute()
#26 /home/vagrant/Code/com.pockeyt-api/vendor/laravel/framework/src/Illuminate/Foundation/Http/Kernel.php(165): Illuminate\\Routing\\Router->dispatch()
#27 /home/vagrant/Code/com.pockeyt-api/vendor/laravel/framework/src/Illuminate/Pipeline/Pipeline.php(128): Illuminate\\Foundation\\Http\\Kernel->Illuminate\\Foundation\\Http\\{closure}()
#28 /home/vagrant/Code/com.pockeyt-api/vendor/fruitcake/laravel-cors/src/HandleCors.php(37): Illuminate\\Pipeline\\Pipeline->Illuminate\\Pipeline\\{closure}()
#29 /home/vagrant/Code/com.pockeyt-api/vendor/laravel/framework/src/Illuminate/Pipeline/Pipeline.php(167): Fruitcake\\Cors\\HandleCors->handle()
#30 /home/vagrant/Code/com.pockeyt-api/vendor/fideloper/proxy/src/TrustProxies.php(57): Illuminate\\Pipeline\\Pipeline->Illuminate\\Pipeline\\{closure}()
#31 /home/vagrant/Code/com.pockeyt-api/vendor/laravel/framework/src/Illuminate/Pipeline/Pipeline.php(167): Fideloper\\Proxy\\TrustProxies->handle()
#32 /home/vagrant/Code/com.pockeyt-api/vendor/laravel/framework/src/Illuminate/Foundation/Http/Middleware/TransformsRequest.php(21): Illuminate\\Pipeline\\Pipeline->Illuminate\\Pipeline\\{closure}()
#33 /home/vagrant/Code/com.pockeyt-api/vendor/laravel/framework/src/Illuminate/Pipeline/Pipeline.php(167): Illuminate\\Foundation\\Http\\Middleware\\TransformsRequest->handle()
#34 /home/vagrant/Code/com.pockeyt-api/vendor/laravel/framework/src/Illuminate/Foundation/Http/Middleware/TransformsRequest.php(21): Illuminate\\Pipeline\\Pipeline->Illuminate\\Pipeline\\{closure}()
#35 /home/vagrant/Code/com.pockeyt-api/vendor/laravel/framework/src/Illuminate/Pipeline/Pipeline.php(167): Illuminate\\Foundation\\Http\\Middleware\\TransformsRequest->handle()
#36 /home/vagrant/Code/com.pockeyt-api/vendor/laravel/framework/src/Illuminate/Foundation/Http/Middleware/ValidatePostSize.php(27): Illuminate\\Pipeline\\Pipeline->Illuminate\\Pipeline\\{closure}()
#37 /home/vagrant/Code/com.pockeyt-api/vendor/laravel/framework/src/Illuminate/Pipeline/Pipeline.php(167): Illuminate\\Foundation\\Http\\Middleware\\ValidatePostSize->handle()
#38 /home/vagrant/Code/com.pockeyt-api/vendor/laravel/framework/src/Illuminate/Foundation/Http/Middleware/CheckForMaintenanceMode.php(63): Illuminate\\Pipeline\\Pipeline->Illuminate\\Pipeline\\{closure}()
#39 /home/vagrant/Code/com.pockeyt-api/vendor/laravel/framework/src/Illuminate/Pipeline/Pipeline.php(167): Illuminate\\Foundation\\Http\\Middleware\\CheckForMaintenanceMode->handle()
#40 /home/vagrant/Code/com.pockeyt-api/vendor/laravel/framework/src/Illuminate/Pipeline/Pipeline.php(103): Illuminate\\Pipeline\\Pipeline->Illuminate\\Pipeline\\{closure}()
#41 /home/vagrant/Code/com.pockeyt-api/vendor/laravel/framework/src/Illuminate/Foundation/Http/Kernel.php(140): Illuminate\\Pipeline\\Pipeline->then()
#42 /home/vagrant/Code/com.pockeyt-api/vendor/laravel/framework/src/Illuminate/Foundation/Http/Kernel.php(109): Illuminate\\Foundation\\Http\\Kernel->sendRequestThroughRouter()
#43 /home/vagrant/Code/com.pockeyt-api/vendor/laravel/framework/src/Illuminate/Foundation/Testing/Concerns/MakesHttpRequests.php(468): Illuminate\\Foundation\\Http\\Kernel->handle()
#44 /home/vagrant/Code/com.pockeyt-api/vendor/laravel/framework/src/Illuminate/Foundation/Testing/Concerns/MakesHttpRequests.php(440): Illuminate\\Foundation\\Testing\\TestCase->call()
#45 /home/vagrant/Code/com.pockeyt-api/tests/Feature/Customer/GeoLocationTest.php(51): Illuminate\\Foundation\\Testing\\TestCase->json()
#46 /home/vagrant/Code/com.pockeyt-api/vendor/phpunit/phpunit/src/Framework/TestCase.php(1415): Tests\\Feature\\Customer\\GeoLocationTest->test_an_auth_customer_can_fetch_geo_locations()
#47 /home/vagrant/Code/com.pockeyt-api/vendor/phpunit/phpunit/src/Framework/TestCase.php(1035): PHPUnit\\Framework\\TestCase->runTest()
#48 /home/vagrant/Code/com.pockeyt-api/vendor/phpunit/phpunit/src/Framework/TestResult.php(691): PHPUnit\\Framework\\TestCase->runBare()
#49 /home/vagrant/Code/com.pockeyt-api/vendor/phpunit/phpunit/src/Framework/TestCase.php(763): PHPUnit\\Framework\\TestResult->run()
#50 /home/vagrant/Code/com.pockeyt-api/vendor/phpunit/phpunit/src/Framework/TestSuite.php(597): PHPUnit\\Framework\\TestCase->run()
#51 /home/vagrant/Code/com.pockeyt-api/vendor/phpunit/phpunit/src/Framework/TestSuite.php(597): PHPUnit\\Framework\\TestSuite->run()
#52 /home/vagrant/Code/com.pockeyt-api/vendor/phpunit/phpunit/src/Framework/TestSuite.php(597): PHPUnit\\Framework\\TestSuite->run()
#53 /home/vagrant/Code/com.pockeyt-api/vendor/phpunit/phpunit/src/TextUI/TestRunner.php(621): PHPUnit\\Framework\\TestSuite->run()
#54 /home/vagrant/Code/com.pockeyt-api/vendor/phpunit/phpunit/src/TextUI/Command.php(204): PHPUnit\\TextUI\\TestRunner->doRun()
#55 /home/vagrant/Code/com.pockeyt-api/vendor/phpunit/phpunit/src/TextUI/Command.php(163): PHPUnit\\TextUI\\Command->run()
#56 /home/vagrant/Code/com.pockeyt-api/vendor/phpunit/phpunit/phpunit(61): PHPUnit\\TextUI\\Command::main()
#57 {main}
"} 
[2020-07-19 23:53:22] testing.ERROR: Trying to get property 'business' of non-object {"userId":1,"exception":"[object] (ErrorException(code: 0): Trying to get property 'business' of non-object at /home/vagrant/Code/com.pockeyt-api/vendor/laravel/framework/src/Illuminate/Http/Resources/DelegatesToResource.php:136)
[stacktrace]
#0 /home/vagrant/Code/com.pockeyt-api/vendor/laravel/framework/src/Illuminate/Http/Resources/DelegatesToResource.php(136): Illuminate\\Foundation\\Bootstrap\\HandleExceptions->handleError()
#1 /home/vagrant/Code/com.pockeyt-api/app/Http/Resources/Customer/BusinessResource.php(19): Illuminate\\Http\\Resources\\Json\\JsonResource->__get()
#2 /home/vagrant/Code/com.pockeyt-api/vendor/laravel/framework/src/Illuminate/Support/HigherOrderCollectionProxy.php(60): App\\Http\\Resources\\Customer\\BusinessResource->toArray()
#3 [internal function]: Illuminate\\Support\\HigherOrderCollectionProxy->Illuminate\\Support\\{closure}()
#4 /home/vagrant/Code/com.pockeyt-api/vendor/laravel/framework/src/Illuminate/Support/Collection.php(638): array_map()
#5 /home/vagrant/Code/com.pockeyt-api/vendor/laravel/framework/src/Illuminate/Support/HigherOrderCollectionProxy.php(61): Illuminate\\Support\\Collection->map()
#6 /home/vagrant/Code/com.pockeyt-api/vendor/laravel/framework/src/Illuminate/Http/Resources/Json/ResourceCollection.php(100): Illuminate\\Support\\HigherOrderCollectionProxy->__call()
#7 /home/vagrant/Code/com.pockeyt-api/vendor/laravel/framework/src/Illuminate/Http/Resources/Json/JsonResource.php(95): Illuminate\\Http\\Resources\\Json\\ResourceCollection->toArray()
#8 /home/vagrant/Code/com.pockeyt-api/vendor/laravel/framework/src/Illuminate/Http/Resources/Json/ResourceResponse.php(39): Illuminate\\Http\\Resources\\Json\\JsonResource->resolve()
#9 /home/vagrant/Code/com.pockeyt-api/vendor/laravel/framework/src/Illuminate/Http/Resources/Json/JsonResource.php(221): Illuminate\\Http\\Resources\\Json\\ResourceResponse->toResponse()
#10 /home/vagrant/Code/com.pockeyt-api/vendor/laravel/framework/src/Illuminate/Http/Resources/Json/ResourceCollection.php(115): Illuminate\\Http\\Resources\\Json\\JsonResource->toResponse()
#11 /home/vagrant/Code/com.pockeyt-api/vendor/laravel/framework/src/Illuminate/Routing/Router.php(744): Illuminate\\Http\\Resources\\Json\\ResourceCollection->toResponse()
#12 /home/vagrant/Code/com.pockeyt-api/vendor/laravel/framework/src/Illuminate/Routing/Router.php(731): Illuminate\\Routing\\Router::toResponse()
#13 /home/vagrant/Code/com.pockeyt-api/vendor/laravel/framework/src/Illuminate/Routing/Router.php(685): Illuminate\\Routing\\Router->prepareResponse()
#14 /home/vagrant/Code/com.pockeyt-api/vendor/laravel/framework/src/Illuminate/Pipeline/Pipeline.php(128): Illuminate\\Routing\\Router->Illuminate\\Routing\\{closure}()
#15 /home/vagrant/Code/com.pockeyt-api/vendor/laravel/framework/src/Illuminate/Routing/Middleware/SubstituteBindings.php(41): Illuminate\\Pipeline\\Pipeline->Illuminate\\Pipeline\\{closure}()
#16 /home/vagrant/Code/com.pockeyt-api/vendor/laravel/framework/src/Illuminate/Pipeline/Pipeline.php(167): Illuminate\\Routing\\Middleware\\SubstituteBindings->handle()
#17 /home/vagrant/Code/com.pockeyt-api/vendor/laravel/framework/src/Illuminate/Auth/Middleware/Authenticate.php(44): Illuminate\\Pipeline\\Pipeline->Illuminate\\Pipeline\\{closure}()
#18 /home/vagrant/Code/com.pockeyt-api/vendor/laravel/framework/src/Illuminate/Pipeline/Pipeline.php(167): Illuminate\\Auth\\Middleware\\Authenticate->handle()
#19 /home/vagrant/Code/com.pockeyt-api/vendor/laravel/framework/src/Illuminate/Routing/Middleware/ThrottleRequests.php(59): Illuminate\\Pipeline\\Pipeline->Illuminate\\Pipeline\\{closure}()
#20 /home/vagrant/Code/com.pockeyt-api/vendor/laravel/framework/src/Illuminate/Pipeline/Pipeline.php(167): Illuminate\\Routing\\Middleware\\ThrottleRequests->handle()
#21 /home/vagrant/Code/com.pockeyt-api/vendor/laravel/framework/src/Illuminate/Pipeline/Pipeline.php(103): Illuminate\\Pipeline\\Pipeline->Illuminate\\Pipeline\\{closure}()
#22 /home/vagrant/Code/com.pockeyt-api/vendor/laravel/framework/src/Illuminate/Routing/Router.php(687): Illuminate\\Pipeline\\Pipeline->then()
#23 /home/vagrant/Code/com.pockeyt-api/vendor/laravel/framework/src/Illuminate/Routing/Router.php(662): Illuminate\\Routing\\Router->runRouteWithinStack()
#24 /home/vagrant/Code/com.pockeyt-api/vendor/laravel/framework/src/Illuminate/Routing/Router.php(628): Illuminate\\Routing\\Router->runRoute()
#25 /home/vagrant/Code/com.pockeyt-api/vendor/laravel/framework/src/Illuminate/Routing/Router.php(617): Illuminate\\Routing\\Router->dispatchToRoute()
#26 /home/vagrant/Code/com.pockeyt-api/vendor/laravel/framework/src/Illuminate/Foundation/Http/Kernel.php(165): Illuminate\\Routing\\Router->dispatch()
#27 /home/vagrant/Code/com.pockeyt-api/vendor/laravel/framework/src/Illuminate/Pipeline/Pipeline.php(128): Illuminate\\Foundation\\Http\\Kernel->Illuminate\\Foundation\\Http\\{closure}()
#28 /home/vagrant/Code/com.pockeyt-api/vendor/fruitcake/laravel-cors/src/HandleCors.php(37): Illuminate\\Pipeline\\Pipeline->Illuminate\\Pipeline\\{closure}()
#29 /home/vagrant/Code/com.pockeyt-api/vendor/laravel/framework/src/Illuminate/Pipeline/Pipeline.php(167): Fruitcake\\Cors\\HandleCors->handle()
#30 /home/vagrant/Code/com.pockeyt-api/vendor/fideloper/proxy/src/TrustProxies.php(57): Illuminate\\Pipeline\\Pipeline->Illuminate\\Pipeline\\{closure}()
#31 /home/vagrant/Code/com.pockeyt-api/vendor/laravel/framework/src/Illuminate/Pipeline/Pipeline.php(167): Fideloper\\Proxy\\TrustProxies->handle()
#32 /home/vagrant/Code/com.pockeyt-api/vendor/laravel/framework/src/Illuminate/Foundation/Http/Middleware/TransformsRequest.php(21): Illuminate\\Pipeline\\Pipeline->Illuminate\\Pipeline\\{closure}()
#33 /home/vagrant/Code/com.pockeyt-api/vendor/laravel/framework/src/Illuminate/Pipeline/Pipeline.php(167): Illuminate\\Foundation\\Http\\Middleware\\TransformsRequest->handle()
#34 /home/vagrant/Code/com.pockeyt-api/vendor/laravel/framework/src/Illuminate/Foundation/Http/Middleware/TransformsRequest.php(21): Illuminate\\Pipeline\\Pipeline->Illuminate\\Pipeline\\{closure}()
#35 /home/vagrant/Code/com.pockeyt-api/vendor/laravel/framework/src/Illuminate/Pipeline/Pipeline.php(167): Illuminate\\Foundation\\Http\\Middleware\\TransformsRequest->handle()
#36 /home/vagrant/Code/com.pockeyt-api/vendor/laravel/framework/src/Illuminate/Foundation/Http/Middleware/ValidatePostSize.php(27): Illuminate\\Pipeline\\Pipeline->Illuminate\\Pipeline\\{closure}()
#37 /home/vagrant/Code/com.pockeyt-api/vendor/laravel/framework/src/Illuminate/Pipeline/Pipeline.php(167): Illuminate\\Foundation\\Http\\Middleware\\ValidatePostSize->handle()
#38 /home/vagrant/Code/com.pockeyt-api/vendor/laravel/framework/src/Illuminate/Foundation/Http/Middleware/CheckForMaintenanceMode.php(63): Illuminate\\Pipeline\\Pipeline->Illuminate\\Pipeline\\{closure}()
#39 /home/vagrant/Code/com.pockeyt-api/vendor/laravel/framework/src/Illuminate/Pipeline/Pipeline.php(167): Illuminate\\Foundation\\Http\\Middleware\\CheckForMaintenanceMode->handle()
#40 /home/vagrant/Code/com.pockeyt-api/vendor/laravel/framework/src/Illuminate/Pipeline/Pipeline.php(103): Illuminate\\Pipeline\\Pipeline->Illuminate\\Pipeline\\{closure}()
#41 /home/vagrant/Code/com.pockeyt-api/vendor/laravel/framework/src/Illuminate/Foundation/Http/Kernel.php(140): Illuminate\\Pipeline\\Pipeline->then()
#42 /home/vagrant/Code/com.pockeyt-api/vendor/laravel/framework/src/Illuminate/Foundation/Http/Kernel.php(109): Illuminate\\Foundation\\Http\\Kernel->sendRequestThroughRouter()
#43 /home/vagrant/Code/com.pockeyt-api/vendor/laravel/framework/src/Illuminate/Foundation/Testing/Concerns/MakesHttpRequests.php(468): Illuminate\\Foundation\\Http\\Kernel->handle()
#44 /home/vagrant/Code/com.pockeyt-api/vendor/laravel/framework/src/Illuminate/Foundation/Testing/Concerns/MakesHttpRequests.php(440): Illuminate\\Foundation\\Testing\\TestCase->call()
#45 /home/vagrant/Code/com.pockeyt-api/tests/Feature/Customer/GeoLocationTest.php(51): Illuminate\\Foundation\\Testing\\TestCase->json()
#46 /home/vagrant/Code/com.pockeyt-api/vendor/phpunit/phpunit/src/Framework/TestCase.php(1415): Tests\\Feature\\Customer\\GeoLocationTest->test_an_auth_customer_can_fetch_geo_locations()
#47 /home/vagrant/Code/com.pockeyt-api/vendor/phpunit/phpunit/src/Framework/TestCase.php(1035): PHPUnit\\Framework\\TestCase->runTest()
#48 /home/vagrant/Code/com.pockeyt-api/vendor/phpunit/phpunit/src/Framework/TestResult.php(691): PHPUnit\\Framework\\TestCase->runBare()
#49 /home/vagrant/Code/com.pockeyt-api/vendor/phpunit/phpunit/src/Framework/TestCase.php(763): PHPUnit\\Framework\\TestResult->run()
#50 /home/vagrant/Code/com.pockeyt-api/vendor/phpunit/phpunit/src/Framework/TestSuite.php(597): PHPUnit\\Framework\\TestCase->run()
#51 /home/vagrant/Code/com.pockeyt-api/vendor/phpunit/phpunit/src/Framework/TestSuite.php(597): PHPUnit\\Framework\\TestSuite->run()
#52 /home/vagrant/Code/com.pockeyt-api/vendor/phpunit/phpunit/src/Framework/TestSuite.php(597): PHPUnit\\Framework\\TestSuite->run()
#53 /home/vagrant/Code/com.pockeyt-api/vendor/phpunit/phpunit/src/TextUI/TestRunner.php(621): PHPUnit\\Framework\\TestSuite->run()
#54 /home/vagrant/Code/com.pockeyt-api/vendor/phpunit/phpunit/src/TextUI/Command.php(204): PHPUnit\\TextUI\\TestRunner->doRun()
#55 /home/vagrant/Code/com.pockeyt-api/vendor/phpunit/phpunit/src/TextUI/Command.php(163): PHPUnit\\TextUI\\Command->run()
#56 /home/vagrant/Code/com.pockeyt-api/vendor/phpunit/phpunit/phpunit(61): PHPUnit\\TextUI\\Command::main()
#57 {main}
"} 
[2020-07-19 23:58:45] testing.ERROR: Undefined variable: locations {"userId":1,"exception":"[object] (ErrorException(code: 0): Undefined variable: locations at /home/vagrant/Code/com.pockeyt-api/app/Http/Controllers/Customer/GeoLocationController.php:23)
[stacktrace]
#0 /home/vagrant/Code/com.pockeyt-api/app/Http/Controllers/Customer/GeoLocationController.php(23): Illuminate\\Foundation\\Bootstrap\\HandleExceptions->handleError()
#1 [internal function]: App\\Http\\Controllers\\Customer\\GeoLocationController->store()
#2 /home/vagrant/Code/com.pockeyt-api/vendor/laravel/framework/src/Illuminate/Routing/Controller.php(54): call_user_func_array()
#3 /home/vagrant/Code/com.pockeyt-api/vendor/laravel/framework/src/Illuminate/Routing/ControllerDispatcher.php(45): Illuminate\\Routing\\Controller->callAction()
#4 /home/vagrant/Code/com.pockeyt-api/vendor/laravel/framework/src/Illuminate/Routing/Route.php(239): Illuminate\\Routing\\ControllerDispatcher->dispatch()
#5 /home/vagrant/Code/com.pockeyt-api/vendor/laravel/framework/src/Illuminate/Routing/Route.php(196): Illuminate\\Routing\\Route->runController()
#6 /home/vagrant/Code/com.pockeyt-api/vendor/laravel/framework/src/Illuminate/Routing/Router.php(685): Illuminate\\Routing\\Route->run()
#7 /home/vagrant/Code/com.pockeyt-api/vendor/laravel/framework/src/Illuminate/Pipeline/Pipeline.php(128): Illuminate\\Routing\\Router->Illuminate\\Routing\\{closure}()
#8 /home/vagrant/Code/com.pockeyt-api/vendor/laravel/framework/src/Illuminate/Routing/Middleware/SubstituteBindings.php(41): Illuminate\\Pipeline\\Pipeline->Illuminate\\Pipeline\\{closure}()
#9 /home/vagrant/Code/com.pockeyt-api/vendor/laravel/framework/src/Illuminate/Pipeline/Pipeline.php(167): Illuminate\\Routing\\Middleware\\SubstituteBindings->handle()
#10 /home/vagrant/Code/com.pockeyt-api/vendor/laravel/framework/src/Illuminate/Auth/Middleware/Authenticate.php(44): Illuminate\\Pipeline\\Pipeline->Illuminate\\Pipeline\\{closure}()
#11 /home/vagrant/Code/com.pockeyt-api/vendor/laravel/framework/src/Illuminate/Pipeline/Pipeline.php(167): Illuminate\\Auth\\Middleware\\Authenticate->handle()
#12 /home/vagrant/Code/com.pockeyt-api/vendor/laravel/framework/src/Illuminate/Routing/Middleware/ThrottleRequests.php(59): Illuminate\\Pipeline\\Pipeline->Illuminate\\Pipeline\\{closure}()
#13 /home/vagrant/Code/com.pockeyt-api/vendor/laravel/framework/src/Illuminate/Pipeline/Pipeline.php(167): Illuminate\\Routing\\Middleware\\ThrottleRequests->handle()
#14 /home/vagrant/Code/com.pockeyt-api/vendor/laravel/framework/src/Illuminate/Pipeline/Pipeline.php(103): Illuminate\\Pipeline\\Pipeline->Illuminate\\Pipeline\\{closure}()
#15 /home/vagrant/Code/com.pockeyt-api/vendor/laravel/framework/src/Illuminate/Routing/Router.php(687): Illuminate\\Pipeline\\Pipeline->then()
#16 /home/vagrant/Code/com.pockeyt-api/vendor/laravel/framework/src/Illuminate/Routing/Router.php(662): Illuminate\\Routing\\Router->runRouteWithinStack()
#17 /home/vagrant/Code/com.pockeyt-api/vendor/laravel/framework/src/Illuminate/Routing/Router.php(628): Illuminate\\Routing\\Router->runRoute()
#18 /home/vagrant/Code/com.pockeyt-api/vendor/laravel/framework/src/Illuminate/Routing/Router.php(617): Illuminate\\Routing\\Router->dispatchToRoute()
#19 /home/vagrant/Code/com.pockeyt-api/vendor/laravel/framework/src/Illuminate/Foundation/Http/Kernel.php(165): Illuminate\\Routing\\Router->dispatch()
#20 /home/vagrant/Code/com.pockeyt-api/vendor/laravel/framework/src/Illuminate/Pipeline/Pipeline.php(128): Illuminate\\Foundation\\Http\\Kernel->Illuminate\\Foundation\\Http\\{closure}()
#21 /home/vagrant/Code/com.pockeyt-api/vendor/fruitcake/laravel-cors/src/HandleCors.php(37): Illuminate\\Pipeline\\Pipeline->Illuminate\\Pipeline\\{closure}()
#22 /home/vagrant/Code/com.pockeyt-api/vendor/laravel/framework/src/Illuminate/Pipeline/Pipeline.php(167): Fruitcake\\Cors\\HandleCors->handle()
#23 /home/vagrant/Code/com.pockeyt-api/vendor/fideloper/proxy/src/TrustProxies.php(57): Illuminate\\Pipeline\\Pipeline->Illuminate\\Pipeline\\{closure}()
#24 /home/vagrant/Code/com.pockeyt-api/vendor/laravel/framework/src/Illuminate/Pipeline/Pipeline.php(167): Fideloper\\Proxy\\TrustProxies->handle()
#25 /home/vagrant/Code/com.pockeyt-api/vendor/laravel/framework/src/Illuminate/Foundation/Http/Middleware/TransformsRequest.php(21): Illuminate\\Pipeline\\Pipeline->Illuminate\\Pipeline\\{closure}()
#26 /home/vagrant/Code/com.pockeyt-api/vendor/laravel/framework/src/Illuminate/Pipeline/Pipeline.php(167): Illuminate\\Foundation\\Http\\Middleware\\TransformsRequest->handle()
#27 /home/vagrant/Code/com.pockeyt-api/vendor/laravel/framework/src/Illuminate/Foundation/Http/Middleware/TransformsRequest.php(21): Illuminate\\Pipeline\\Pipeline->Illuminate\\Pipeline\\{closure}()
#28 /home/vagrant/Code/com.pockeyt-api/vendor/laravel/framework/src/Illuminate/Pipeline/Pipeline.php(167): Illuminate\\Foundation\\Http\\Middleware\\TransformsRequest->handle()
#29 /home/vagrant/Code/com.pockeyt-api/vendor/laravel/framework/src/Illuminate/Foundation/Http/Middleware/ValidatePostSize.php(27): Illuminate\\Pipeline\\Pipeline->Illuminate\\Pipeline\\{closure}()
#30 /home/vagrant/Code/com.pockeyt-api/vendor/laravel/framework/src/Illuminate/Pipeline/Pipeline.php(167): Illuminate\\Foundation\\Http\\Middleware\\ValidatePostSize->handle()
#31 /home/vagrant/Code/com.pockeyt-api/vendor/laravel/framework/src/Illuminate/Foundation/Http/Middleware/CheckForMaintenanceMode.php(63): Illuminate\\Pipeline\\Pipeline->Illuminate\\Pipeline\\{closure}()
#32 /home/vagrant/Code/com.pockeyt-api/vendor/laravel/framework/src/Illuminate/Pipeline/Pipeline.php(167): Illuminate\\Foundation\\Http\\Middleware\\CheckForMaintenanceMode->handle()
#33 /home/vagrant/Code/com.pockeyt-api/vendor/laravel/framework/src/Illuminate/Pipeline/Pipeline.php(103): Illuminate\\Pipeline\\Pipeline->Illuminate\\Pipeline\\{closure}()
#34 /home/vagrant/Code/com.pockeyt-api/vendor/laravel/framework/src/Illuminate/Foundation/Http/Kernel.php(140): Illuminate\\Pipeline\\Pipeline->then()
#35 /home/vagrant/Code/com.pockeyt-api/vendor/laravel/framework/src/Illuminate/Foundation/Http/Kernel.php(109): Illuminate\\Foundation\\Http\\Kernel->sendRequestThroughRouter()
#36 /home/vagrant/Code/com.pockeyt-api/vendor/laravel/framework/src/Illuminate/Foundation/Testing/Concerns/MakesHttpRequests.php(468): Illuminate\\Foundation\\Http\\Kernel->handle()
#37 /home/vagrant/Code/com.pockeyt-api/vendor/laravel/framework/src/Illuminate/Foundation/Testing/Concerns/MakesHttpRequests.php(440): Illuminate\\Foundation\\Testing\\TestCase->call()
#38 /home/vagrant/Code/com.pockeyt-api/tests/Feature/Customer/GeoLocationTest.php(51): Illuminate\\Foundation\\Testing\\TestCase->json()
#39 /home/vagrant/Code/com.pockeyt-api/vendor/phpunit/phpunit/src/Framework/TestCase.php(1415): Tests\\Feature\\Customer\\GeoLocationTest->test_an_auth_customer_can_fetch_geo_locations()
#40 /home/vagrant/Code/com.pockeyt-api/vendor/phpunit/phpunit/src/Framework/TestCase.php(1035): PHPUnit\\Framework\\TestCase->runTest()
#41 /home/vagrant/Code/com.pockeyt-api/vendor/phpunit/phpunit/src/Framework/TestResult.php(691): PHPUnit\\Framework\\TestCase->runBare()
#42 /home/vagrant/Code/com.pockeyt-api/vendor/phpunit/phpunit/src/Framework/TestCase.php(763): PHPUnit\\Framework\\TestResult->run()
#43 /home/vagrant/Code/com.pockeyt-api/vendor/phpunit/phpunit/src/Framework/TestSuite.php(597): PHPUnit\\Framework\\TestCase->run()
#44 /home/vagrant/Code/com.pockeyt-api/vendor/phpunit/phpunit/src/Framework/TestSuite.php(597): PHPUnit\\Framework\\TestSuite->run()
#45 /home/vagrant/Code/com.pockeyt-api/vendor/phpunit/phpunit/src/Framework/TestSuite.php(597): PHPUnit\\Framework\\TestSuite->run()
#46 /home/vagrant/Code/com.pockeyt-api/vendor/phpunit/phpunit/src/TextUI/TestRunner.php(621): PHPUnit\\Framework\\TestSuite->run()
#47 /home/vagrant/Code/com.pockeyt-api/vendor/phpunit/phpunit/src/TextUI/Command.php(204): PHPUnit\\TextUI\\TestRunner->doRun()
#48 /home/vagrant/Code/com.pockeyt-api/vendor/phpunit/phpunit/src/TextUI/Command.php(163): PHPUnit\\TextUI\\Command->run()
#49 /home/vagrant/Code/com.pockeyt-api/vendor/phpunit/phpunit/phpunit(61): PHPUnit\\TextUI\\Command::main()
#50 {main}
"} 
