[2020-07-01 12:57:06] testing.ERROR: The token has been blacklisted {"userId":1,"exception":"[object] (Tymon\\JWTAuth\\Exceptions\\TokenBlacklistedException(code: 0): The token has been blacklisted at /home/vagrant/Code/com.pockeyt-api/vendor/tymon/jwt-auth/src/Manager.php:109)
[stacktrace]
#0 /home/vagrant/Code/com.pockeyt-api/vendor/tymon/jwt-auth/src/Manager.php(128): Tymon\\JWTAuth\\Manager->decode()
#1 /home/vagrant/Code/com.pockeyt-api/vendor/tymon/jwt-auth/src/JWT.php(106): Tymon\\JWTAuth\\Manager->refresh()
#2 /home/vagrant/Code/com.pockeyt-api/vendor/tymon/jwt-auth/src/JWTGuard.php(173): Tymon\\JWTAuth\\JWT->refresh()
#3 /home/vagrant/Code/com.pockeyt-api/app/Models/Business/Business.php(111): Tymon\\JWTAuth\\JWTGuard->refresh()
#4 /home/vagrant/Code/com.pockeyt-api/app/Models/Business/Business.php(115): App\\Models\\Business\\Business::refreshToken()
#5 /home/vagrant/Code/com.pockeyt-api/app/Http/Controllers/Business/AuthController.php(35): App\\Models\\Business\\Business::updateToken()
#6 [internal function]: App\\Http\\Controllers\\Business\\AuthController->refresh()
#7 /home/vagrant/Code/com.pockeyt-api/vendor/laravel/framework/src/Illuminate/Routing/Controller.php(54): call_user_func_array()
#8 /home/vagrant/Code/com.pockeyt-api/vendor/laravel/framework/src/Illuminate/Routing/ControllerDispatcher.php(45): Illuminate\\Routing\\Controller->callAction()
#9 /home/vagrant/Code/com.pockeyt-api/vendor/laravel/framework/src/Illuminate/Routing/Route.php(239): Illuminate\\Routing\\ControllerDispatcher->dispatch()
#10 /home/vagrant/Code/com.pockeyt-api/vendor/laravel/framework/src/Illuminate/Routing/Route.php(196): Illuminate\\Routing\\Route->runController()
#11 /home/vagrant/Code/com.pockeyt-api/vendor/laravel/framework/src/Illuminate/Routing/Router.php(685): Illuminate\\Routing\\Route->run()
#12 /home/vagrant/Code/com.pockeyt-api/vendor/laravel/framework/src/Illuminate/Pipeline/Pipeline.php(128): Illuminate\\Routing\\Router->Illuminate\\Routing\\{closure}()
#13 /home/vagrant/Code/com.pockeyt-api/vendor/laravel/framework/src/Illuminate/Routing/Middleware/SubstituteBindings.php(41): Illuminate\\Pipeline\\Pipeline->Illuminate\\Pipeline\\{closure}()
#14 /home/vagrant/Code/com.pockeyt-api/vendor/laravel/framework/src/Illuminate/Pipeline/Pipeline.php(167): Illuminate\\Routing\\Middleware\\SubstituteBindings->handle()
#15 /home/vagrant/Code/com.pockeyt-api/vendor/laravel/framework/src/Illuminate/Auth/Middleware/Authenticate.php(44): Illuminate\\Pipeline\\Pipeline->Illuminate\\Pipeline\\{closure}()
#16 /home/vagrant/Code/com.pockeyt-api/vendor/laravel/framework/src/Illuminate/Pipeline/Pipeline.php(167): Illuminate\\Auth\\Middleware\\Authenticate->handle()
#17 /home/vagrant/Code/com.pockeyt-api/vendor/laravel/framework/src/Illuminate/Routing/Middleware/ThrottleRequests.php(59): Illuminate\\Pipeline\\Pipeline->Illuminate\\Pipeline\\{closure}()
#18 /home/vagrant/Code/com.pockeyt-api/vendor/laravel/framework/src/Illuminate/Pipeline/Pipeline.php(167): Illuminate\\Routing\\Middleware\\ThrottleRequests->handle()
#19 /home/vagrant/Code/com.pockeyt-api/vendor/laravel/framework/src/Illuminate/Pipeline/Pipeline.php(103): Illuminate\\Pipeline\\Pipeline->Illuminate\\Pipeline\\{closure}()
#20 /home/vagrant/Code/com.pockeyt-api/vendor/laravel/framework/src/Illuminate/Routing/Router.php(687): Illuminate\\Pipeline\\Pipeline->then()
#21 /home/vagrant/Code/com.pockeyt-api/vendor/laravel/framework/src/Illuminate/Routing/Router.php(662): Illuminate\\Routing\\Router->runRouteWithinStack()
#22 /home/vagrant/Code/com.pockeyt-api/vendor/laravel/framework/src/Illuminate/Routing/Router.php(628): Illuminate\\Routing\\Router->runRoute()
#23 /home/vagrant/Code/com.pockeyt-api/vendor/laravel/framework/src/Illuminate/Routing/Router.php(617): Illuminate\\Routing\\Router->dispatchToRoute()
#24 /home/vagrant/Code/com.pockeyt-api/vendor/laravel/framework/src/Illuminate/Foundation/Http/Kernel.php(165): Illuminate\\Routing\\Router->dispatch()
#25 /home/vagrant/Code/com.pockeyt-api/vendor/laravel/framework/src/Illuminate/Pipeline/Pipeline.php(128): Illuminate\\Foundation\\Http\\Kernel->Illuminate\\Foundation\\Http\\{closure}()
#26 /home/vagrant/Code/com.pockeyt-api/vendor/fruitcake/laravel-cors/src/HandleCors.php(37): Illuminate\\Pipeline\\Pipeline->Illuminate\\Pipeline\\{closure}()
#27 /home/vagrant/Code/com.pockeyt-api/vendor/laravel/framework/src/Illuminate/Pipeline/Pipeline.php(167): Fruitcake\\Cors\\HandleCors->handle()
#28 /home/vagrant/Code/com.pockeyt-api/vendor/fideloper/proxy/src/TrustProxies.php(57): Illuminate\\Pipeline\\Pipeline->Illuminate\\Pipeline\\{closure}()
#29 /home/vagrant/Code/com.pockeyt-api/vendor/laravel/framework/src/Illuminate/Pipeline/Pipeline.php(167): Fideloper\\Proxy\\TrustProxies->handle()
#30 /home/vagrant/Code/com.pockeyt-api/vendor/laravel/framework/src/Illuminate/Foundation/Http/Middleware/TransformsRequest.php(21): Illuminate\\Pipeline\\Pipeline->Illuminate\\Pipeline\\{closure}()
#31 /home/vagrant/Code/com.pockeyt-api/vendor/laravel/framework/src/Illuminate/Pipeline/Pipeline.php(167): Illuminate\\Foundation\\Http\\Middleware\\TransformsRequest->handle()
#32 /home/vagrant/Code/com.pockeyt-api/vendor/laravel/framework/src/Illuminate/Foundation/Http/Middleware/TransformsRequest.php(21): Illuminate\\Pipeline\\Pipeline->Illuminate\\Pipeline\\{closure}()
#33 /home/vagrant/Code/com.pockeyt-api/vendor/laravel/framework/src/Illuminate/Pipeline/Pipeline.php(167): Illuminate\\Foundation\\Http\\Middleware\\TransformsRequest->handle()
#34 /home/vagrant/Code/com.pockeyt-api/vendor/laravel/framework/src/Illuminate/Foundation/Http/Middleware/ValidatePostSize.php(27): Illuminate\\Pipeline\\Pipeline->Illuminate\\Pipeline\\{closure}()
#35 /home/vagrant/Code/com.pockeyt-api/vendor/laravel/framework/src/Illuminate/Pipeline/Pipeline.php(167): Illuminate\\Foundation\\Http\\Middleware\\ValidatePostSize->handle()
#36 /home/vagrant/Code/com.pockeyt-api/vendor/laravel/framework/src/Illuminate/Foundation/Http/Middleware/CheckForMaintenanceMode.php(63): Illuminate\\Pipeline\\Pipeline->Illuminate\\Pipeline\\{closure}()
#37 /home/vagrant/Code/com.pockeyt-api/vendor/laravel/framework/src/Illuminate/Pipeline/Pipeline.php(167): Illuminate\\Foundation\\Http\\Middleware\\CheckForMaintenanceMode->handle()
#38 /home/vagrant/Code/com.pockeyt-api/vendor/laravel/framework/src/Illuminate/Pipeline/Pipeline.php(103): Illuminate\\Pipeline\\Pipeline->Illuminate\\Pipeline\\{closure}()
#39 /home/vagrant/Code/com.pockeyt-api/vendor/laravel/framework/src/Illuminate/Foundation/Http/Kernel.php(140): Illuminate\\Pipeline\\Pipeline->then()
#40 /home/vagrant/Code/com.pockeyt-api/vendor/laravel/framework/src/Illuminate/Foundation/Http/Kernel.php(109): Illuminate\\Foundation\\Http\\Kernel->sendRequestThroughRouter()
#41 /home/vagrant/Code/com.pockeyt-api/vendor/laravel/framework/src/Illuminate/Foundation/Testing/Concerns/MakesHttpRequests.php(468): Illuminate\\Foundation\\Http\\Kernel->handle()
#42 /home/vagrant/Code/com.pockeyt-api/vendor/laravel/framework/src/Illuminate/Foundation/Testing/Concerns/MakesHttpRequests.php(440): Illuminate\\Foundation\\Testing\\TestCase->call()
#43 /home/vagrant/Code/com.pockeyt-api/tests/Feature/Business/AuthTest.php(159): Illuminate\\Foundation\\Testing\\TestCase->json()
#44 /home/vagrant/Code/com.pockeyt-api/vendor/phpunit/phpunit/src/Framework/TestCase.php(1415): Tests\\Feature\\Business\\AuthTest->test_a_logged_in_business_can_refresh_their_token()
#45 /home/vagrant/Code/com.pockeyt-api/vendor/phpunit/phpunit/src/Framework/TestCase.php(1035): PHPUnit\\Framework\\TestCase->runTest()
#46 /home/vagrant/Code/com.pockeyt-api/vendor/phpunit/phpunit/src/Framework/TestResult.php(691): PHPUnit\\Framework\\TestCase->runBare()
#47 /home/vagrant/Code/com.pockeyt-api/vendor/phpunit/phpunit/src/Framework/TestCase.php(763): PHPUnit\\Framework\\TestResult->run()
#48 /home/vagrant/Code/com.pockeyt-api/vendor/phpunit/phpunit/src/Framework/TestSuite.php(597): PHPUnit\\Framework\\TestCase->run()
#49 /home/vagrant/Code/com.pockeyt-api/vendor/phpunit/phpunit/src/Framework/TestSuite.php(597): PHPUnit\\Framework\\TestSuite->run()
#50 /home/vagrant/Code/com.pockeyt-api/vendor/phpunit/phpunit/src/Framework/TestSuite.php(597): PHPUnit\\Framework\\TestSuite->run()
#51 /home/vagrant/Code/com.pockeyt-api/vendor/phpunit/phpunit/src/TextUI/TestRunner.php(621): PHPUnit\\Framework\\TestSuite->run()
#52 /home/vagrant/Code/com.pockeyt-api/vendor/phpunit/phpunit/src/TextUI/Command.php(204): PHPUnit\\TextUI\\TestRunner->doRun()
#53 /home/vagrant/Code/com.pockeyt-api/vendor/phpunit/phpunit/src/TextUI/Command.php(163): PHPUnit\\TextUI\\Command->run()
#54 /home/vagrant/Code/com.pockeyt-api/vendor/phpunit/phpunit/phpunit(61): PHPUnit\\TextUI\\Command::main()
#55 {main}
"} 
[2020-07-01 12:58:11] testing.ERROR: The token has been blacklisted {"userId":1,"exception":"[object] (Tymon\\JWTAuth\\Exceptions\\TokenBlacklistedException(code: 0): The token has been blacklisted at /home/vagrant/Code/com.pockeyt-api/vendor/tymon/jwt-auth/src/Manager.php:109)
[stacktrace]
#0 /home/vagrant/Code/com.pockeyt-api/vendor/tymon/jwt-auth/src/Manager.php(128): Tymon\\JWTAuth\\Manager->decode()
#1 /home/vagrant/Code/com.pockeyt-api/vendor/tymon/jwt-auth/src/JWT.php(106): Tymon\\JWTAuth\\Manager->refresh()
#2 /home/vagrant/Code/com.pockeyt-api/vendor/tymon/jwt-auth/src/JWTGuard.php(173): Tymon\\JWTAuth\\JWT->refresh()
#3 /home/vagrant/Code/com.pockeyt-api/app/Models/Customer/Customer.php(111): Tymon\\JWTAuth\\JWTGuard->refresh()
#4 /home/vagrant/Code/com.pockeyt-api/app/Models/Customer/Customer.php(115): App\\Models\\Customer\\Customer::refreshToken()
#5 /home/vagrant/Code/com.pockeyt-api/app/Http/Controllers/Customer/AuthController.php(40): App\\Models\\Customer\\Customer::updateToken()
#6 [internal function]: App\\Http\\Controllers\\Customer\\AuthController->refresh()
#7 /home/vagrant/Code/com.pockeyt-api/vendor/laravel/framework/src/Illuminate/Routing/Controller.php(54): call_user_func_array()
#8 /home/vagrant/Code/com.pockeyt-api/vendor/laravel/framework/src/Illuminate/Routing/ControllerDispatcher.php(45): Illuminate\\Routing\\Controller->callAction()
#9 /home/vagrant/Code/com.pockeyt-api/vendor/laravel/framework/src/Illuminate/Routing/Route.php(239): Illuminate\\Routing\\ControllerDispatcher->dispatch()
#10 /home/vagrant/Code/com.pockeyt-api/vendor/laravel/framework/src/Illuminate/Routing/Route.php(196): Illuminate\\Routing\\Route->runController()
#11 /home/vagrant/Code/com.pockeyt-api/vendor/laravel/framework/src/Illuminate/Routing/Router.php(685): Illuminate\\Routing\\Route->run()
#12 /home/vagrant/Code/com.pockeyt-api/vendor/laravel/framework/src/Illuminate/Pipeline/Pipeline.php(128): Illuminate\\Routing\\Router->Illuminate\\Routing\\{closure}()
#13 /home/vagrant/Code/com.pockeyt-api/vendor/laravel/framework/src/Illuminate/Routing/Middleware/SubstituteBindings.php(41): Illuminate\\Pipeline\\Pipeline->Illuminate\\Pipeline\\{closure}()
#14 /home/vagrant/Code/com.pockeyt-api/vendor/laravel/framework/src/Illuminate/Pipeline/Pipeline.php(167): Illuminate\\Routing\\Middleware\\SubstituteBindings->handle()
#15 /home/vagrant/Code/com.pockeyt-api/vendor/laravel/framework/src/Illuminate/Auth/Middleware/Authenticate.php(44): Illuminate\\Pipeline\\Pipeline->Illuminate\\Pipeline\\{closure}()
#16 /home/vagrant/Code/com.pockeyt-api/vendor/laravel/framework/src/Illuminate/Pipeline/Pipeline.php(167): Illuminate\\Auth\\Middleware\\Authenticate->handle()
#17 /home/vagrant/Code/com.pockeyt-api/vendor/laravel/framework/src/Illuminate/Routing/Middleware/ThrottleRequests.php(59): Illuminate\\Pipeline\\Pipeline->Illuminate\\Pipeline\\{closure}()
#18 /home/vagrant/Code/com.pockeyt-api/vendor/laravel/framework/src/Illuminate/Pipeline/Pipeline.php(167): Illuminate\\Routing\\Middleware\\ThrottleRequests->handle()
#19 /home/vagrant/Code/com.pockeyt-api/vendor/laravel/framework/src/Illuminate/Pipeline/Pipeline.php(103): Illuminate\\Pipeline\\Pipeline->Illuminate\\Pipeline\\{closure}()
#20 /home/vagrant/Code/com.pockeyt-api/vendor/laravel/framework/src/Illuminate/Routing/Router.php(687): Illuminate\\Pipeline\\Pipeline->then()
#21 /home/vagrant/Code/com.pockeyt-api/vendor/laravel/framework/src/Illuminate/Routing/Router.php(662): Illuminate\\Routing\\Router->runRouteWithinStack()
#22 /home/vagrant/Code/com.pockeyt-api/vendor/laravel/framework/src/Illuminate/Routing/Router.php(628): Illuminate\\Routing\\Router->runRoute()
#23 /home/vagrant/Code/com.pockeyt-api/vendor/laravel/framework/src/Illuminate/Routing/Router.php(617): Illuminate\\Routing\\Router->dispatchToRoute()
#24 /home/vagrant/Code/com.pockeyt-api/vendor/laravel/framework/src/Illuminate/Foundation/Http/Kernel.php(165): Illuminate\\Routing\\Router->dispatch()
#25 /home/vagrant/Code/com.pockeyt-api/vendor/laravel/framework/src/Illuminate/Pipeline/Pipeline.php(128): Illuminate\\Foundation\\Http\\Kernel->Illuminate\\Foundation\\Http\\{closure}()
#26 /home/vagrant/Code/com.pockeyt-api/vendor/fruitcake/laravel-cors/src/HandleCors.php(37): Illuminate\\Pipeline\\Pipeline->Illuminate\\Pipeline\\{closure}()
#27 /home/vagrant/Code/com.pockeyt-api/vendor/laravel/framework/src/Illuminate/Pipeline/Pipeline.php(167): Fruitcake\\Cors\\HandleCors->handle()
#28 /home/vagrant/Code/com.pockeyt-api/vendor/fideloper/proxy/src/TrustProxies.php(57): Illuminate\\Pipeline\\Pipeline->Illuminate\\Pipeline\\{closure}()
#29 /home/vagrant/Code/com.pockeyt-api/vendor/laravel/framework/src/Illuminate/Pipeline/Pipeline.php(167): Fideloper\\Proxy\\TrustProxies->handle()
#30 /home/vagrant/Code/com.pockeyt-api/vendor/laravel/framework/src/Illuminate/Foundation/Http/Middleware/TransformsRequest.php(21): Illuminate\\Pipeline\\Pipeline->Illuminate\\Pipeline\\{closure}()
#31 /home/vagrant/Code/com.pockeyt-api/vendor/laravel/framework/src/Illuminate/Pipeline/Pipeline.php(167): Illuminate\\Foundation\\Http\\Middleware\\TransformsRequest->handle()
#32 /home/vagrant/Code/com.pockeyt-api/vendor/laravel/framework/src/Illuminate/Foundation/Http/Middleware/TransformsRequest.php(21): Illuminate\\Pipeline\\Pipeline->Illuminate\\Pipeline\\{closure}()
#33 /home/vagrant/Code/com.pockeyt-api/vendor/laravel/framework/src/Illuminate/Pipeline/Pipeline.php(167): Illuminate\\Foundation\\Http\\Middleware\\TransformsRequest->handle()
#34 /home/vagrant/Code/com.pockeyt-api/vendor/laravel/framework/src/Illuminate/Foundation/Http/Middleware/ValidatePostSize.php(27): Illuminate\\Pipeline\\Pipeline->Illuminate\\Pipeline\\{closure}()
#35 /home/vagrant/Code/com.pockeyt-api/vendor/laravel/framework/src/Illuminate/Pipeline/Pipeline.php(167): Illuminate\\Foundation\\Http\\Middleware\\ValidatePostSize->handle()
#36 /home/vagrant/Code/com.pockeyt-api/vendor/laravel/framework/src/Illuminate/Foundation/Http/Middleware/CheckForMaintenanceMode.php(63): Illuminate\\Pipeline\\Pipeline->Illuminate\\Pipeline\\{closure}()
#37 /home/vagrant/Code/com.pockeyt-api/vendor/laravel/framework/src/Illuminate/Pipeline/Pipeline.php(167): Illuminate\\Foundation\\Http\\Middleware\\CheckForMaintenanceMode->handle()
#38 /home/vagrant/Code/com.pockeyt-api/vendor/laravel/framework/src/Illuminate/Pipeline/Pipeline.php(103): Illuminate\\Pipeline\\Pipeline->Illuminate\\Pipeline\\{closure}()
#39 /home/vagrant/Code/com.pockeyt-api/vendor/laravel/framework/src/Illuminate/Foundation/Http/Kernel.php(140): Illuminate\\Pipeline\\Pipeline->then()
#40 /home/vagrant/Code/com.pockeyt-api/vendor/laravel/framework/src/Illuminate/Foundation/Http/Kernel.php(109): Illuminate\\Foundation\\Http\\Kernel->sendRequestThroughRouter()
#41 /home/vagrant/Code/com.pockeyt-api/vendor/laravel/framework/src/Illuminate/Foundation/Testing/Concerns/MakesHttpRequests.php(468): Illuminate\\Foundation\\Http\\Kernel->handle()
#42 /home/vagrant/Code/com.pockeyt-api/vendor/laravel/framework/src/Illuminate/Foundation/Testing/Concerns/MakesHttpRequests.php(440): Illuminate\\Foundation\\Testing\\TestCase->call()
#43 /home/vagrant/Code/com.pockeyt-api/tests/Feature/Customer/AuthTest.php(172): Illuminate\\Foundation\\Testing\\TestCase->json()
#44 /home/vagrant/Code/com.pockeyt-api/vendor/phpunit/phpunit/src/Framework/TestCase.php(1415): Tests\\Feature\\Customer\\AuthTest->test_a_logged_in_customer_can_refresh_their_token()
#45 /home/vagrant/Code/com.pockeyt-api/vendor/phpunit/phpunit/src/Framework/TestCase.php(1035): PHPUnit\\Framework\\TestCase->runTest()
#46 /home/vagrant/Code/com.pockeyt-api/vendor/phpunit/phpunit/src/Framework/TestResult.php(691): PHPUnit\\Framework\\TestCase->runBare()
#47 /home/vagrant/Code/com.pockeyt-api/vendor/phpunit/phpunit/src/Framework/TestCase.php(763): PHPUnit\\Framework\\TestResult->run()
#48 /home/vagrant/Code/com.pockeyt-api/vendor/phpunit/phpunit/src/Framework/TestSuite.php(597): PHPUnit\\Framework\\TestCase->run()
#49 /home/vagrant/Code/com.pockeyt-api/vendor/phpunit/phpunit/src/Framework/TestSuite.php(597): PHPUnit\\Framework\\TestSuite->run()
#50 /home/vagrant/Code/com.pockeyt-api/vendor/phpunit/phpunit/src/Framework/TestSuite.php(597): PHPUnit\\Framework\\TestSuite->run()
#51 /home/vagrant/Code/com.pockeyt-api/vendor/phpunit/phpunit/src/TextUI/TestRunner.php(621): PHPUnit\\Framework\\TestSuite->run()
#52 /home/vagrant/Code/com.pockeyt-api/vendor/phpunit/phpunit/src/TextUI/Command.php(204): PHPUnit\\TextUI\\TestRunner->doRun()
#53 /home/vagrant/Code/com.pockeyt-api/vendor/phpunit/phpunit/src/TextUI/Command.php(163): PHPUnit\\TextUI\\Command->run()
#54 /home/vagrant/Code/com.pockeyt-api/vendor/phpunit/phpunit/phpunit(61): PHPUnit\\TextUI\\Command::main()
#55 {main}
"} 
[2020-07-01 13:05:23] testing.ERROR: The token has been blacklisted {"userId":1,"exception":"[object] (Tymon\\JWTAuth\\Exceptions\\TokenBlacklistedException(code: 0): The token has been blacklisted at /home/vagrant/Code/com.pockeyt-api/vendor/tymon/jwt-auth/src/Manager.php:109)
[stacktrace]
#0 /home/vagrant/Code/com.pockeyt-api/vendor/tymon/jwt-auth/src/Manager.php(128): Tymon\\JWTAuth\\Manager->decode()
#1 /home/vagrant/Code/com.pockeyt-api/vendor/tymon/jwt-auth/src/JWT.php(106): Tymon\\JWTAuth\\Manager->refresh()
#2 /home/vagrant/Code/com.pockeyt-api/vendor/tymon/jwt-auth/src/JWTGuard.php(173): Tymon\\JWTAuth\\JWT->refresh()
#3 /home/vagrant/Code/com.pockeyt-api/app/Models/Business/Business.php(111): Tymon\\JWTAuth\\JWTGuard->refresh()
#4 /home/vagrant/Code/com.pockeyt-api/app/Models/Business/Business.php(115): App\\Models\\Business\\Business::refreshToken()
#5 /home/vagrant/Code/com.pockeyt-api/app/Http/Controllers/Business/AuthController.php(35): App\\Models\\Business\\Business::updateToken()
#6 [internal function]: App\\Http\\Controllers\\Business\\AuthController->refresh()
#7 /home/vagrant/Code/com.pockeyt-api/vendor/laravel/framework/src/Illuminate/Routing/Controller.php(54): call_user_func_array()
#8 /home/vagrant/Code/com.pockeyt-api/vendor/laravel/framework/src/Illuminate/Routing/ControllerDispatcher.php(45): Illuminate\\Routing\\Controller->callAction()
#9 /home/vagrant/Code/com.pockeyt-api/vendor/laravel/framework/src/Illuminate/Routing/Route.php(239): Illuminate\\Routing\\ControllerDispatcher->dispatch()
#10 /home/vagrant/Code/com.pockeyt-api/vendor/laravel/framework/src/Illuminate/Routing/Route.php(196): Illuminate\\Routing\\Route->runController()
#11 /home/vagrant/Code/com.pockeyt-api/vendor/laravel/framework/src/Illuminate/Routing/Router.php(685): Illuminate\\Routing\\Route->run()
#12 /home/vagrant/Code/com.pockeyt-api/vendor/laravel/framework/src/Illuminate/Pipeline/Pipeline.php(128): Illuminate\\Routing\\Router->Illuminate\\Routing\\{closure}()
#13 /home/vagrant/Code/com.pockeyt-api/vendor/laravel/framework/src/Illuminate/Routing/Middleware/SubstituteBindings.php(41): Illuminate\\Pipeline\\Pipeline->Illuminate\\Pipeline\\{closure}()
#14 /home/vagrant/Code/com.pockeyt-api/vendor/laravel/framework/src/Illuminate/Pipeline/Pipeline.php(167): Illuminate\\Routing\\Middleware\\SubstituteBindings->handle()
#15 /home/vagrant/Code/com.pockeyt-api/vendor/laravel/framework/src/Illuminate/Auth/Middleware/Authenticate.php(44): Illuminate\\Pipeline\\Pipeline->Illuminate\\Pipeline\\{closure}()
#16 /home/vagrant/Code/com.pockeyt-api/vendor/laravel/framework/src/Illuminate/Pipeline/Pipeline.php(167): Illuminate\\Auth\\Middleware\\Authenticate->handle()
#17 /home/vagrant/Code/com.pockeyt-api/vendor/laravel/framework/src/Illuminate/Routing/Middleware/ThrottleRequests.php(59): Illuminate\\Pipeline\\Pipeline->Illuminate\\Pipeline\\{closure}()
#18 /home/vagrant/Code/com.pockeyt-api/vendor/laravel/framework/src/Illuminate/Pipeline/Pipeline.php(167): Illuminate\\Routing\\Middleware\\ThrottleRequests->handle()
#19 /home/vagrant/Code/com.pockeyt-api/vendor/laravel/framework/src/Illuminate/Pipeline/Pipeline.php(103): Illuminate\\Pipeline\\Pipeline->Illuminate\\Pipeline\\{closure}()
#20 /home/vagrant/Code/com.pockeyt-api/vendor/laravel/framework/src/Illuminate/Routing/Router.php(687): Illuminate\\Pipeline\\Pipeline->then()
#21 /home/vagrant/Code/com.pockeyt-api/vendor/laravel/framework/src/Illuminate/Routing/Router.php(662): Illuminate\\Routing\\Router->runRouteWithinStack()
#22 /home/vagrant/Code/com.pockeyt-api/vendor/laravel/framework/src/Illuminate/Routing/Router.php(628): Illuminate\\Routing\\Router->runRoute()
#23 /home/vagrant/Code/com.pockeyt-api/vendor/laravel/framework/src/Illuminate/Routing/Router.php(617): Illuminate\\Routing\\Router->dispatchToRoute()
#24 /home/vagrant/Code/com.pockeyt-api/vendor/laravel/framework/src/Illuminate/Foundation/Http/Kernel.php(165): Illuminate\\Routing\\Router->dispatch()
#25 /home/vagrant/Code/com.pockeyt-api/vendor/laravel/framework/src/Illuminate/Pipeline/Pipeline.php(128): Illuminate\\Foundation\\Http\\Kernel->Illuminate\\Foundation\\Http\\{closure}()
#26 /home/vagrant/Code/com.pockeyt-api/vendor/fruitcake/laravel-cors/src/HandleCors.php(37): Illuminate\\Pipeline\\Pipeline->Illuminate\\Pipeline\\{closure}()
#27 /home/vagrant/Code/com.pockeyt-api/vendor/laravel/framework/src/Illuminate/Pipeline/Pipeline.php(167): Fruitcake\\Cors\\HandleCors->handle()
#28 /home/vagrant/Code/com.pockeyt-api/vendor/fideloper/proxy/src/TrustProxies.php(57): Illuminate\\Pipeline\\Pipeline->Illuminate\\Pipeline\\{closure}()
#29 /home/vagrant/Code/com.pockeyt-api/vendor/laravel/framework/src/Illuminate/Pipeline/Pipeline.php(167): Fideloper\\Proxy\\TrustProxies->handle()
#30 /home/vagrant/Code/com.pockeyt-api/vendor/laravel/framework/src/Illuminate/Foundation/Http/Middleware/TransformsRequest.php(21): Illuminate\\Pipeline\\Pipeline->Illuminate\\Pipeline\\{closure}()
#31 /home/vagrant/Code/com.pockeyt-api/vendor/laravel/framework/src/Illuminate/Pipeline/Pipeline.php(167): Illuminate\\Foundation\\Http\\Middleware\\TransformsRequest->handle()
#32 /home/vagrant/Code/com.pockeyt-api/vendor/laravel/framework/src/Illuminate/Foundation/Http/Middleware/TransformsRequest.php(21): Illuminate\\Pipeline\\Pipeline->Illuminate\\Pipeline\\{closure}()
#33 /home/vagrant/Code/com.pockeyt-api/vendor/laravel/framework/src/Illuminate/Pipeline/Pipeline.php(167): Illuminate\\Foundation\\Http\\Middleware\\TransformsRequest->handle()
#34 /home/vagrant/Code/com.pockeyt-api/vendor/laravel/framework/src/Illuminate/Foundation/Http/Middleware/ValidatePostSize.php(27): Illuminate\\Pipeline\\Pipeline->Illuminate\\Pipeline\\{closure}()
#35 /home/vagrant/Code/com.pockeyt-api/vendor/laravel/framework/src/Illuminate/Pipeline/Pipeline.php(167): Illuminate\\Foundation\\Http\\Middleware\\ValidatePostSize->handle()
#36 /home/vagrant/Code/com.pockeyt-api/vendor/laravel/framework/src/Illuminate/Foundation/Http/Middleware/CheckForMaintenanceMode.php(63): Illuminate\\Pipeline\\Pipeline->Illuminate\\Pipeline\\{closure}()
#37 /home/vagrant/Code/com.pockeyt-api/vendor/laravel/framework/src/Illuminate/Pipeline/Pipeline.php(167): Illuminate\\Foundation\\Http\\Middleware\\CheckForMaintenanceMode->handle()
#38 /home/vagrant/Code/com.pockeyt-api/vendor/laravel/framework/src/Illuminate/Pipeline/Pipeline.php(103): Illuminate\\Pipeline\\Pipeline->Illuminate\\Pipeline\\{closure}()
#39 /home/vagrant/Code/com.pockeyt-api/vendor/laravel/framework/src/Illuminate/Foundation/Http/Kernel.php(140): Illuminate\\Pipeline\\Pipeline->then()
#40 /home/vagrant/Code/com.pockeyt-api/vendor/laravel/framework/src/Illuminate/Foundation/Http/Kernel.php(109): Illuminate\\Foundation\\Http\\Kernel->sendRequestThroughRouter()
#41 /home/vagrant/Code/com.pockeyt-api/vendor/laravel/framework/src/Illuminate/Foundation/Testing/Concerns/MakesHttpRequests.php(468): Illuminate\\Foundation\\Http\\Kernel->handle()
#42 /home/vagrant/Code/com.pockeyt-api/vendor/laravel/framework/src/Illuminate/Foundation/Testing/Concerns/MakesHttpRequests.php(440): Illuminate\\Foundation\\Testing\\TestCase->call()
#43 /home/vagrant/Code/com.pockeyt-api/tests/Feature/Business/AuthTest.php(159): Illuminate\\Foundation\\Testing\\TestCase->json()
#44 /home/vagrant/Code/com.pockeyt-api/vendor/phpunit/phpunit/src/Framework/TestCase.php(1415): Tests\\Feature\\Business\\AuthTest->test_a_logged_in_business_can_refresh_their_token()
#45 /home/vagrant/Code/com.pockeyt-api/vendor/phpunit/phpunit/src/Framework/TestCase.php(1035): PHPUnit\\Framework\\TestCase->runTest()
#46 /home/vagrant/Code/com.pockeyt-api/vendor/phpunit/phpunit/src/Framework/TestResult.php(691): PHPUnit\\Framework\\TestCase->runBare()
#47 /home/vagrant/Code/com.pockeyt-api/vendor/phpunit/phpunit/src/Framework/TestCase.php(763): PHPUnit\\Framework\\TestResult->run()
#48 /home/vagrant/Code/com.pockeyt-api/vendor/phpunit/phpunit/src/Framework/TestSuite.php(597): PHPUnit\\Framework\\TestCase->run()
#49 /home/vagrant/Code/com.pockeyt-api/vendor/phpunit/phpunit/src/Framework/TestSuite.php(597): PHPUnit\\Framework\\TestSuite->run()
#50 /home/vagrant/Code/com.pockeyt-api/vendor/phpunit/phpunit/src/Framework/TestSuite.php(597): PHPUnit\\Framework\\TestSuite->run()
#51 /home/vagrant/Code/com.pockeyt-api/vendor/phpunit/phpunit/src/TextUI/TestRunner.php(621): PHPUnit\\Framework\\TestSuite->run()
#52 /home/vagrant/Code/com.pockeyt-api/vendor/phpunit/phpunit/src/TextUI/Command.php(204): PHPUnit\\TextUI\\TestRunner->doRun()
#53 /home/vagrant/Code/com.pockeyt-api/vendor/phpunit/phpunit/src/TextUI/Command.php(163): PHPUnit\\TextUI\\Command->run()
#54 /home/vagrant/Code/com.pockeyt-api/vendor/phpunit/phpunit/phpunit(61): PHPUnit\\TextUI\\Command::main()
#55 {main}
"} 
[2020-07-01 13:06:16] testing.ERROR: The token has been blacklisted {"userId":1,"exception":"[object] (Tymon\\JWTAuth\\Exceptions\\TokenBlacklistedException(code: 0): The token has been blacklisted at /home/vagrant/Code/com.pockeyt-api/vendor/tymon/jwt-auth/src/Manager.php:109)
[stacktrace]
#0 /home/vagrant/Code/com.pockeyt-api/vendor/tymon/jwt-auth/src/Manager.php(128): Tymon\\JWTAuth\\Manager->decode()
#1 /home/vagrant/Code/com.pockeyt-api/vendor/tymon/jwt-auth/src/JWT.php(106): Tymon\\JWTAuth\\Manager->refresh()
#2 /home/vagrant/Code/com.pockeyt-api/vendor/tymon/jwt-auth/src/JWTGuard.php(173): Tymon\\JWTAuth\\JWT->refresh()
#3 /home/vagrant/Code/com.pockeyt-api/app/Models/Customer/Customer.php(111): Tymon\\JWTAuth\\JWTGuard->refresh()
#4 /home/vagrant/Code/com.pockeyt-api/app/Models/Customer/Customer.php(115): App\\Models\\Customer\\Customer::refreshToken()
#5 /home/vagrant/Code/com.pockeyt-api/app/Http/Controllers/Customer/AuthController.php(40): App\\Models\\Customer\\Customer::updateToken()
#6 [internal function]: App\\Http\\Controllers\\Customer\\AuthController->refresh()
#7 /home/vagrant/Code/com.pockeyt-api/vendor/laravel/framework/src/Illuminate/Routing/Controller.php(54): call_user_func_array()
#8 /home/vagrant/Code/com.pockeyt-api/vendor/laravel/framework/src/Illuminate/Routing/ControllerDispatcher.php(45): Illuminate\\Routing\\Controller->callAction()
#9 /home/vagrant/Code/com.pockeyt-api/vendor/laravel/framework/src/Illuminate/Routing/Route.php(239): Illuminate\\Routing\\ControllerDispatcher->dispatch()
#10 /home/vagrant/Code/com.pockeyt-api/vendor/laravel/framework/src/Illuminate/Routing/Route.php(196): Illuminate\\Routing\\Route->runController()
#11 /home/vagrant/Code/com.pockeyt-api/vendor/laravel/framework/src/Illuminate/Routing/Router.php(685): Illuminate\\Routing\\Route->run()
#12 /home/vagrant/Code/com.pockeyt-api/vendor/laravel/framework/src/Illuminate/Pipeline/Pipeline.php(128): Illuminate\\Routing\\Router->Illuminate\\Routing\\{closure}()
#13 /home/vagrant/Code/com.pockeyt-api/vendor/laravel/framework/src/Illuminate/Routing/Middleware/SubstituteBindings.php(41): Illuminate\\Pipeline\\Pipeline->Illuminate\\Pipeline\\{closure}()
#14 /home/vagrant/Code/com.pockeyt-api/vendor/laravel/framework/src/Illuminate/Pipeline/Pipeline.php(167): Illuminate\\Routing\\Middleware\\SubstituteBindings->handle()
#15 /home/vagrant/Code/com.pockeyt-api/vendor/laravel/framework/src/Illuminate/Auth/Middleware/Authenticate.php(44): Illuminate\\Pipeline\\Pipeline->Illuminate\\Pipeline\\{closure}()
#16 /home/vagrant/Code/com.pockeyt-api/vendor/laravel/framework/src/Illuminate/Pipeline/Pipeline.php(167): Illuminate\\Auth\\Middleware\\Authenticate->handle()
#17 /home/vagrant/Code/com.pockeyt-api/vendor/laravel/framework/src/Illuminate/Routing/Middleware/ThrottleRequests.php(59): Illuminate\\Pipeline\\Pipeline->Illuminate\\Pipeline\\{closure}()
#18 /home/vagrant/Code/com.pockeyt-api/vendor/laravel/framework/src/Illuminate/Pipeline/Pipeline.php(167): Illuminate\\Routing\\Middleware\\ThrottleRequests->handle()
#19 /home/vagrant/Code/com.pockeyt-api/vendor/laravel/framework/src/Illuminate/Pipeline/Pipeline.php(103): Illuminate\\Pipeline\\Pipeline->Illuminate\\Pipeline\\{closure}()
#20 /home/vagrant/Code/com.pockeyt-api/vendor/laravel/framework/src/Illuminate/Routing/Router.php(687): Illuminate\\Pipeline\\Pipeline->then()
#21 /home/vagrant/Code/com.pockeyt-api/vendor/laravel/framework/src/Illuminate/Routing/Router.php(662): Illuminate\\Routing\\Router->runRouteWithinStack()
#22 /home/vagrant/Code/com.pockeyt-api/vendor/laravel/framework/src/Illuminate/Routing/Router.php(628): Illuminate\\Routing\\Router->runRoute()
#23 /home/vagrant/Code/com.pockeyt-api/vendor/laravel/framework/src/Illuminate/Routing/Router.php(617): Illuminate\\Routing\\Router->dispatchToRoute()
#24 /home/vagrant/Code/com.pockeyt-api/vendor/laravel/framework/src/Illuminate/Foundation/Http/Kernel.php(165): Illuminate\\Routing\\Router->dispatch()
#25 /home/vagrant/Code/com.pockeyt-api/vendor/laravel/framework/src/Illuminate/Pipeline/Pipeline.php(128): Illuminate\\Foundation\\Http\\Kernel->Illuminate\\Foundation\\Http\\{closure}()
#26 /home/vagrant/Code/com.pockeyt-api/vendor/fruitcake/laravel-cors/src/HandleCors.php(37): Illuminate\\Pipeline\\Pipeline->Illuminate\\Pipeline\\{closure}()
#27 /home/vagrant/Code/com.pockeyt-api/vendor/laravel/framework/src/Illuminate/Pipeline/Pipeline.php(167): Fruitcake\\Cors\\HandleCors->handle()
#28 /home/vagrant/Code/com.pockeyt-api/vendor/fideloper/proxy/src/TrustProxies.php(57): Illuminate\\Pipeline\\Pipeline->Illuminate\\Pipeline\\{closure}()
#29 /home/vagrant/Code/com.pockeyt-api/vendor/laravel/framework/src/Illuminate/Pipeline/Pipeline.php(167): Fideloper\\Proxy\\TrustProxies->handle()
#30 /home/vagrant/Code/com.pockeyt-api/vendor/laravel/framework/src/Illuminate/Foundation/Http/Middleware/TransformsRequest.php(21): Illuminate\\Pipeline\\Pipeline->Illuminate\\Pipeline\\{closure}()
#31 /home/vagrant/Code/com.pockeyt-api/vendor/laravel/framework/src/Illuminate/Pipeline/Pipeline.php(167): Illuminate\\Foundation\\Http\\Middleware\\TransformsRequest->handle()
#32 /home/vagrant/Code/com.pockeyt-api/vendor/laravel/framework/src/Illuminate/Foundation/Http/Middleware/TransformsRequest.php(21): Illuminate\\Pipeline\\Pipeline->Illuminate\\Pipeline\\{closure}()
#33 /home/vagrant/Code/com.pockeyt-api/vendor/laravel/framework/src/Illuminate/Pipeline/Pipeline.php(167): Illuminate\\Foundation\\Http\\Middleware\\TransformsRequest->handle()
#34 /home/vagrant/Code/com.pockeyt-api/vendor/laravel/framework/src/Illuminate/Foundation/Http/Middleware/ValidatePostSize.php(27): Illuminate\\Pipeline\\Pipeline->Illuminate\\Pipeline\\{closure}()
#35 /home/vagrant/Code/com.pockeyt-api/vendor/laravel/framework/src/Illuminate/Pipeline/Pipeline.php(167): Illuminate\\Foundation\\Http\\Middleware\\ValidatePostSize->handle()
#36 /home/vagrant/Code/com.pockeyt-api/vendor/laravel/framework/src/Illuminate/Foundation/Http/Middleware/CheckForMaintenanceMode.php(63): Illuminate\\Pipeline\\Pipeline->Illuminate\\Pipeline\\{closure}()
#37 /home/vagrant/Code/com.pockeyt-api/vendor/laravel/framework/src/Illuminate/Pipeline/Pipeline.php(167): Illuminate\\Foundation\\Http\\Middleware\\CheckForMaintenanceMode->handle()
#38 /home/vagrant/Code/com.pockeyt-api/vendor/laravel/framework/src/Illuminate/Pipeline/Pipeline.php(103): Illuminate\\Pipeline\\Pipeline->Illuminate\\Pipeline\\{closure}()
#39 /home/vagrant/Code/com.pockeyt-api/vendor/laravel/framework/src/Illuminate/Foundation/Http/Kernel.php(140): Illuminate\\Pipeline\\Pipeline->then()
#40 /home/vagrant/Code/com.pockeyt-api/vendor/laravel/framework/src/Illuminate/Foundation/Http/Kernel.php(109): Illuminate\\Foundation\\Http\\Kernel->sendRequestThroughRouter()
#41 /home/vagrant/Code/com.pockeyt-api/vendor/laravel/framework/src/Illuminate/Foundation/Testing/Concerns/MakesHttpRequests.php(468): Illuminate\\Foundation\\Http\\Kernel->handle()
#42 /home/vagrant/Code/com.pockeyt-api/vendor/laravel/framework/src/Illuminate/Foundation/Testing/Concerns/MakesHttpRequests.php(440): Illuminate\\Foundation\\Testing\\TestCase->call()
#43 /home/vagrant/Code/com.pockeyt-api/tests/Feature/Customer/AuthTest.php(172): Illuminate\\Foundation\\Testing\\TestCase->json()
#44 /home/vagrant/Code/com.pockeyt-api/vendor/phpunit/phpunit/src/Framework/TestCase.php(1415): Tests\\Feature\\Customer\\AuthTest->test_a_logged_in_customer_can_refresh_their_token()
#45 /home/vagrant/Code/com.pockeyt-api/vendor/phpunit/phpunit/src/Framework/TestCase.php(1035): PHPUnit\\Framework\\TestCase->runTest()
#46 /home/vagrant/Code/com.pockeyt-api/vendor/phpunit/phpunit/src/Framework/TestResult.php(691): PHPUnit\\Framework\\TestCase->runBare()
#47 /home/vagrant/Code/com.pockeyt-api/vendor/phpunit/phpunit/src/Framework/TestCase.php(763): PHPUnit\\Framework\\TestResult->run()
#48 /home/vagrant/Code/com.pockeyt-api/vendor/phpunit/phpunit/src/Framework/TestSuite.php(597): PHPUnit\\Framework\\TestCase->run()
#49 /home/vagrant/Code/com.pockeyt-api/vendor/phpunit/phpunit/src/Framework/TestSuite.php(597): PHPUnit\\Framework\\TestSuite->run()
#50 /home/vagrant/Code/com.pockeyt-api/vendor/phpunit/phpunit/src/Framework/TestSuite.php(597): PHPUnit\\Framework\\TestSuite->run()
#51 /home/vagrant/Code/com.pockeyt-api/vendor/phpunit/phpunit/src/TextUI/TestRunner.php(621): PHPUnit\\Framework\\TestSuite->run()
#52 /home/vagrant/Code/com.pockeyt-api/vendor/phpunit/phpunit/src/TextUI/Command.php(204): PHPUnit\\TextUI\\TestRunner->doRun()
#53 /home/vagrant/Code/com.pockeyt-api/vendor/phpunit/phpunit/src/TextUI/Command.php(163): PHPUnit\\TextUI\\Command->run()
#54 /home/vagrant/Code/com.pockeyt-api/vendor/phpunit/phpunit/phpunit(61): PHPUnit\\TextUI\\Command::main()
#55 {main}
"} 
