[2021-01-15 20:43:07] testing.ERROR: Class App\Filters\RefundFilters does not exist {"userId":1,"exception":"[object] (ReflectionException(code: 0): Class App\\Filters\\RefundFilters does not exist at /home/vagrant/Code/com.pockeyt-api/vendor/laravel/framework/src/Illuminate/Routing/RouteSignatureParameters.php:25)
[stacktrace]
#0 /home/vagrant/Code/com.pockeyt-api/vendor/laravel/framework/src/Illuminate/Routing/RouteSignatureParameters.php(25): ReflectionParameter->getClass()
#1 [internal function]: Illuminate\\Routing\\RouteSignatureParameters::Illuminate\\Routing\\{closure}()
#2 /home/vagrant/Code/com.pockeyt-api/vendor/laravel/framework/src/Illuminate/Routing/RouteSignatureParameters.php(26): array_filter()
#3 /home/vagrant/Code/com.pockeyt-api/vendor/laravel/framework/src/Illuminate/Routing/Route.php(491): Illuminate\\Routing\\RouteSignatureParameters::fromAction()
#4 /home/vagrant/Code/com.pockeyt-api/vendor/laravel/framework/src/Illuminate/Routing/ImplicitRouteBinding.php(24): Illuminate\\Routing\\Route->signatureParameters()
#5 /home/vagrant/Code/com.pockeyt-api/vendor/laravel/framework/src/Illuminate/Routing/Router.php(798): Illuminate\\Routing\\ImplicitRouteBinding::resolveForRoute()
#6 /home/vagrant/Code/com.pockeyt-api/vendor/laravel/framework/src/Illuminate/Routing/Middleware/SubstituteBindings.php(39): Illuminate\\Routing\\Router->substituteImplicitBindings()
#7 /home/vagrant/Code/com.pockeyt-api/vendor/laravel/framework/src/Illuminate/Pipeline/Pipeline.php(167): Illuminate\\Routing\\Middleware\\SubstituteBindings->handle()
#8 /home/vagrant/Code/com.pockeyt-api/vendor/laravel/framework/src/Illuminate/Auth/Middleware/Authenticate.php(44): Illuminate\\Pipeline\\Pipeline->Illuminate\\Pipeline\\{closure}()
#9 /home/vagrant/Code/com.pockeyt-api/vendor/laravel/framework/src/Illuminate/Pipeline/Pipeline.php(167): Illuminate\\Auth\\Middleware\\Authenticate->handle()
#10 /home/vagrant/Code/com.pockeyt-api/vendor/laravel/framework/src/Illuminate/Routing/Middleware/ThrottleRequests.php(59): Illuminate\\Pipeline\\Pipeline->Illuminate\\Pipeline\\{closure}()
#11 /home/vagrant/Code/com.pockeyt-api/vendor/laravel/framework/src/Illuminate/Pipeline/Pipeline.php(167): Illuminate\\Routing\\Middleware\\ThrottleRequests->handle()
#12 /home/vagrant/Code/com.pockeyt-api/vendor/laravel/framework/src/Illuminate/Pipeline/Pipeline.php(103): Illuminate\\Pipeline\\Pipeline->Illuminate\\Pipeline\\{closure}()
#13 /home/vagrant/Code/com.pockeyt-api/vendor/laravel/framework/src/Illuminate/Routing/Router.php(687): Illuminate\\Pipeline\\Pipeline->then()
#14 /home/vagrant/Code/com.pockeyt-api/vendor/laravel/framework/src/Illuminate/Routing/Router.php(662): Illuminate\\Routing\\Router->runRouteWithinStack()
#15 /home/vagrant/Code/com.pockeyt-api/vendor/laravel/framework/src/Illuminate/Routing/Router.php(628): Illuminate\\Routing\\Router->runRoute()
#16 /home/vagrant/Code/com.pockeyt-api/vendor/laravel/framework/src/Illuminate/Routing/Router.php(617): Illuminate\\Routing\\Router->dispatchToRoute()
#17 /home/vagrant/Code/com.pockeyt-api/vendor/laravel/framework/src/Illuminate/Foundation/Http/Kernel.php(165): Illuminate\\Routing\\Router->dispatch()
#18 /home/vagrant/Code/com.pockeyt-api/vendor/laravel/framework/src/Illuminate/Pipeline/Pipeline.php(128): Illuminate\\Foundation\\Http\\Kernel->Illuminate\\Foundation\\Http\\{closure}()
#19 /home/vagrant/Code/com.pockeyt-api/vendor/fruitcake/laravel-cors/src/HandleCors.php(37): Illuminate\\Pipeline\\Pipeline->Illuminate\\Pipeline\\{closure}()
#20 /home/vagrant/Code/com.pockeyt-api/vendor/laravel/framework/src/Illuminate/Pipeline/Pipeline.php(167): Fruitcake\\Cors\\HandleCors->handle()
#21 /home/vagrant/Code/com.pockeyt-api/vendor/fideloper/proxy/src/TrustProxies.php(57): Illuminate\\Pipeline\\Pipeline->Illuminate\\Pipeline\\{closure}()
#22 /home/vagrant/Code/com.pockeyt-api/vendor/laravel/framework/src/Illuminate/Pipeline/Pipeline.php(167): Fideloper\\Proxy\\TrustProxies->handle()
#23 /home/vagrant/Code/com.pockeyt-api/vendor/laravel/framework/src/Illuminate/Foundation/Http/Middleware/TransformsRequest.php(21): Illuminate\\Pipeline\\Pipeline->Illuminate\\Pipeline\\{closure}()
#24 /home/vagrant/Code/com.pockeyt-api/vendor/laravel/framework/src/Illuminate/Pipeline/Pipeline.php(167): Illuminate\\Foundation\\Http\\Middleware\\TransformsRequest->handle()
#25 /home/vagrant/Code/com.pockeyt-api/vendor/laravel/framework/src/Illuminate/Foundation/Http/Middleware/TransformsRequest.php(21): Illuminate\\Pipeline\\Pipeline->Illuminate\\Pipeline\\{closure}()
#26 /home/vagrant/Code/com.pockeyt-api/vendor/laravel/framework/src/Illuminate/Pipeline/Pipeline.php(167): Illuminate\\Foundation\\Http\\Middleware\\TransformsRequest->handle()
#27 /home/vagrant/Code/com.pockeyt-api/vendor/laravel/framework/src/Illuminate/Foundation/Http/Middleware/ValidatePostSize.php(27): Illuminate\\Pipeline\\Pipeline->Illuminate\\Pipeline\\{closure}()
#28 /home/vagrant/Code/com.pockeyt-api/vendor/laravel/framework/src/Illuminate/Pipeline/Pipeline.php(167): Illuminate\\Foundation\\Http\\Middleware\\ValidatePostSize->handle()
#29 /home/vagrant/Code/com.pockeyt-api/vendor/laravel/framework/src/Illuminate/Foundation/Http/Middleware/CheckForMaintenanceMode.php(63): Illuminate\\Pipeline\\Pipeline->Illuminate\\Pipeline\\{closure}()
#30 /home/vagrant/Code/com.pockeyt-api/vendor/laravel/framework/src/Illuminate/Pipeline/Pipeline.php(167): Illuminate\\Foundation\\Http\\Middleware\\CheckForMaintenanceMode->handle()
#31 /home/vagrant/Code/com.pockeyt-api/vendor/laravel/framework/src/Illuminate/Pipeline/Pipeline.php(103): Illuminate\\Pipeline\\Pipeline->Illuminate\\Pipeline\\{closure}()
#32 /home/vagrant/Code/com.pockeyt-api/vendor/laravel/framework/src/Illuminate/Foundation/Http/Kernel.php(140): Illuminate\\Pipeline\\Pipeline->then()
#33 /home/vagrant/Code/com.pockeyt-api/vendor/laravel/framework/src/Illuminate/Foundation/Http/Kernel.php(109): Illuminate\\Foundation\\Http\\Kernel->sendRequestThroughRouter()
#34 /home/vagrant/Code/com.pockeyt-api/vendor/laravel/framework/src/Illuminate/Foundation/Testing/Concerns/MakesHttpRequests.php(468): Illuminate\\Foundation\\Http\\Kernel->handle()
#35 /home/vagrant/Code/com.pockeyt-api/vendor/laravel/framework/src/Illuminate/Foundation/Testing/Concerns/MakesHttpRequests.php(258): Illuminate\\Foundation\\Testing\\TestCase->call()
#36 /home/vagrant/Code/com.pockeyt-api/tests/TestCase.php(36): Illuminate\\Foundation\\Testing\\TestCase->get()
#37 /home/vagrant/Code/com.pockeyt-api/tests/Feature/Business/RefundTest.php(111): Tests\\TestCase->send()
#38 /home/vagrant/Code/com.pockeyt-api/vendor/phpunit/phpunit/src/Framework/TestCase.php(1415): Tests\\Feature\\Business\\RefundTest->test_a_business_can_retrieve_refunds_by_customer_identifier()
#39 /home/vagrant/Code/com.pockeyt-api/vendor/phpunit/phpunit/src/Framework/TestCase.php(1035): PHPUnit\\Framework\\TestCase->runTest()
#40 /home/vagrant/Code/com.pockeyt-api/vendor/phpunit/phpunit/src/Framework/TestResult.php(691): PHPUnit\\Framework\\TestCase->runBare()
#41 /home/vagrant/Code/com.pockeyt-api/vendor/phpunit/phpunit/src/Framework/TestCase.php(763): PHPUnit\\Framework\\TestResult->run()
#42 /home/vagrant/Code/com.pockeyt-api/vendor/phpunit/phpunit/src/Framework/TestSuite.php(597): PHPUnit\\Framework\\TestCase->run()
#43 /home/vagrant/Code/com.pockeyt-api/vendor/phpunit/phpunit/src/Framework/TestSuite.php(597): PHPUnit\\Framework\\TestSuite->run()
#44 /home/vagrant/Code/com.pockeyt-api/vendor/phpunit/phpunit/src/Framework/TestSuite.php(597): PHPUnit\\Framework\\TestSuite->run()
#45 /home/vagrant/Code/com.pockeyt-api/vendor/phpunit/phpunit/src/TextUI/TestRunner.php(621): PHPUnit\\Framework\\TestSuite->run()
#46 /home/vagrant/Code/com.pockeyt-api/vendor/phpunit/phpunit/src/TextUI/Command.php(204): PHPUnit\\TextUI\\TestRunner->doRun()
#47 /home/vagrant/Code/com.pockeyt-api/vendor/phpunit/phpunit/src/TextUI/Command.php(163): PHPUnit\\TextUI\\Command->run()
#48 /home/vagrant/Code/com.pockeyt-api/vendor/phpunit/phpunit/phpunit(61): PHPUnit\\TextUI\\Command::main()
#49 {main}

[previous exception] [object] (ParseError(code: 0): syntax error, unexpected '$identifier' (T_VARIABLE), expecting '(' at /home/vagrant/Code/com.pockeyt-api/app/Filters/RefundFilters.php:36)
[stacktrace]
#0 /home/vagrant/Code/com.pockeyt-api/vendor/composer/ClassLoader.php(322): Composer\\Autoload\\includeFile()
#1 [internal function]: Composer\\Autoload\\ClassLoader->loadClass()
#2 [internal function]: spl_autoload_call()
#3 /home/vagrant/Code/com.pockeyt-api/vendor/laravel/framework/src/Illuminate/Routing/RouteSignatureParameters.php(25): ReflectionParameter->getClass()
#4 [internal function]: Illuminate\\Routing\\RouteSignatureParameters::Illuminate\\Routing\\{closure}()
#5 /home/vagrant/Code/com.pockeyt-api/vendor/laravel/framework/src/Illuminate/Routing/RouteSignatureParameters.php(26): array_filter()
#6 /home/vagrant/Code/com.pockeyt-api/vendor/laravel/framework/src/Illuminate/Routing/Route.php(491): Illuminate\\Routing\\RouteSignatureParameters::fromAction()
#7 /home/vagrant/Code/com.pockeyt-api/vendor/laravel/framework/src/Illuminate/Routing/ImplicitRouteBinding.php(24): Illuminate\\Routing\\Route->signatureParameters()
#8 /home/vagrant/Code/com.pockeyt-api/vendor/laravel/framework/src/Illuminate/Routing/Router.php(798): Illuminate\\Routing\\ImplicitRouteBinding::resolveForRoute()
#9 /home/vagrant/Code/com.pockeyt-api/vendor/laravel/framework/src/Illuminate/Routing/Middleware/SubstituteBindings.php(39): Illuminate\\Routing\\Router->substituteImplicitBindings()
#10 /home/vagrant/Code/com.pockeyt-api/vendor/laravel/framework/src/Illuminate/Pipeline/Pipeline.php(167): Illuminate\\Routing\\Middleware\\SubstituteBindings->handle()
#11 /home/vagrant/Code/com.pockeyt-api/vendor/laravel/framework/src/Illuminate/Auth/Middleware/Authenticate.php(44): Illuminate\\Pipeline\\Pipeline->Illuminate\\Pipeline\\{closure}()
#12 /home/vagrant/Code/com.pockeyt-api/vendor/laravel/framework/src/Illuminate/Pipeline/Pipeline.php(167): Illuminate\\Auth\\Middleware\\Authenticate->handle()
#13 /home/vagrant/Code/com.pockeyt-api/vendor/laravel/framework/src/Illuminate/Routing/Middleware/ThrottleRequests.php(59): Illuminate\\Pipeline\\Pipeline->Illuminate\\Pipeline\\{closure}()
#14 /home/vagrant/Code/com.pockeyt-api/vendor/laravel/framework/src/Illuminate/Pipeline/Pipeline.php(167): Illuminate\\Routing\\Middleware\\ThrottleRequests->handle()
#15 /home/vagrant/Code/com.pockeyt-api/vendor/laravel/framework/src/Illuminate/Pipeline/Pipeline.php(103): Illuminate\\Pipeline\\Pipeline->Illuminate\\Pipeline\\{closure}()
#16 /home/vagrant/Code/com.pockeyt-api/vendor/laravel/framework/src/Illuminate/Routing/Router.php(687): Illuminate\\Pipeline\\Pipeline->then()
#17 /home/vagrant/Code/com.pockeyt-api/vendor/laravel/framework/src/Illuminate/Routing/Router.php(662): Illuminate\\Routing\\Router->runRouteWithinStack()
#18 /home/vagrant/Code/com.pockeyt-api/vendor/laravel/framework/src/Illuminate/Routing/Router.php(628): Illuminate\\Routing\\Router->runRoute()
#19 /home/vagrant/Code/com.pockeyt-api/vendor/laravel/framework/src/Illuminate/Routing/Router.php(617): Illuminate\\Routing\\Router->dispatchToRoute()
#20 /home/vagrant/Code/com.pockeyt-api/vendor/laravel/framework/src/Illuminate/Foundation/Http/Kernel.php(165): Illuminate\\Routing\\Router->dispatch()
#21 /home/vagrant/Code/com.pockeyt-api/vendor/laravel/framework/src/Illuminate/Pipeline/Pipeline.php(128): Illuminate\\Foundation\\Http\\Kernel->Illuminate\\Foundation\\Http\\{closure}()
#22 /home/vagrant/Code/com.pockeyt-api/vendor/fruitcake/laravel-cors/src/HandleCors.php(37): Illuminate\\Pipeline\\Pipeline->Illuminate\\Pipeline\\{closure}()
#23 /home/vagrant/Code/com.pockeyt-api/vendor/laravel/framework/src/Illuminate/Pipeline/Pipeline.php(167): Fruitcake\\Cors\\HandleCors->handle()
#24 /home/vagrant/Code/com.pockeyt-api/vendor/fideloper/proxy/src/TrustProxies.php(57): Illuminate\\Pipeline\\Pipeline->Illuminate\\Pipeline\\{closure}()
#25 /home/vagrant/Code/com.pockeyt-api/vendor/laravel/framework/src/Illuminate/Pipeline/Pipeline.php(167): Fideloper\\Proxy\\TrustProxies->handle()
#26 /home/vagrant/Code/com.pockeyt-api/vendor/laravel/framework/src/Illuminate/Foundation/Http/Middleware/TransformsRequest.php(21): Illuminate\\Pipeline\\Pipeline->Illuminate\\Pipeline\\{closure}()
#27 /home/vagrant/Code/com.pockeyt-api/vendor/laravel/framework/src/Illuminate/Pipeline/Pipeline.php(167): Illuminate\\Foundation\\Http\\Middleware\\TransformsRequest->handle()
#28 /home/vagrant/Code/com.pockeyt-api/vendor/laravel/framework/src/Illuminate/Foundation/Http/Middleware/TransformsRequest.php(21): Illuminate\\Pipeline\\Pipeline->Illuminate\\Pipeline\\{closure}()
#29 /home/vagrant/Code/com.pockeyt-api/vendor/laravel/framework/src/Illuminate/Pipeline/Pipeline.php(167): Illuminate\\Foundation\\Http\\Middleware\\TransformsRequest->handle()
#30 /home/vagrant/Code/com.pockeyt-api/vendor/laravel/framework/src/Illuminate/Foundation/Http/Middleware/ValidatePostSize.php(27): Illuminate\\Pipeline\\Pipeline->Illuminate\\Pipeline\\{closure}()
#31 /home/vagrant/Code/com.pockeyt-api/vendor/laravel/framework/src/Illuminate/Pipeline/Pipeline.php(167): Illuminate\\Foundation\\Http\\Middleware\\ValidatePostSize->handle()
#32 /home/vagrant/Code/com.pockeyt-api/vendor/laravel/framework/src/Illuminate/Foundation/Http/Middleware/CheckForMaintenanceMode.php(63): Illuminate\\Pipeline\\Pipeline->Illuminate\\Pipeline\\{closure}()
#33 /home/vagrant/Code/com.pockeyt-api/vendor/laravel/framework/src/Illuminate/Pipeline/Pipeline.php(167): Illuminate\\Foundation\\Http\\Middleware\\CheckForMaintenanceMode->handle()
#34 /home/vagrant/Code/com.pockeyt-api/vendor/laravel/framework/src/Illuminate/Pipeline/Pipeline.php(103): Illuminate\\Pipeline\\Pipeline->Illuminate\\Pipeline\\{closure}()
#35 /home/vagrant/Code/com.pockeyt-api/vendor/laravel/framework/src/Illuminate/Foundation/Http/Kernel.php(140): Illuminate\\Pipeline\\Pipeline->then()
#36 /home/vagrant/Code/com.pockeyt-api/vendor/laravel/framework/src/Illuminate/Foundation/Http/Kernel.php(109): Illuminate\\Foundation\\Http\\Kernel->sendRequestThroughRouter()
#37 /home/vagrant/Code/com.pockeyt-api/vendor/laravel/framework/src/Illuminate/Foundation/Testing/Concerns/MakesHttpRequests.php(468): Illuminate\\Foundation\\Http\\Kernel->handle()
#38 /home/vagrant/Code/com.pockeyt-api/vendor/laravel/framework/src/Illuminate/Foundation/Testing/Concerns/MakesHttpRequests.php(258): Illuminate\\Foundation\\Testing\\TestCase->call()
#39 /home/vagrant/Code/com.pockeyt-api/tests/TestCase.php(36): Illuminate\\Foundation\\Testing\\TestCase->get()
#40 /home/vagrant/Code/com.pockeyt-api/tests/Feature/Business/RefundTest.php(111): Tests\\TestCase->send()
#41 /home/vagrant/Code/com.pockeyt-api/vendor/phpunit/phpunit/src/Framework/TestCase.php(1415): Tests\\Feature\\Business\\RefundTest->test_a_business_can_retrieve_refunds_by_customer_identifier()
#42 /home/vagrant/Code/com.pockeyt-api/vendor/phpunit/phpunit/src/Framework/TestCase.php(1035): PHPUnit\\Framework\\TestCase->runTest()
#43 /home/vagrant/Code/com.pockeyt-api/vendor/phpunit/phpunit/src/Framework/TestResult.php(691): PHPUnit\\Framework\\TestCase->runBare()
#44 /home/vagrant/Code/com.pockeyt-api/vendor/phpunit/phpunit/src/Framework/TestCase.php(763): PHPUnit\\Framework\\TestResult->run()
#45 /home/vagrant/Code/com.pockeyt-api/vendor/phpunit/phpunit/src/Framework/TestSuite.php(597): PHPUnit\\Framework\\TestCase->run()
#46 /home/vagrant/Code/com.pockeyt-api/vendor/phpunit/phpunit/src/Framework/TestSuite.php(597): PHPUnit\\Framework\\TestSuite->run()
#47 /home/vagrant/Code/com.pockeyt-api/vendor/phpunit/phpunit/src/Framework/TestSuite.php(597): PHPUnit\\Framework\\TestSuite->run()
#48 /home/vagrant/Code/com.pockeyt-api/vendor/phpunit/phpunit/src/TextUI/TestRunner.php(621): PHPUnit\\Framework\\TestSuite->run()
#49 /home/vagrant/Code/com.pockeyt-api/vendor/phpunit/phpunit/src/TextUI/Command.php(204): PHPUnit\\TextUI\\TestRunner->doRun()
#50 /home/vagrant/Code/com.pockeyt-api/vendor/phpunit/phpunit/src/TextUI/Command.php(163): PHPUnit\\TextUI\\Command->run()
#51 /home/vagrant/Code/com.pockeyt-api/vendor/phpunit/phpunit/phpunit(61): PHPUnit\\TextUI\\Command::main()
#52 {main}
"} 
[2021-01-15 20:43:32] testing.ERROR: Class App\Filters\RefundFilters does not exist {"userId":1,"exception":"[object] (ReflectionException(code: 0): Class App\\Filters\\RefundFilters does not exist at /home/vagrant/Code/com.pockeyt-api/vendor/laravel/framework/src/Illuminate/Routing/RouteSignatureParameters.php:25)
[stacktrace]
#0 /home/vagrant/Code/com.pockeyt-api/vendor/laravel/framework/src/Illuminate/Routing/RouteSignatureParameters.php(25): ReflectionParameter->getClass()
#1 [internal function]: Illuminate\\Routing\\RouteSignatureParameters::Illuminate\\Routing\\{closure}()
#2 /home/vagrant/Code/com.pockeyt-api/vendor/laravel/framework/src/Illuminate/Routing/RouteSignatureParameters.php(26): array_filter()
#3 /home/vagrant/Code/com.pockeyt-api/vendor/laravel/framework/src/Illuminate/Routing/Route.php(491): Illuminate\\Routing\\RouteSignatureParameters::fromAction()
#4 /home/vagrant/Code/com.pockeyt-api/vendor/laravel/framework/src/Illuminate/Routing/ImplicitRouteBinding.php(24): Illuminate\\Routing\\Route->signatureParameters()
#5 /home/vagrant/Code/com.pockeyt-api/vendor/laravel/framework/src/Illuminate/Routing/Router.php(798): Illuminate\\Routing\\ImplicitRouteBinding::resolveForRoute()
#6 /home/vagrant/Code/com.pockeyt-api/vendor/laravel/framework/src/Illuminate/Routing/Middleware/SubstituteBindings.php(39): Illuminate\\Routing\\Router->substituteImplicitBindings()
#7 /home/vagrant/Code/com.pockeyt-api/vendor/laravel/framework/src/Illuminate/Pipeline/Pipeline.php(167): Illuminate\\Routing\\Middleware\\SubstituteBindings->handle()
#8 /home/vagrant/Code/com.pockeyt-api/vendor/laravel/framework/src/Illuminate/Auth/Middleware/Authenticate.php(44): Illuminate\\Pipeline\\Pipeline->Illuminate\\Pipeline\\{closure}()
#9 /home/vagrant/Code/com.pockeyt-api/vendor/laravel/framework/src/Illuminate/Pipeline/Pipeline.php(167): Illuminate\\Auth\\Middleware\\Authenticate->handle()
#10 /home/vagrant/Code/com.pockeyt-api/vendor/laravel/framework/src/Illuminate/Routing/Middleware/ThrottleRequests.php(59): Illuminate\\Pipeline\\Pipeline->Illuminate\\Pipeline\\{closure}()
#11 /home/vagrant/Code/com.pockeyt-api/vendor/laravel/framework/src/Illuminate/Pipeline/Pipeline.php(167): Illuminate\\Routing\\Middleware\\ThrottleRequests->handle()
#12 /home/vagrant/Code/com.pockeyt-api/vendor/laravel/framework/src/Illuminate/Pipeline/Pipeline.php(103): Illuminate\\Pipeline\\Pipeline->Illuminate\\Pipeline\\{closure}()
#13 /home/vagrant/Code/com.pockeyt-api/vendor/laravel/framework/src/Illuminate/Routing/Router.php(687): Illuminate\\Pipeline\\Pipeline->then()
#14 /home/vagrant/Code/com.pockeyt-api/vendor/laravel/framework/src/Illuminate/Routing/Router.php(662): Illuminate\\Routing\\Router->runRouteWithinStack()
#15 /home/vagrant/Code/com.pockeyt-api/vendor/laravel/framework/src/Illuminate/Routing/Router.php(628): Illuminate\\Routing\\Router->runRoute()
#16 /home/vagrant/Code/com.pockeyt-api/vendor/laravel/framework/src/Illuminate/Routing/Router.php(617): Illuminate\\Routing\\Router->dispatchToRoute()
#17 /home/vagrant/Code/com.pockeyt-api/vendor/laravel/framework/src/Illuminate/Foundation/Http/Kernel.php(165): Illuminate\\Routing\\Router->dispatch()
#18 /home/vagrant/Code/com.pockeyt-api/vendor/laravel/framework/src/Illuminate/Pipeline/Pipeline.php(128): Illuminate\\Foundation\\Http\\Kernel->Illuminate\\Foundation\\Http\\{closure}()
#19 /home/vagrant/Code/com.pockeyt-api/vendor/fruitcake/laravel-cors/src/HandleCors.php(37): Illuminate\\Pipeline\\Pipeline->Illuminate\\Pipeline\\{closure}()
#20 /home/vagrant/Code/com.pockeyt-api/vendor/laravel/framework/src/Illuminate/Pipeline/Pipeline.php(167): Fruitcake\\Cors\\HandleCors->handle()
#21 /home/vagrant/Code/com.pockeyt-api/vendor/fideloper/proxy/src/TrustProxies.php(57): Illuminate\\Pipeline\\Pipeline->Illuminate\\Pipeline\\{closure}()
#22 /home/vagrant/Code/com.pockeyt-api/vendor/laravel/framework/src/Illuminate/Pipeline/Pipeline.php(167): Fideloper\\Proxy\\TrustProxies->handle()
#23 /home/vagrant/Code/com.pockeyt-api/vendor/laravel/framework/src/Illuminate/Foundation/Http/Middleware/TransformsRequest.php(21): Illuminate\\Pipeline\\Pipeline->Illuminate\\Pipeline\\{closure}()
#24 /home/vagrant/Code/com.pockeyt-api/vendor/laravel/framework/src/Illuminate/Pipeline/Pipeline.php(167): Illuminate\\Foundation\\Http\\Middleware\\TransformsRequest->handle()
#25 /home/vagrant/Code/com.pockeyt-api/vendor/laravel/framework/src/Illuminate/Foundation/Http/Middleware/TransformsRequest.php(21): Illuminate\\Pipeline\\Pipeline->Illuminate\\Pipeline\\{closure}()
#26 /home/vagrant/Code/com.pockeyt-api/vendor/laravel/framework/src/Illuminate/Pipeline/Pipeline.php(167): Illuminate\\Foundation\\Http\\Middleware\\TransformsRequest->handle()
#27 /home/vagrant/Code/com.pockeyt-api/vendor/laravel/framework/src/Illuminate/Foundation/Http/Middleware/ValidatePostSize.php(27): Illuminate\\Pipeline\\Pipeline->Illuminate\\Pipeline\\{closure}()
#28 /home/vagrant/Code/com.pockeyt-api/vendor/laravel/framework/src/Illuminate/Pipeline/Pipeline.php(167): Illuminate\\Foundation\\Http\\Middleware\\ValidatePostSize->handle()
#29 /home/vagrant/Code/com.pockeyt-api/vendor/laravel/framework/src/Illuminate/Foundation/Http/Middleware/CheckForMaintenanceMode.php(63): Illuminate\\Pipeline\\Pipeline->Illuminate\\Pipeline\\{closure}()
#30 /home/vagrant/Code/com.pockeyt-api/vendor/laravel/framework/src/Illuminate/Pipeline/Pipeline.php(167): Illuminate\\Foundation\\Http\\Middleware\\CheckForMaintenanceMode->handle()
#31 /home/vagrant/Code/com.pockeyt-api/vendor/laravel/framework/src/Illuminate/Pipeline/Pipeline.php(103): Illuminate\\Pipeline\\Pipeline->Illuminate\\Pipeline\\{closure}()
#32 /home/vagrant/Code/com.pockeyt-api/vendor/laravel/framework/src/Illuminate/Foundation/Http/Kernel.php(140): Illuminate\\Pipeline\\Pipeline->then()
#33 /home/vagrant/Code/com.pockeyt-api/vendor/laravel/framework/src/Illuminate/Foundation/Http/Kernel.php(109): Illuminate\\Foundation\\Http\\Kernel->sendRequestThroughRouter()
#34 /home/vagrant/Code/com.pockeyt-api/vendor/laravel/framework/src/Illuminate/Foundation/Testing/Concerns/MakesHttpRequests.php(468): Illuminate\\Foundation\\Http\\Kernel->handle()
#35 /home/vagrant/Code/com.pockeyt-api/vendor/laravel/framework/src/Illuminate/Foundation/Testing/Concerns/MakesHttpRequests.php(258): Illuminate\\Foundation\\Testing\\TestCase->call()
#36 /home/vagrant/Code/com.pockeyt-api/tests/TestCase.php(36): Illuminate\\Foundation\\Testing\\TestCase->get()
#37 /home/vagrant/Code/com.pockeyt-api/tests/Feature/Business/RefundTest.php(111): Tests\\TestCase->send()
#38 /home/vagrant/Code/com.pockeyt-api/vendor/phpunit/phpunit/src/Framework/TestCase.php(1415): Tests\\Feature\\Business\\RefundTest->test_a_business_can_retrieve_refunds_by_customer_identifier()
#39 /home/vagrant/Code/com.pockeyt-api/vendor/phpunit/phpunit/src/Framework/TestCase.php(1035): PHPUnit\\Framework\\TestCase->runTest()
#40 /home/vagrant/Code/com.pockeyt-api/vendor/phpunit/phpunit/src/Framework/TestResult.php(691): PHPUnit\\Framework\\TestCase->runBare()
#41 /home/vagrant/Code/com.pockeyt-api/vendor/phpunit/phpunit/src/Framework/TestCase.php(763): PHPUnit\\Framework\\TestResult->run()
#42 /home/vagrant/Code/com.pockeyt-api/vendor/phpunit/phpunit/src/Framework/TestSuite.php(597): PHPUnit\\Framework\\TestCase->run()
#43 /home/vagrant/Code/com.pockeyt-api/vendor/phpunit/phpunit/src/Framework/TestSuite.php(597): PHPUnit\\Framework\\TestSuite->run()
#44 /home/vagrant/Code/com.pockeyt-api/vendor/phpunit/phpunit/src/Framework/TestSuite.php(597): PHPUnit\\Framework\\TestSuite->run()
#45 /home/vagrant/Code/com.pockeyt-api/vendor/phpunit/phpunit/src/TextUI/TestRunner.php(621): PHPUnit\\Framework\\TestSuite->run()
#46 /home/vagrant/Code/com.pockeyt-api/vendor/phpunit/phpunit/src/TextUI/Command.php(204): PHPUnit\\TextUI\\TestRunner->doRun()
#47 /home/vagrant/Code/com.pockeyt-api/vendor/phpunit/phpunit/src/TextUI/Command.php(163): PHPUnit\\TextUI\\Command->run()
#48 /home/vagrant/Code/com.pockeyt-api/vendor/phpunit/phpunit/phpunit(61): PHPUnit\\TextUI\\Command::main()
#49 {main}

[previous exception] [object] (ParseError(code: 0): syntax error, unexpected '$identifier' (T_VARIABLE), expecting '(' at /home/vagrant/Code/com.pockeyt-api/app/Filters/RefundFilters.php:36)
[stacktrace]
#0 /home/vagrant/Code/com.pockeyt-api/vendor/composer/ClassLoader.php(322): Composer\\Autoload\\includeFile()
#1 [internal function]: Composer\\Autoload\\ClassLoader->loadClass()
#2 [internal function]: spl_autoload_call()
#3 /home/vagrant/Code/com.pockeyt-api/vendor/laravel/framework/src/Illuminate/Routing/RouteSignatureParameters.php(25): ReflectionParameter->getClass()
#4 [internal function]: Illuminate\\Routing\\RouteSignatureParameters::Illuminate\\Routing\\{closure}()
#5 /home/vagrant/Code/com.pockeyt-api/vendor/laravel/framework/src/Illuminate/Routing/RouteSignatureParameters.php(26): array_filter()
#6 /home/vagrant/Code/com.pockeyt-api/vendor/laravel/framework/src/Illuminate/Routing/Route.php(491): Illuminate\\Routing\\RouteSignatureParameters::fromAction()
#7 /home/vagrant/Code/com.pockeyt-api/vendor/laravel/framework/src/Illuminate/Routing/ImplicitRouteBinding.php(24): Illuminate\\Routing\\Route->signatureParameters()
#8 /home/vagrant/Code/com.pockeyt-api/vendor/laravel/framework/src/Illuminate/Routing/Router.php(798): Illuminate\\Routing\\ImplicitRouteBinding::resolveForRoute()
#9 /home/vagrant/Code/com.pockeyt-api/vendor/laravel/framework/src/Illuminate/Routing/Middleware/SubstituteBindings.php(39): Illuminate\\Routing\\Router->substituteImplicitBindings()
#10 /home/vagrant/Code/com.pockeyt-api/vendor/laravel/framework/src/Illuminate/Pipeline/Pipeline.php(167): Illuminate\\Routing\\Middleware\\SubstituteBindings->handle()
#11 /home/vagrant/Code/com.pockeyt-api/vendor/laravel/framework/src/Illuminate/Auth/Middleware/Authenticate.php(44): Illuminate\\Pipeline\\Pipeline->Illuminate\\Pipeline\\{closure}()
#12 /home/vagrant/Code/com.pockeyt-api/vendor/laravel/framework/src/Illuminate/Pipeline/Pipeline.php(167): Illuminate\\Auth\\Middleware\\Authenticate->handle()
#13 /home/vagrant/Code/com.pockeyt-api/vendor/laravel/framework/src/Illuminate/Routing/Middleware/ThrottleRequests.php(59): Illuminate\\Pipeline\\Pipeline->Illuminate\\Pipeline\\{closure}()
#14 /home/vagrant/Code/com.pockeyt-api/vendor/laravel/framework/src/Illuminate/Pipeline/Pipeline.php(167): Illuminate\\Routing\\Middleware\\ThrottleRequests->handle()
#15 /home/vagrant/Code/com.pockeyt-api/vendor/laravel/framework/src/Illuminate/Pipeline/Pipeline.php(103): Illuminate\\Pipeline\\Pipeline->Illuminate\\Pipeline\\{closure}()
#16 /home/vagrant/Code/com.pockeyt-api/vendor/laravel/framework/src/Illuminate/Routing/Router.php(687): Illuminate\\Pipeline\\Pipeline->then()
#17 /home/vagrant/Code/com.pockeyt-api/vendor/laravel/framework/src/Illuminate/Routing/Router.php(662): Illuminate\\Routing\\Router->runRouteWithinStack()
#18 /home/vagrant/Code/com.pockeyt-api/vendor/laravel/framework/src/Illuminate/Routing/Router.php(628): Illuminate\\Routing\\Router->runRoute()
#19 /home/vagrant/Code/com.pockeyt-api/vendor/laravel/framework/src/Illuminate/Routing/Router.php(617): Illuminate\\Routing\\Router->dispatchToRoute()
#20 /home/vagrant/Code/com.pockeyt-api/vendor/laravel/framework/src/Illuminate/Foundation/Http/Kernel.php(165): Illuminate\\Routing\\Router->dispatch()
#21 /home/vagrant/Code/com.pockeyt-api/vendor/laravel/framework/src/Illuminate/Pipeline/Pipeline.php(128): Illuminate\\Foundation\\Http\\Kernel->Illuminate\\Foundation\\Http\\{closure}()
#22 /home/vagrant/Code/com.pockeyt-api/vendor/fruitcake/laravel-cors/src/HandleCors.php(37): Illuminate\\Pipeline\\Pipeline->Illuminate\\Pipeline\\{closure}()
#23 /home/vagrant/Code/com.pockeyt-api/vendor/laravel/framework/src/Illuminate/Pipeline/Pipeline.php(167): Fruitcake\\Cors\\HandleCors->handle()
#24 /home/vagrant/Code/com.pockeyt-api/vendor/fideloper/proxy/src/TrustProxies.php(57): Illuminate\\Pipeline\\Pipeline->Illuminate\\Pipeline\\{closure}()
#25 /home/vagrant/Code/com.pockeyt-api/vendor/laravel/framework/src/Illuminate/Pipeline/Pipeline.php(167): Fideloper\\Proxy\\TrustProxies->handle()
#26 /home/vagrant/Code/com.pockeyt-api/vendor/laravel/framework/src/Illuminate/Foundation/Http/Middleware/TransformsRequest.php(21): Illuminate\\Pipeline\\Pipeline->Illuminate\\Pipeline\\{closure}()
#27 /home/vagrant/Code/com.pockeyt-api/vendor/laravel/framework/src/Illuminate/Pipeline/Pipeline.php(167): Illuminate\\Foundation\\Http\\Middleware\\TransformsRequest->handle()
#28 /home/vagrant/Code/com.pockeyt-api/vendor/laravel/framework/src/Illuminate/Foundation/Http/Middleware/TransformsRequest.php(21): Illuminate\\Pipeline\\Pipeline->Illuminate\\Pipeline\\{closure}()
#29 /home/vagrant/Code/com.pockeyt-api/vendor/laravel/framework/src/Illuminate/Pipeline/Pipeline.php(167): Illuminate\\Foundation\\Http\\Middleware\\TransformsRequest->handle()
#30 /home/vagrant/Code/com.pockeyt-api/vendor/laravel/framework/src/Illuminate/Foundation/Http/Middleware/ValidatePostSize.php(27): Illuminate\\Pipeline\\Pipeline->Illuminate\\Pipeline\\{closure}()
#31 /home/vagrant/Code/com.pockeyt-api/vendor/laravel/framework/src/Illuminate/Pipeline/Pipeline.php(167): Illuminate\\Foundation\\Http\\Middleware\\ValidatePostSize->handle()
#32 /home/vagrant/Code/com.pockeyt-api/vendor/laravel/framework/src/Illuminate/Foundation/Http/Middleware/CheckForMaintenanceMode.php(63): Illuminate\\Pipeline\\Pipeline->Illuminate\\Pipeline\\{closure}()
#33 /home/vagrant/Code/com.pockeyt-api/vendor/laravel/framework/src/Illuminate/Pipeline/Pipeline.php(167): Illuminate\\Foundation\\Http\\Middleware\\CheckForMaintenanceMode->handle()
#34 /home/vagrant/Code/com.pockeyt-api/vendor/laravel/framework/src/Illuminate/Pipeline/Pipeline.php(103): Illuminate\\Pipeline\\Pipeline->Illuminate\\Pipeline\\{closure}()
#35 /home/vagrant/Code/com.pockeyt-api/vendor/laravel/framework/src/Illuminate/Foundation/Http/Kernel.php(140): Illuminate\\Pipeline\\Pipeline->then()
#36 /home/vagrant/Code/com.pockeyt-api/vendor/laravel/framework/src/Illuminate/Foundation/Http/Kernel.php(109): Illuminate\\Foundation\\Http\\Kernel->sendRequestThroughRouter()
#37 /home/vagrant/Code/com.pockeyt-api/vendor/laravel/framework/src/Illuminate/Foundation/Testing/Concerns/MakesHttpRequests.php(468): Illuminate\\Foundation\\Http\\Kernel->handle()
#38 /home/vagrant/Code/com.pockeyt-api/vendor/laravel/framework/src/Illuminate/Foundation/Testing/Concerns/MakesHttpRequests.php(258): Illuminate\\Foundation\\Testing\\TestCase->call()
#39 /home/vagrant/Code/com.pockeyt-api/tests/TestCase.php(36): Illuminate\\Foundation\\Testing\\TestCase->get()
#40 /home/vagrant/Code/com.pockeyt-api/tests/Feature/Business/RefundTest.php(111): Tests\\TestCase->send()
#41 /home/vagrant/Code/com.pockeyt-api/vendor/phpunit/phpunit/src/Framework/TestCase.php(1415): Tests\\Feature\\Business\\RefundTest->test_a_business_can_retrieve_refunds_by_customer_identifier()
#42 /home/vagrant/Code/com.pockeyt-api/vendor/phpunit/phpunit/src/Framework/TestCase.php(1035): PHPUnit\\Framework\\TestCase->runTest()
#43 /home/vagrant/Code/com.pockeyt-api/vendor/phpunit/phpunit/src/Framework/TestResult.php(691): PHPUnit\\Framework\\TestCase->runBare()
#44 /home/vagrant/Code/com.pockeyt-api/vendor/phpunit/phpunit/src/Framework/TestCase.php(763): PHPUnit\\Framework\\TestResult->run()
#45 /home/vagrant/Code/com.pockeyt-api/vendor/phpunit/phpunit/src/Framework/TestSuite.php(597): PHPUnit\\Framework\\TestCase->run()
#46 /home/vagrant/Code/com.pockeyt-api/vendor/phpunit/phpunit/src/Framework/TestSuite.php(597): PHPUnit\\Framework\\TestSuite->run()
#47 /home/vagrant/Code/com.pockeyt-api/vendor/phpunit/phpunit/src/Framework/TestSuite.php(597): PHPUnit\\Framework\\TestSuite->run()
#48 /home/vagrant/Code/com.pockeyt-api/vendor/phpunit/phpunit/src/TextUI/TestRunner.php(621): PHPUnit\\Framework\\TestSuite->run()
#49 /home/vagrant/Code/com.pockeyt-api/vendor/phpunit/phpunit/src/TextUI/Command.php(204): PHPUnit\\TextUI\\TestRunner->doRun()
#50 /home/vagrant/Code/com.pockeyt-api/vendor/phpunit/phpunit/src/TextUI/Command.php(163): PHPUnit\\TextUI\\Command->run()
#51 /home/vagrant/Code/com.pockeyt-api/vendor/phpunit/phpunit/phpunit(61): PHPUnit\\TextUI\\Command::main()
#52 {main}
"} 
[2021-01-15 20:43:53] testing.ERROR: Class App\Filters\RefundFilters does not exist {"userId":1,"exception":"[object] (ReflectionException(code: 0): Class App\\Filters\\RefundFilters does not exist at /home/vagrant/Code/com.pockeyt-api/vendor/laravel/framework/src/Illuminate/Routing/RouteSignatureParameters.php:25)
[stacktrace]
#0 /home/vagrant/Code/com.pockeyt-api/vendor/laravel/framework/src/Illuminate/Routing/RouteSignatureParameters.php(25): ReflectionParameter->getClass()
#1 [internal function]: Illuminate\\Routing\\RouteSignatureParameters::Illuminate\\Routing\\{closure}()
#2 /home/vagrant/Code/com.pockeyt-api/vendor/laravel/framework/src/Illuminate/Routing/RouteSignatureParameters.php(26): array_filter()
#3 /home/vagrant/Code/com.pockeyt-api/vendor/laravel/framework/src/Illuminate/Routing/Route.php(491): Illuminate\\Routing\\RouteSignatureParameters::fromAction()
#4 /home/vagrant/Code/com.pockeyt-api/vendor/laravel/framework/src/Illuminate/Routing/ImplicitRouteBinding.php(24): Illuminate\\Routing\\Route->signatureParameters()
#5 /home/vagrant/Code/com.pockeyt-api/vendor/laravel/framework/src/Illuminate/Routing/Router.php(798): Illuminate\\Routing\\ImplicitRouteBinding::resolveForRoute()
#6 /home/vagrant/Code/com.pockeyt-api/vendor/laravel/framework/src/Illuminate/Routing/Middleware/SubstituteBindings.php(39): Illuminate\\Routing\\Router->substituteImplicitBindings()
#7 /home/vagrant/Code/com.pockeyt-api/vendor/laravel/framework/src/Illuminate/Pipeline/Pipeline.php(167): Illuminate\\Routing\\Middleware\\SubstituteBindings->handle()
#8 /home/vagrant/Code/com.pockeyt-api/vendor/laravel/framework/src/Illuminate/Auth/Middleware/Authenticate.php(44): Illuminate\\Pipeline\\Pipeline->Illuminate\\Pipeline\\{closure}()
#9 /home/vagrant/Code/com.pockeyt-api/vendor/laravel/framework/src/Illuminate/Pipeline/Pipeline.php(167): Illuminate\\Auth\\Middleware\\Authenticate->handle()
#10 /home/vagrant/Code/com.pockeyt-api/vendor/laravel/framework/src/Illuminate/Routing/Middleware/ThrottleRequests.php(59): Illuminate\\Pipeline\\Pipeline->Illuminate\\Pipeline\\{closure}()
#11 /home/vagrant/Code/com.pockeyt-api/vendor/laravel/framework/src/Illuminate/Pipeline/Pipeline.php(167): Illuminate\\Routing\\Middleware\\ThrottleRequests->handle()
#12 /home/vagrant/Code/com.pockeyt-api/vendor/laravel/framework/src/Illuminate/Pipeline/Pipeline.php(103): Illuminate\\Pipeline\\Pipeline->Illuminate\\Pipeline\\{closure}()
#13 /home/vagrant/Code/com.pockeyt-api/vendor/laravel/framework/src/Illuminate/Routing/Router.php(687): Illuminate\\Pipeline\\Pipeline->then()
#14 /home/vagrant/Code/com.pockeyt-api/vendor/laravel/framework/src/Illuminate/Routing/Router.php(662): Illuminate\\Routing\\Router->runRouteWithinStack()
#15 /home/vagrant/Code/com.pockeyt-api/vendor/laravel/framework/src/Illuminate/Routing/Router.php(628): Illuminate\\Routing\\Router->runRoute()
#16 /home/vagrant/Code/com.pockeyt-api/vendor/laravel/framework/src/Illuminate/Routing/Router.php(617): Illuminate\\Routing\\Router->dispatchToRoute()
#17 /home/vagrant/Code/com.pockeyt-api/vendor/laravel/framework/src/Illuminate/Foundation/Http/Kernel.php(165): Illuminate\\Routing\\Router->dispatch()
#18 /home/vagrant/Code/com.pockeyt-api/vendor/laravel/framework/src/Illuminate/Pipeline/Pipeline.php(128): Illuminate\\Foundation\\Http\\Kernel->Illuminate\\Foundation\\Http\\{closure}()
#19 /home/vagrant/Code/com.pockeyt-api/vendor/fruitcake/laravel-cors/src/HandleCors.php(37): Illuminate\\Pipeline\\Pipeline->Illuminate\\Pipeline\\{closure}()
#20 /home/vagrant/Code/com.pockeyt-api/vendor/laravel/framework/src/Illuminate/Pipeline/Pipeline.php(167): Fruitcake\\Cors\\HandleCors->handle()
#21 /home/vagrant/Code/com.pockeyt-api/vendor/fideloper/proxy/src/TrustProxies.php(57): Illuminate\\Pipeline\\Pipeline->Illuminate\\Pipeline\\{closure}()
#22 /home/vagrant/Code/com.pockeyt-api/vendor/laravel/framework/src/Illuminate/Pipeline/Pipeline.php(167): Fideloper\\Proxy\\TrustProxies->handle()
#23 /home/vagrant/Code/com.pockeyt-api/vendor/laravel/framework/src/Illuminate/Foundation/Http/Middleware/TransformsRequest.php(21): Illuminate\\Pipeline\\Pipeline->Illuminate\\Pipeline\\{closure}()
#24 /home/vagrant/Code/com.pockeyt-api/vendor/laravel/framework/src/Illuminate/Pipeline/Pipeline.php(167): Illuminate\\Foundation\\Http\\Middleware\\TransformsRequest->handle()
#25 /home/vagrant/Code/com.pockeyt-api/vendor/laravel/framework/src/Illuminate/Foundation/Http/Middleware/TransformsRequest.php(21): Illuminate\\Pipeline\\Pipeline->Illuminate\\Pipeline\\{closure}()
#26 /home/vagrant/Code/com.pockeyt-api/vendor/laravel/framework/src/Illuminate/Pipeline/Pipeline.php(167): Illuminate\\Foundation\\Http\\Middleware\\TransformsRequest->handle()
#27 /home/vagrant/Code/com.pockeyt-api/vendor/laravel/framework/src/Illuminate/Foundation/Http/Middleware/ValidatePostSize.php(27): Illuminate\\Pipeline\\Pipeline->Illuminate\\Pipeline\\{closure}()
#28 /home/vagrant/Code/com.pockeyt-api/vendor/laravel/framework/src/Illuminate/Pipeline/Pipeline.php(167): Illuminate\\Foundation\\Http\\Middleware\\ValidatePostSize->handle()
#29 /home/vagrant/Code/com.pockeyt-api/vendor/laravel/framework/src/Illuminate/Foundation/Http/Middleware/CheckForMaintenanceMode.php(63): Illuminate\\Pipeline\\Pipeline->Illuminate\\Pipeline\\{closure}()
#30 /home/vagrant/Code/com.pockeyt-api/vendor/laravel/framework/src/Illuminate/Pipeline/Pipeline.php(167): Illuminate\\Foundation\\Http\\Middleware\\CheckForMaintenanceMode->handle()
#31 /home/vagrant/Code/com.pockeyt-api/vendor/laravel/framework/src/Illuminate/Pipeline/Pipeline.php(103): Illuminate\\Pipeline\\Pipeline->Illuminate\\Pipeline\\{closure}()
#32 /home/vagrant/Code/com.pockeyt-api/vendor/laravel/framework/src/Illuminate/Foundation/Http/Kernel.php(140): Illuminate\\Pipeline\\Pipeline->then()
#33 /home/vagrant/Code/com.pockeyt-api/vendor/laravel/framework/src/Illuminate/Foundation/Http/Kernel.php(109): Illuminate\\Foundation\\Http\\Kernel->sendRequestThroughRouter()
#34 /home/vagrant/Code/com.pockeyt-api/vendor/laravel/framework/src/Illuminate/Foundation/Testing/Concerns/MakesHttpRequests.php(468): Illuminate\\Foundation\\Http\\Kernel->handle()
#35 /home/vagrant/Code/com.pockeyt-api/vendor/laravel/framework/src/Illuminate/Foundation/Testing/Concerns/MakesHttpRequests.php(258): Illuminate\\Foundation\\Testing\\TestCase->call()
#36 /home/vagrant/Code/com.pockeyt-api/tests/TestCase.php(36): Illuminate\\Foundation\\Testing\\TestCase->get()
#37 /home/vagrant/Code/com.pockeyt-api/tests/Feature/Business/RefundTest.php(111): Tests\\TestCase->send()
#38 /home/vagrant/Code/com.pockeyt-api/vendor/phpunit/phpunit/src/Framework/TestCase.php(1415): Tests\\Feature\\Business\\RefundTest->test_a_business_can_retrieve_refunds_by_customer_identifier()
#39 /home/vagrant/Code/com.pockeyt-api/vendor/phpunit/phpunit/src/Framework/TestCase.php(1035): PHPUnit\\Framework\\TestCase->runTest()
#40 /home/vagrant/Code/com.pockeyt-api/vendor/phpunit/phpunit/src/Framework/TestResult.php(691): PHPUnit\\Framework\\TestCase->runBare()
#41 /home/vagrant/Code/com.pockeyt-api/vendor/phpunit/phpunit/src/Framework/TestCase.php(763): PHPUnit\\Framework\\TestResult->run()
#42 /home/vagrant/Code/com.pockeyt-api/vendor/phpunit/phpunit/src/Framework/TestSuite.php(597): PHPUnit\\Framework\\TestCase->run()
#43 /home/vagrant/Code/com.pockeyt-api/vendor/phpunit/phpunit/src/Framework/TestSuite.php(597): PHPUnit\\Framework\\TestSuite->run()
#44 /home/vagrant/Code/com.pockeyt-api/vendor/phpunit/phpunit/src/Framework/TestSuite.php(597): PHPUnit\\Framework\\TestSuite->run()
#45 /home/vagrant/Code/com.pockeyt-api/vendor/phpunit/phpunit/src/TextUI/TestRunner.php(621): PHPUnit\\Framework\\TestSuite->run()
#46 /home/vagrant/Code/com.pockeyt-api/vendor/phpunit/phpunit/src/TextUI/Command.php(204): PHPUnit\\TextUI\\TestRunner->doRun()
#47 /home/vagrant/Code/com.pockeyt-api/vendor/phpunit/phpunit/src/TextUI/Command.php(163): PHPUnit\\TextUI\\Command->run()
#48 /home/vagrant/Code/com.pockeyt-api/vendor/phpunit/phpunit/phpunit(61): PHPUnit\\TextUI\\Command::main()
#49 {main}

[previous exception] [object] (ParseError(code: 0): syntax error, unexpected '$identifier' (T_VARIABLE), expecting '(' at /home/vagrant/Code/com.pockeyt-api/app/Filters/RefundFilters.php:36)
[stacktrace]
#0 /home/vagrant/Code/com.pockeyt-api/vendor/composer/ClassLoader.php(322): Composer\\Autoload\\includeFile()
#1 [internal function]: Composer\\Autoload\\ClassLoader->loadClass()
#2 [internal function]: spl_autoload_call()
#3 /home/vagrant/Code/com.pockeyt-api/vendor/laravel/framework/src/Illuminate/Routing/RouteSignatureParameters.php(25): ReflectionParameter->getClass()
#4 [internal function]: Illuminate\\Routing\\RouteSignatureParameters::Illuminate\\Routing\\{closure}()
#5 /home/vagrant/Code/com.pockeyt-api/vendor/laravel/framework/src/Illuminate/Routing/RouteSignatureParameters.php(26): array_filter()
#6 /home/vagrant/Code/com.pockeyt-api/vendor/laravel/framework/src/Illuminate/Routing/Route.php(491): Illuminate\\Routing\\RouteSignatureParameters::fromAction()
#7 /home/vagrant/Code/com.pockeyt-api/vendor/laravel/framework/src/Illuminate/Routing/ImplicitRouteBinding.php(24): Illuminate\\Routing\\Route->signatureParameters()
#8 /home/vagrant/Code/com.pockeyt-api/vendor/laravel/framework/src/Illuminate/Routing/Router.php(798): Illuminate\\Routing\\ImplicitRouteBinding::resolveForRoute()
#9 /home/vagrant/Code/com.pockeyt-api/vendor/laravel/framework/src/Illuminate/Routing/Middleware/SubstituteBindings.php(39): Illuminate\\Routing\\Router->substituteImplicitBindings()
#10 /home/vagrant/Code/com.pockeyt-api/vendor/laravel/framework/src/Illuminate/Pipeline/Pipeline.php(167): Illuminate\\Routing\\Middleware\\SubstituteBindings->handle()
#11 /home/vagrant/Code/com.pockeyt-api/vendor/laravel/framework/src/Illuminate/Auth/Middleware/Authenticate.php(44): Illuminate\\Pipeline\\Pipeline->Illuminate\\Pipeline\\{closure}()
#12 /home/vagrant/Code/com.pockeyt-api/vendor/laravel/framework/src/Illuminate/Pipeline/Pipeline.php(167): Illuminate\\Auth\\Middleware\\Authenticate->handle()
#13 /home/vagrant/Code/com.pockeyt-api/vendor/laravel/framework/src/Illuminate/Routing/Middleware/ThrottleRequests.php(59): Illuminate\\Pipeline\\Pipeline->Illuminate\\Pipeline\\{closure}()
#14 /home/vagrant/Code/com.pockeyt-api/vendor/laravel/framework/src/Illuminate/Pipeline/Pipeline.php(167): Illuminate\\Routing\\Middleware\\ThrottleRequests->handle()
#15 /home/vagrant/Code/com.pockeyt-api/vendor/laravel/framework/src/Illuminate/Pipeline/Pipeline.php(103): Illuminate\\Pipeline\\Pipeline->Illuminate\\Pipeline\\{closure}()
#16 /home/vagrant/Code/com.pockeyt-api/vendor/laravel/framework/src/Illuminate/Routing/Router.php(687): Illuminate\\Pipeline\\Pipeline->then()
#17 /home/vagrant/Code/com.pockeyt-api/vendor/laravel/framework/src/Illuminate/Routing/Router.php(662): Illuminate\\Routing\\Router->runRouteWithinStack()
#18 /home/vagrant/Code/com.pockeyt-api/vendor/laravel/framework/src/Illuminate/Routing/Router.php(628): Illuminate\\Routing\\Router->runRoute()
#19 /home/vagrant/Code/com.pockeyt-api/vendor/laravel/framework/src/Illuminate/Routing/Router.php(617): Illuminate\\Routing\\Router->dispatchToRoute()
#20 /home/vagrant/Code/com.pockeyt-api/vendor/laravel/framework/src/Illuminate/Foundation/Http/Kernel.php(165): Illuminate\\Routing\\Router->dispatch()
#21 /home/vagrant/Code/com.pockeyt-api/vendor/laravel/framework/src/Illuminate/Pipeline/Pipeline.php(128): Illuminate\\Foundation\\Http\\Kernel->Illuminate\\Foundation\\Http\\{closure}()
#22 /home/vagrant/Code/com.pockeyt-api/vendor/fruitcake/laravel-cors/src/HandleCors.php(37): Illuminate\\Pipeline\\Pipeline->Illuminate\\Pipeline\\{closure}()
#23 /home/vagrant/Code/com.pockeyt-api/vendor/laravel/framework/src/Illuminate/Pipeline/Pipeline.php(167): Fruitcake\\Cors\\HandleCors->handle()
#24 /home/vagrant/Code/com.pockeyt-api/vendor/fideloper/proxy/src/TrustProxies.php(57): Illuminate\\Pipeline\\Pipeline->Illuminate\\Pipeline\\{closure}()
#25 /home/vagrant/Code/com.pockeyt-api/vendor/laravel/framework/src/Illuminate/Pipeline/Pipeline.php(167): Fideloper\\Proxy\\TrustProxies->handle()
#26 /home/vagrant/Code/com.pockeyt-api/vendor/laravel/framework/src/Illuminate/Foundation/Http/Middleware/TransformsRequest.php(21): Illuminate\\Pipeline\\Pipeline->Illuminate\\Pipeline\\{closure}()
#27 /home/vagrant/Code/com.pockeyt-api/vendor/laravel/framework/src/Illuminate/Pipeline/Pipeline.php(167): Illuminate\\Foundation\\Http\\Middleware\\TransformsRequest->handle()
#28 /home/vagrant/Code/com.pockeyt-api/vendor/laravel/framework/src/Illuminate/Foundation/Http/Middleware/TransformsRequest.php(21): Illuminate\\Pipeline\\Pipeline->Illuminate\\Pipeline\\{closure}()
#29 /home/vagrant/Code/com.pockeyt-api/vendor/laravel/framework/src/Illuminate/Pipeline/Pipeline.php(167): Illuminate\\Foundation\\Http\\Middleware\\TransformsRequest->handle()
#30 /home/vagrant/Code/com.pockeyt-api/vendor/laravel/framework/src/Illuminate/Foundation/Http/Middleware/ValidatePostSize.php(27): Illuminate\\Pipeline\\Pipeline->Illuminate\\Pipeline\\{closure}()
#31 /home/vagrant/Code/com.pockeyt-api/vendor/laravel/framework/src/Illuminate/Pipeline/Pipeline.php(167): Illuminate\\Foundation\\Http\\Middleware\\ValidatePostSize->handle()
#32 /home/vagrant/Code/com.pockeyt-api/vendor/laravel/framework/src/Illuminate/Foundation/Http/Middleware/CheckForMaintenanceMode.php(63): Illuminate\\Pipeline\\Pipeline->Illuminate\\Pipeline\\{closure}()
#33 /home/vagrant/Code/com.pockeyt-api/vendor/laravel/framework/src/Illuminate/Pipeline/Pipeline.php(167): Illuminate\\Foundation\\Http\\Middleware\\CheckForMaintenanceMode->handle()
#34 /home/vagrant/Code/com.pockeyt-api/vendor/laravel/framework/src/Illuminate/Pipeline/Pipeline.php(103): Illuminate\\Pipeline\\Pipeline->Illuminate\\Pipeline\\{closure}()
#35 /home/vagrant/Code/com.pockeyt-api/vendor/laravel/framework/src/Illuminate/Foundation/Http/Kernel.php(140): Illuminate\\Pipeline\\Pipeline->then()
#36 /home/vagrant/Code/com.pockeyt-api/vendor/laravel/framework/src/Illuminate/Foundation/Http/Kernel.php(109): Illuminate\\Foundation\\Http\\Kernel->sendRequestThroughRouter()
#37 /home/vagrant/Code/com.pockeyt-api/vendor/laravel/framework/src/Illuminate/Foundation/Testing/Concerns/MakesHttpRequests.php(468): Illuminate\\Foundation\\Http\\Kernel->handle()
#38 /home/vagrant/Code/com.pockeyt-api/vendor/laravel/framework/src/Illuminate/Foundation/Testing/Concerns/MakesHttpRequests.php(258): Illuminate\\Foundation\\Testing\\TestCase->call()
#39 /home/vagrant/Code/com.pockeyt-api/tests/TestCase.php(36): Illuminate\\Foundation\\Testing\\TestCase->get()
#40 /home/vagrant/Code/com.pockeyt-api/tests/Feature/Business/RefundTest.php(111): Tests\\TestCase->send()
#41 /home/vagrant/Code/com.pockeyt-api/vendor/phpunit/phpunit/src/Framework/TestCase.php(1415): Tests\\Feature\\Business\\RefundTest->test_a_business_can_retrieve_refunds_by_customer_identifier()
#42 /home/vagrant/Code/com.pockeyt-api/vendor/phpunit/phpunit/src/Framework/TestCase.php(1035): PHPUnit\\Framework\\TestCase->runTest()
#43 /home/vagrant/Code/com.pockeyt-api/vendor/phpunit/phpunit/src/Framework/TestResult.php(691): PHPUnit\\Framework\\TestCase->runBare()
#44 /home/vagrant/Code/com.pockeyt-api/vendor/phpunit/phpunit/src/Framework/TestCase.php(763): PHPUnit\\Framework\\TestResult->run()
#45 /home/vagrant/Code/com.pockeyt-api/vendor/phpunit/phpunit/src/Framework/TestSuite.php(597): PHPUnit\\Framework\\TestCase->run()
#46 /home/vagrant/Code/com.pockeyt-api/vendor/phpunit/phpunit/src/Framework/TestSuite.php(597): PHPUnit\\Framework\\TestSuite->run()
#47 /home/vagrant/Code/com.pockeyt-api/vendor/phpunit/phpunit/src/Framework/TestSuite.php(597): PHPUnit\\Framework\\TestSuite->run()
#48 /home/vagrant/Code/com.pockeyt-api/vendor/phpunit/phpunit/src/TextUI/TestRunner.php(621): PHPUnit\\Framework\\TestSuite->run()
#49 /home/vagrant/Code/com.pockeyt-api/vendor/phpunit/phpunit/src/TextUI/Command.php(204): PHPUnit\\TextUI\\TestRunner->doRun()
#50 /home/vagrant/Code/com.pockeyt-api/vendor/phpunit/phpunit/src/TextUI/Command.php(163): PHPUnit\\TextUI\\Command->run()
#51 /home/vagrant/Code/com.pockeyt-api/vendor/phpunit/phpunit/phpunit(61): PHPUnit\\TextUI\\Command::main()
#52 {main}
"} 
